This is TeX, Version 3.14159 (Web2C 7.3.1) (format=latex 2000.3.7)  17 OCT 2000 23:19
**\nonstopmode\input{sbml.tex}
(sbml.tex
(/home/mhucka/projects/neuroscience/erato/cvs/docs/tex/cek-article.cls
Document Class: cek-article 2000/10/03 Caltech ERATO Kitano article class
(/usr/share/texmf/tex/latex/base/article.cls
Document Class: article 1999/01/07 v1.4a Standard LaTeX document class
(/usr/share/texmf/tex/latex/base/size10.clo
File: size10.clo 1999/01/07 v1.4a Standard LaTeX file (size option)
)
\c@part=\count79
\c@section=\count80
\c@subsection=\count81
\c@subsubsection=\count82
\c@paragraph=\count83
\c@subparagraph=\count84
\c@figure=\count85
\c@table=\count86
\abovecaptionskip=\skip41
\belowcaptionskip=\skip42
\bibindent=\dimen102
)
(/home/mhucka/projects/neuroscience/erato/cvs/docs/tex/caption.sty
Package: caption 1995/04/05 v1.4b caption package (HS)

Package: caption v1.4b <1995/04/05> (Harald Sommerfeldt)
\captionmargin=\skip43
\as@captionbox=\box26
\as@captionwidth=\skip44
) (/home/mhucka/projects/neuroscience/erato/cvs/docs/tex/alltt.sty
Package: alltt 1997/06/16 v2.0g defines alltt environment
)
(/usr/share/texmf/tex/latex/tools/verbatim.sty
Package: verbatim 1997/04/30 v1.5k LaTeX2e package for verbatim enhancements
\every@verbatim=\toks14
\verbatim@line=\toks15
\verbatim@in@stream=\read1
))
(/usr/share/texmf/tex/latex/amslatex/amsmath.sty
Package: amsmath 1997/03/20 v1.2d AMS math features
\@mathmargin=\skip45

(/usr/share/texmf/tex/latex/amslatex/amstext.sty
Package: amstext 1996/10/28 v1.2b

(/usr/share/texmf/tex/latex/amslatex/amsgen.sty
File: amsgen 1996/10/29 v1.2b
\@emptytoks=\toks16
\ex@=\dimen103
))
(/usr/share/texmf/tex/latex/amslatex/amsbsy.sty
Package: amsbsy 1996/10/28 v1.2b
\pmbraise@=\dimen104
)
(/usr/share/texmf/tex/latex/amslatex/amsopn.sty
Package: amsopn 1996/10/28 v1.2b operator names
)
LaTeX Info: Redefining \frac on input line 188.
\uproot@=\count87
\leftroot@=\count88
\classnum@=\count89
\DOTSCASE@=\count90
LaTeX Info: Redefining \dots on input line 335.
LaTeX Info: Redefining \ldots on input line 418.
LaTeX Info: Redefining \cdots on input line 422.
\Mathstrutbox@=\box27
\strutbox@=\box28
\big@size=\dimen105
LaTeX Font Info:    Redeclaring font encoding OML on input line 500.
LaTeX Font Info:    Redeclaring font encoding OMS on input line 501.
\skewcharcount@=\count91
\familycount@=\count92
\pointcount@=\count93
\accentdimen@=\dimen106
\accentmu@=\count94
\minaw@=\dimen107
\c@MaxMatrixCols=\count95
\dotsspace@=\muskip10
\c@parentequation=\count96
\dspbrk@lvl=\count97
\tag@help=\toks17
\row@=\count98
\column@=\count99
\maxfields@=\count100
\andhelp@=\toks18
\eqnshift@=\dimen108
\alignsep@=\dimen109
\tagshift@=\dimen110
\tagwidth@=\dimen111
\totwidth@=\dimen112
\lineht@=\dimen113
\@envbody=\toks19
\multlinegap=\skip46
\multlinetaggap=\skip47
)
(/usr/share/texmf/tex/latex/amsfonts/amssymb.sty
Package: amssymb 1996/11/03 v2.2b

(/usr/share/texmf/tex/latex/amsfonts/amsfonts.sty
Package: amsfonts 1997/09/17 v2.2e
\symAMSa=\mathgroup4
\symAMSb=\mathgroup5
LaTeX Font Info:    Overwriting math alphabet `\mathfrak' in version `bold'
(Font)                  U/euf/m/n --> U/euf/b/n on input line 133.
))
(/usr/share/texmf/tex/latex/graphics/graphicx.sty
Package: graphicx 1999/02/16 v1.0f Enhanced LaTeX Graphics (DPC,SPQR)

(/usr/share/texmf/tex/latex/graphics/keyval.sty
Package: keyval 1999/03/16 v1.13 key=value parser (DPC)
\KV@toks@=\toks20
)
(/usr/share/texmf/tex/latex/graphics/graphics.sty
Package: graphics 1999/02/16 v1.0l Standard LaTeX Graphics (DPC,SPQR)

(/usr/share/texmf/tex/latex/graphics/trig.sty
Package: trig 1999/03/16 v1.09 sin cos tan (DPC)
)
(/usr/share/texmf/tex/latex/config/graphics.cfg)
Package graphics Info: Driver file: dvips.def on input line 80.

(/usr/share/texmf/tex/latex/graphics/dvips.def
File: dvips.def 1999/02/16 v3.0i Driver-dependant file (DPC,SPQR)
))
\Gin@req@height=\dimen114
\Gin@req@width=\dimen115
)
(/usr/share/texmf/tex/latex/tools/array.sty
Package: array 1998/05/13 v2.3m Tabular extension package (FMi)
\col@sep=\dimen116
\extrarowheight=\dimen117
\NC@list=\toks21
\extratabsurround=\skip48
\backup@length=\skip49
)
(/home/mhucka/projects/neuroscience/erato/cvs/docs/tex/html.sty
Package: html 1999/03/12 v1.37 hypertext commands for latex2html (nd, hws, rrm)

\c@lpart=\count101
\c@lchapter=\count102
\c@chapter=\count103
\c@lsection=\count104
\c@lsubsection=\count105
\c@lsubsubsection=\count106
\c@lparagraph=\count107
\c@lsubparagraph=\count108
\c@lsubsubparagraph=\count109
\ptrfile=\write3
)
(/usr/share/texmf/tex/latex/graphics/color.sty
Package: color 1999/02/16 v1.0i Standard LaTeX Color (DPC)

(/usr/share/texmf/tex/latex/config/color.cfg)
Package color Info: Driver file: dvips.def on input line 125.

(/usr/share/texmf/tex/latex/graphics/dvipsnam.def
File: dvipsnam.def 1999/02/16 v3.0i Driver-dependant file (DPC,SPQR)
)) (sbml.aux)
\openout1 = `sbml.aux'.

LaTeX Font Info:    Checking defaults for OML/cmm/m/it on input line 26.
LaTeX Font Info:    ... okay on input line 26.
LaTeX Font Info:    Checking defaults for T1/cmr/m/n on input line 26.
LaTeX Font Info:    ... okay on input line 26.
LaTeX Font Info:    Checking defaults for OT1/cmr/m/n on input line 26.
LaTeX Font Info:    ... okay on input line 26.
LaTeX Font Info:    Checking defaults for OMS/cmsy/m/n on input line 26.
LaTeX Font Info:    ... okay on input line 26.
LaTeX Font Info:    Checking defaults for OMX/cmex/m/n on input line 26.
LaTeX Font Info:    ... okay on input line 26.
LaTeX Font Info:    Checking defaults for U/cmr/m/n on input line 26.
LaTeX Font Info:    ... okay on input line 26.
LaTeX Font Info:    Try loading font information for U+msa on input line 53.

(/usr/share/texmf/tex/latex/amsfonts/umsa.fd
File: umsa.fd 1995/01/05 v2.2e AMS font definitions
)
LaTeX Font Info:    Try loading font information for U+msb on input line 53.

(/usr/share/texmf/tex/latex/amsfonts/umsb.fd
File: umsb.fd 1995/01/05 v2.2e AMS font definitions
)
LaTeX Font Info:    Try loading font information for OMS+cmtt on input line 53.

LaTeX Font Info:    No file OMScmtt.fd. on input line 53.


LaTeX Font Warning: Font shape `OMS/cmtt/m/n' undefined
(Font)              using `OMS/cmsy/m/n' instead
(Font)              for symbol `textbraceleft' on input line 53.

(sbml.toc)
\tf@toc=\write4
\openout4 = `sbml.toc'.

 [1

]
LaTeX Font Info:    Try loading font information for OMS+cmr on input line 125.

 (/usr/share/texmf/tex/latex/base/omscmr.fd
File: omscmr.fd 1998/03/27 v2.5g Standard LaTeX font definitions
)
LaTeX Font Info:    Font shape `OMS/cmr/m/n' in size <10> not available
(Font)              Font shape `OMS/cmsy/m/n' tried instead on input line 125.
File: top-level.eps Graphic file (type eps)
 <top-level.eps>
[2]

LaTeX Font Warning: Font shape `OT1/cmss/bx/sl' undefined
(Font)              using `OT1/cmss/bx/n' instead on input line 217.

File: model.eps Graphic file (type eps)
<model.eps> [3]
File: compartment.eps Graphic file (type eps)
 <compartment.eps> [4]
File: geometry.eps Graphic file (type eps)
 <geometry.eps> [5]
File: mapping.eps Graphic file (type eps)
 <mapping.eps>
File: specie.eps Graphic file (type eps)

<specie.eps> [6]
File: parameter.eps Graphic file (type eps)
 <parameter.eps> [7]
File: rule.eps Graphic file (type eps)
 <rule.eps> [8] [9]
File: reaction.eps Graphic file (type eps)
 <reaction.eps> [10]
Overfull \hbox (5.32784pt too wide) in paragraph at lines 847--859
[]\OT1/cmr/m/n/10 The ef-fec-tive sto-i-chiom-e-try value is cre-ated by di-vid
-ing the \OT1/cmtt/m/n/10 stoichiometry \OT1/cmr/m/n/10 at-tribute value by the
 \OT1/cmtt/m/n/10 denominator
 []

[11]
Overfull \hbox (72.78696pt too wide) in paragraph at lines 919--919
 []        \OT1/cmtt/m/n/9 <specieReference specie="X0" stoichiometry="1"/>[] 
 []


Overfull \hbox (72.78696pt too wide) in paragraph at lines 922--922
 []        \OT1/cmtt/m/n/9 <specieReference specie="S1" stoichiometry="1"/>[] 
 []


Overfull \hbox (16.08762pt too wide) in paragraph at lines 926--926
 []            \OT1/cmtt/m/n/9 <parameter name="k1" value="0"/>[] 
 []


Overfull \hbox (12.07628pt too wide) in paragraph at lines 984--987
\OT1/cmr/m/n/10 Please use the group email ad-dress (\OT1/cmtt/m/n/10 sysbio@ca
ltech.edu\OT1/cmr/m/n/10 ) and web site \OT1/cmtt/m/n/10 http://www.cds.caltech
.edu/erato/
 []

[12] [13] [14] [15] [16] [17] [18] [19] [20]
Overfull \hbox (0.99153pt too wide) in paragraph at lines 1644--1644
[]|\OT1/cmr/bx/n/10 Name| 
 []


Overfull \hbox (4.14868pt too wide) in paragraph at lines 1644--1644
[]|\OT1/cmr/bx/n/10 Args.| 
 []


Overfull \hbox (11.69696pt too wide) in paragraph at lines 1709--1803
[][] 
 []


LaTeX Warning: Float too large for page by 5.04791pt on input line 1805.


Overfull \hbox (11.69696pt too wide) in paragraph at lines 1811--1921
[][] 
 []


Overfull \hbox (0.53673pt too wide) in paragraph at lines 1930--1930
[]|\OT1/cmr/bx/n/10 Name| 
 []


Overfull \hbox (0.59253pt too wide) in paragraph at lines 1982--1982
[]|\OT1/cmr/m/n/10 ordubr| 
 []


Overfull \hbox (0.59253pt too wide) in paragraph at lines 1993--1993
[]|\OT1/cmr/m/n/10 ordbur| 
 []


Overfull \hbox (0.59253pt too wide) in paragraph at lines 2005--2005
[]|\OT1/cmr/m/n/10 ordbbr| 
 []


Overfull \hbox (2.6955pt too wide) in paragraph at lines 2026--2026
[] 
 []


Overfull \hbox (1.66663pt too wide) in alignment at lines 2026--2026
[] []
 []


Overfull \hbox (4.4695pt too wide) in paragraph at lines 1928--2030
[][] 
 []


LaTeX Warning: Float too large for page by 5.85889pt on input line 2091.

[21] [22] [23] [24] [25] [26] [27

] (sbml.aux)

LaTeX Font Warning: Some font shapes were not available, defaults substituted.

 ) 
Here is how much of TeX's memory you used:
 2027 strings out of 10898
 23226 string characters out of 96882
 120798 words of memory out of 263001
 4929 multiletter control sequences out of 10000+0
 17480 words of font info for 66 fonts, out of 400000 for 1000
 14 hyphenation exceptions out of 1000
 30i,30n,24p,913b,502s stack positions out of 300i,100n,500p,50000b,4000s

Output written on sbml.dvi (27 pages, 110536 bytes).
