This is TeX, Version 3.14159 (Web2C 7.3.1) (format=latex 2000.12.29)  14 MAR 2001 15:26
**./images.tex
(./images.tex
LaTeX2e <1999/12/01> patch level 1
Babel <v3.6Z> and hyphenation patterns for american, french, german, ngerman, i
talian, portuges, russian, spanish, nohyphenation, loaded.

(/home/mhucka/projects/sysbio/sbw/docs/tex/cekarticle.cls
Document Class: cekarticle 2000/10/03 Caltech ERATO Kitano article class
(/usr/share/texmf/tex/latex/base/article.cls
Document Class: article 1999/09/10 v1.4a Standard LaTeX document class
(/usr/share/texmf/tex/latex/base/size10.clo
File: size10.clo 1999/09/10 v1.4a Standard LaTeX file (size option)
)
\c@part=\count79
\c@section=\count80
\c@subsection=\count81
\c@subsubsection=\count82
\c@paragraph=\count83
\c@subparagraph=\count84
\c@figure=\count85
\c@table=\count86
\abovecaptionskip=\skip41
\belowcaptionskip=\skip42
\bibindent=\dimen102
) (/home/mhucka/lib/tex/old/alltt.sty) (/usr/share/texmf/tex/latex/tools/verbat
im.sty
Package: verbatim 2000/01/07 v1.5m LaTeX2e package for verbatim enhancements
\every@verbatim=\toks14
\verbatim@line=\toks15
\verbatim@in@stream=\read1
) (/home/mhucka/lib/tex/latex/booktabs/booktabs.sty
Package: booktabs 1995/11/06 v1.00 publication quality tables
\heavyrulewidth=\dimen103
\lightrulewidth=\dimen104
\cmidrulewidth=\dimen105
\belowrulesep=\dimen106
\aboverulesep=\dimen107
\cmidrulesep=\dimen108
\cmidrulekern=\dimen109
\defaultaddspace=\dimen110
\rulesflag=\count87
\@cmidrulewidth=\dimen111
\@cmidla=\count88
\@cmidlb=\count89
) (/usr/share/texmf/tex/latex/natbib/natbib.sty
Package: natbib 1999/05/28 7.0 (PWD)
\bibhang=\skip43
\bibsep=\skip44
LaTeX Info: Redefining \cite on input line 508.
\c@NAT@ctr=\count90
) (/usr/share/texmf/tex/latex/graphics/graphicx.sty
Package: graphicx 1999/02/16 v1.0f Enhanced LaTeX Graphics (DPC,SPQR)
(/usr/share/texmf/tex/latex/graphics/keyval.sty
Package: keyval 1999/03/16 v1.13 key=value parser (DPC)
\KV@toks@=\toks16
) (/usr/share/texmf/tex/latex/graphics/graphics.sty
Package: graphics 1999/02/16 v1.0l Standard LaTeX Graphics (DPC,SPQR)
(/usr/share/texmf/tex/latex/graphics/trig.sty
Package: trig 1999/03/16 v1.09 sin cos tan (DPC)
) (/usr/share/texmf/tex/latex/config/graphics.cfg)
Package graphics Info: Driver file: dvips.def on input line 80.
(/usr/share/texmf/tex/latex/graphics/dvips.def
File: dvips.def 1999/02/16 v3.0i Driver-dependant file (DPC,SPQR)
))
\Gin@req@height=\dimen112
\Gin@req@width=\dimen113
) (/home/mhucka/projects/sysbio/sbw/docs/tex/html.sty
Package: html 1999/03/12 v1.37 hypertext commands for latex2html (nd, hws, rrm)

\c@lpart=\count91
\c@lchapter=\count92
\c@chapter=\count93
\c@lsection=\count94
\c@lsubsection=\count95
\c@lsubsubsection=\count96
\c@lparagraph=\count97
\c@lsubparagraph=\count98
\c@lsubsubparagraph=\count99
\ptrfile=\write3
) (/usr/share/texmf/tex/latex/hyperref/hyperref.sty
Package: hyperref 2000/05/08 v6.70f Hypertext links for LaTeX
\@linkdim=\dimen114
\Hy@linkcounter=\count100
\Hy@pagecounter=\count101
(/usr/share/texmf/tex/latex/hyperref/pd1enc.def
File: pd1enc.def 2000/05/08 v6.70f Hyperref: PDFDocEncoding definition (HO)
)
Package hyperref Info: Option `breaklinks' set `true' on input line 1425.
Package hyperref Info: Bookmarks ON on input line 1483.
Package hyperref Info: Hyper figures OFF on input line 1502.
Package hyperref Info: Link nesting OFF on input line 1507.
Package hyperref Info: Hyper index ON on input line 1510.
Package hyperref Info: Plain pages ON on input line 1515.
Package hyperref Info: Backreferencing OFF on input line 1522.
Implicit mode ON; LaTeX internals redefined
(/usr/share/texmf/tex/latex/html/url.sty
Package: url 1999/03/02  ver 1.4  Verb mode for urls, email addresses, and file
 names
)
\Fld@menulength=\count102
\Field@Width=\dimen115
\Fld@charsize=\dimen116
\Choice@toks=\toks17
\Field@toks=\toks18
Package hyperref Info: Hyper figures OFF on input line 2153.
Package hyperref Info: Link nesting OFF on input line 2158.
Package hyperref Info: Hyper index ON on input line 2161.
Package hyperref Info: backreferencing OFF on input line 2168.
Package hyperref Info: Link coloring OFF on input line 2173.
\c@Item=\count103
\c@Hfootnote=\count104
)
*hyperref using driver hdvips*
(/usr/share/texmf/tex/latex/hyperref/hdvips.def
File: hdvips.def 2000/05/08 v6.70f Hyperref driver for dvips
(/usr/share/texmf/tex/latex/hyperref/pdfmark.def
File: pdfmark.def 2000/05/08 v6.70f Hyperref definitions for pdfmark specials
\pdf@docset=\toks19
\pdf@box=\box26
\pdf@toks=\toks20
\pdf@defaulttoks=\toks21
\Fld@listcount=\count105
\@outlinefile=\write4
))
\captionmargin=\skip45
\as@captionbox=\box27
\as@captionwidth=\skip46
) (/usr/share/texmf/tex/latex/base/ifthen.sty
Package: ifthen 1999/09/10 v1.1b Standard LaTeX ifthen package (DPC)
) (/usr/share/texmf/tex/latex/amsmath/amsmath.sty
Package: amsmath 2000/01/15 v2.05 AMS math features
\@mathmargin=\skip47
For additional information on amsmath, use the `?' option.
(/usr/share/texmf/tex/latex/amsmath/amstext.sty
Package: amstext 1999/11/15 v2.0
(/usr/share/texmf/tex/latex/amsmath/amsgen.sty
File: amsgen.sty 1999/11/30 v2.0
\@emptytoks=\toks22
\ex@=\dimen117
)) (/usr/share/texmf/tex/latex/amsmath/amsbsy.sty
Package: amsbsy 1999/11/29 v1.2d
\pmbraise@=\dimen118
) (/usr/share/texmf/tex/latex/amsmath/amsopn.sty
Package: amsopn 1999/12/14 v2.01 operator names
)
\inf@bad=\count106
LaTeX Info: Redefining \frac on input line 198.
\uproot@=\count107
\leftroot@=\count108
LaTeX Info: Redefining \overline on input line 302.
\classnum@=\count109
\DOTSCASE@=\count110
LaTeX Info: Redefining \ldots on input line 376.
LaTeX Info: Redefining \dots on input line 379.
LaTeX Info: Redefining \cdots on input line 464.
\Mathstrutbox@=\box28
\strutbox@=\box29
\big@size=\dimen119
LaTeX Font Info:    Redeclaring font encoding OML on input line 563.
LaTeX Font Info:    Redeclaring font encoding OMS on input line 564.
\macc@skew=\dimen120
\c@MaxMatrixCols=\count111
\dotsspace@=\muskip10
\c@parentequation=\count112
\dspbrk@lvl=\count113
\tag@help=\toks23
\row@=\count114
\column@=\count115
\maxfields@=\count116
\andhelp@=\toks24
\eqnshift@=\dimen121
\alignsep@=\dimen122
\tagshift@=\dimen123
\tagwidth@=\dimen124
\totwidth@=\dimen125
\lineht@=\dimen126
\@envbody=\toks25
\multlinegap=\skip48
\multlinetaggap=\skip49
LaTeX Info: Redefining \[ on input line 2594.
LaTeX Info: Redefining \] on input line 2595.
) (/usr/share/texmf/tex/latex/amsfonts/amssymb.sty
Package: amssymb 1996/11/03 v2.2b
(/usr/share/texmf/tex/latex/amsfonts/amsfonts.sty
Package: amsfonts 1997/09/17 v2.2e
\symAMSa=\mathgroup4
\symAMSb=\mathgroup5
LaTeX Font Info:    Overwriting math alphabet `\mathfrak' in version `bold'
(Font)                  U/euf/m/n --> U/euf/b/n on input line 133.
)) (/usr/share/texmf/tex/latex/tools/array.sty
Package: array 1998/05/13 v2.3m Tabular extension package (FMi)
\col@sep=\dimen127
\extrarowheight=\dimen128
\NC@list=\toks26
\extratabsurround=\skip50
\backup@length=\skip51
) (/usr/share/texmf/tex/latex/graphics/color.sty
Package: color 1999/02/16 v1.0i Standard LaTeX Color (DPC)
(/usr/share/texmf/tex/latex/config/color.cfg)
Package color Info: Driver file: dvips.def on input line 125.
(/usr/share/texmf/tex/latex/graphics/dvipsnam.def
File: dvipsnam.def 1999/02/16 v3.0i Driver-dependant file (DPC,SPQR)
)) (/usr/share/texmf/tex/latex/base/inputenc.sty
Package: inputenc 1999/09/17 v0.992 Input encoding file 
(/usr/share/texmf/tex/latex/base/latin1.def
File: latin1.def 1999/09/17 v0.992 Input encoding file 
))
\sizebox=\box30
\lthtmlwrite=\write5
(images.aux)
\openout1 = `images.aux'.

LaTeX Font Info:    Checking defaults for OML/cmm/m/it on input line 130.
LaTeX Font Info:    ... okay on input line 130.
LaTeX Font Info:    Checking defaults for T1/cmr/m/n on input line 130.
LaTeX Font Info:    ... okay on input line 130.
LaTeX Font Info:    Checking defaults for OT1/cmr/m/n on input line 130.
LaTeX Font Info:    ... okay on input line 130.
LaTeX Font Info:    Checking defaults for OMS/cmsy/m/n on input line 130.
LaTeX Font Info:    ... okay on input line 130.
LaTeX Font Info:    Checking defaults for OMX/cmex/m/n on input line 130.
LaTeX Font Info:    ... okay on input line 130.
LaTeX Font Info:    Checking defaults for U/cmr/m/n on input line 130.
LaTeX Font Info:    ... okay on input line 130.
LaTeX Font Info:    Checking defaults for PD1/pdf/m/n on input line 130.
LaTeX Font Info:    ... okay on input line 130.
Package hyperref Info: Link coloring OFF on input line 130.
(/usr/share/texmf/tex/latex/hyperref/nameref.sty
Package: nameref 2000/05/08 v2.18 Cross-referencing by name of section
\c@section@level=\count117
)
\openout4 = `images.out'.

LaTeX Info: Redefining \ref on input line 130.
LaTeX Info: Redefining \pageref on input line 130.

latex2htmlLength hsize=349.0pt

latex2htmlLength vsize=721.73553pt

latex2htmlLength hoffset=0.0pt

latex2htmlLength voffset=0.0pt

latex2htmlLength topmargin=0.0pt

latex2htmlLength topskip=0.00003pt

latex2htmlLength headheight=0.0pt

latex2htmlLength headsep=0.0pt

latex2htmlLength parskip=5.59721pt

latex2htmlLength oddsidemargin=0.0pt

latex2htmlLength evensidemargin=0.0pt

LaTeX Font Info:    Try loading font information for U+msa on input line 154.
(/usr/share/texmf/tex/latex/amsfonts/umsa.fd
File: umsa.fd 1995/01/05 v2.2e AMS font definitions
)
LaTeX Font Info:    Try loading font information for U+msb on input line 154.
(/usr/share/texmf/tex/latex/amsfonts/umsb.fd
File: umsb.fd 1995/01/05 v2.2e AMS font definitions
)
l2hSize :tex2html_wrap_inline5662:7.44444pt::7.44444pt::36.07162pt.
[1



]
l2hSize :tex2html_wrap_inline5664:8.0pt::8.0pt::43.84943pt.
[2


]
l2hSize :tex2html_wrap_inline5666:7.44444pt::7.44444pt::38.84941pt.
[3


]
l2hSize :tex2html_wrap_inline5668:8.0pt::8.0pt::46.62721pt.
[4


]
l2hSize :tex2html_wrap_inline5670:6.95831pt::6.95831pt::8.27783pt.
[5


]
l2hSize :tex2html_wrap_inline5672:6.95831pt::6.95831pt::8.27783pt.
[6


]
l2hSize :tex2html_wrap_inline5682:7.33331pt::7.33331pt::34.92244pt.
[7


]
l2hSize :tex2html_wrap_inline5684:7.33331pt::7.33331pt::29.70132pt.
[8


]
l2hSize :tex2html_wrap_inline5686:7.33331pt::7.33331pt::25.54158pt.
[9


]
l2hSize :tex2html_wrap_inline5688:7.33331pt::7.33331pt::26.6423pt.
[10


]
l2hSize :displaymath5727:67.6061pt::0.0pt::349.0pt.
[11


]
l2hSize :tex2html_wrap_inline5731:8.14003pt::0.0pt::17.26399pt.
[12


]
File: top-level.eps Graphic file (type eps)
<top-level.eps>
Overfull \hbox (33.22632pt too wide) in paragraph at lines 233--234
 [][] 
 []

l2hSize :figure94:186.46596pt::0.0pt::349.0pt.
[13


]
File: identified.eps Graphic file (type eps)
<identified.eps>
l2hSize :figure113:38.22238pt::0.0pt::349.0pt.
[14


]
l2hSize :example132:60.8823pt::0.0pt::349.0pt.
[15


]
l2hSize :tex2html_wrap_inline5836:6.45831pt::0.0pt::5.50005pt.
[16


]
l2hSize :tex2html_wrap_inline5838:8.0pt::8.0pt::5.50005pt.
[17


]
l2hSize :tex2html_wrap_inline5926:8.0pt::8.0pt::81.16925pt.
[18


]
File: model.eps Graphic file (type eps)
<model.eps>
l2hSize :figure251:89.41307pt::0.0pt::349.0pt.
[19


]
l2hSize :example275:196.88737pt::0.0pt::349.0pt.
[20


]
File: unitdefinition.eps Graphic file (type eps)
<unitdefinition.eps>
l2hSize :figure290:50.50815pt::0.0pt::349.0pt.
[21


]
l2hSize :tex2html_wrap_inline5937:8.14003pt::0.0pt::72.15416pt.
[22


]
l2hSize :tex2html_wrap_inline5939:6.45831pt::0.0pt::26.99318pt.
[23


]
l2hSize :tex2html_wrap_inline5941:8.14003pt::0.0pt::42.32768pt.
[24


]
l2hSize :tex2html_wrap_inline5945:6.95831pt::6.95831pt::13.27785pt.
[25


]
l2hSize :tex2html_wrap_inline5947:8.64003pt::8.64003pt::54.66441pt.
[26


]
l2hSize :tex2html_wrap_inline5994:8.14003pt::0.0pt::62.09512pt.
[27


]
l2hSize :example343:94.03664pt::0.0pt::349.0pt.
[28


]
l2hSize :example366:112.73677pt::0.0pt::349.0pt.
[29


]
File: compartment.eps Graphic file (type eps)
<compartment.eps>
l2hSize :figure378:68.06374pt::0.0pt::349.0pt.
[30


]
l2hSize :example401:94.03664pt::0.0pt::349.0pt.
[31


]
l2hSize :example409:84.68657pt::0.0pt::349.0pt.
[32


]
File: specie.eps Graphic file (type eps)
<specie.eps>
l2hSize :figure416:79.85747pt::0.0pt::349.0pt.
[33


]
Overfull \hbox (2.02124pt too wide) in paragraph at lines 449--449
 []        \OT1/cmtt/m/n/9 <specie name="Glucose" compartment="cell" initialAmo
unt="4"/>[] 
 []


Overfull \hbox (35.09586pt too wide) in paragraph at lines 450--450
 []        \OT1/cmtt/m/n/9 <specie name="Glucose_6_P" compartment="cell" initia
lAmount="0.75"/>[] 
 []

l2hSize :example442:93.28665pt::0.0pt::349.0pt.
[34


]
File: parameter.eps Graphic file (type eps)
<parameter.eps>
l2hSize :figure450:49.14305pt::0.0pt::349.0pt.
[35


]
l2hSize :example474:140.78697pt::0.0pt::349.0pt.
[36


]
l2hSize :tex2html_wrap_inline6034:6.45831pt::0.0pt::6.2153pt.
[37


]
l2hSize :tex2html_wrap_inline6036:6.95831pt::6.95831pt::5.76163pt.
[38


]
l2hSize :tex2html_wrap_inline6038:7.44444pt::7.44444pt::6.47229pt.
[39


]
l2hSize :tex2html_wrap_inline6040:6.83331pt::0.0pt::8.30907pt.
[40


]
l2hSize :tex2html_wrap_inline6042:8.0pt::8.0pt::50.55205pt.
[41


]
l2hSize :tex2html_wrap_inline6044:8.0pt::8.0pt::41.10762pt.
[42


]
l2hSize :tex2html_wrap_inline6046:8.0pt::8.0pt::70.28816pt.
[43


]
File: rule.eps Graphic file (type eps)
<rule.eps>
Overfull \hbox (44.14455pt too wide) in paragraph at lines 532--533
 [] 
 []

l2hSize :figure497:141.60378pt::0.0pt::349.0pt.
[44


]
l2hSize :tex2html_wrap_inline6061:8.0pt::8.0pt::51.2673pt.
[45


]
l2hSize :tex2html_wrap_inline6067:6.94444pt::0.0pt::43.77444pt.
[46


]
l2hSize :tex2html_wrap_inline6069:6.94444pt::0.0pt::32.89482pt.
[47


]
Overfull \hbox (6.74619pt too wide) in paragraph at lines 568--568
 []        \OT1/cmtt/m/n/9 <specieConcentrationRule specie="s2" formula="k * t/
(1 + k)"/>[] 
 []

l2hSize :example557:94.03664pt::0.0pt::349.0pt.
[48


]
File: reaction.eps Graphic file (type eps)
<reaction.eps>
Overfull \hbox (40.0493pt too wide) in paragraph at lines 580--581
 [][] 
 []

l2hSize :figure564:152.88954pt::0.0pt::349.0pt.
[49


]
l2hSize :example606:131.4369pt::0.0pt::349.0pt.
[50


]
l2hSize :tex2html_wrap_inline6081:8.0pt::8.0pt::69.2671pt.
[51


]
l2hSize :tex2html_wrap_inline6083:7.44444pt::7.44444pt::97.49414pt.
[52


]
l2hSize :example630:187.53731pt::0.0pt::349.0pt.
[53


]
Overfull \hbox (35.09586pt too wide) in paragraph at lines 665--665
 []            \OT1/cmtt/m/n/9 <specie name="S1" initialAmount="0" compartment=
"compartmentOne"[] 
 []


Overfull \hbox (35.09586pt too wide) in paragraph at lines 667--667
 []            \OT1/cmtt/m/n/9 <specie name="X0" initialAmount="0" compartment=
"compartmentOne"[] 
 []


Overfull \hbox (35.09586pt too wide) in paragraph at lines 669--669
 []            \OT1/cmtt/m/n/9 <specie name="X1" initialAmount="0" compartment=
"compartmentOne"[] 
 []


Overfull \hbox (35.09586pt too wide) in paragraph at lines 671--671
 []            \OT1/cmtt/m/n/9 <specie name="X2" initialAmount="0" compartment=
"compartmentOne"[] 
 []

l2hSize :example646:636.34053pt::0.0pt::349.0pt.
[54


]
l2hSize :tex2html_wrap_inline6092:6.45831pt::0.0pt::5.50005pt.
[55


]
l2hSize :example670:570.89006pt::0.0pt::349.0pt.
[56


]
l2hSize :tex2html_wrap_inline6095:7.33331pt::7.33331pt::93.9442pt.
[57


]
l2hSize :tex2html_wrap_inline6097:7.33331pt::7.33331pt::37.29161pt.
[58


]
Overfull \hbox (25.64597pt too wide) in paragraph at lines 832--832
 []            \OT1/cmtt/m/n/9 <specieConcentrationRule specie="s2" formula="k 
* t/(1 + k)"/>[] 
 []

l2hSize :example674:430.63905pt::0.0pt::349.0pt.
[59


]
LaTeX Font Info:    Try loading font information for OMS+cmtt on input line 878
.
LaTeX Font Info:    No file OMScmtt.fd. on input line 878.

LaTeX Font Warning: Font shape `OMS/cmtt/m/n' undefined
(Font)              using `OMS/cmsy/m/n' instead
(Font)              for symbol `textbraceleft' on input line 878.

l2hSize :example720:48.78632pt::0.0pt::349.0pt.
[60


]
l2hSize :tex2html_wrap_inline6109:6.45831pt::0.0pt::13.27785pt.
[61


]
l2hSize :tex2html_wrap_inline6121:6.95831pt::6.95831pt::66.21518pt.
[62


]
l2hSize :tex2html_wrap_inline6123:8.0pt::8.0pt::70.86679pt.
[63


]
l2hSize :tex2html_wrap_inline6131:8.0pt::8.0pt::99.97638pt.
[64


]
l2hSize :tex2html_wrap_inline6137:8.0pt::8.0pt::100.74075pt.
[65


]
l2hSize :tex2html_wrap_inline6149:6.6428pt::0.0pt::10.19102pt.
[66


]
l2hSize :tex2html_wrap_inline6151:6.45831pt::0.0pt::5.1563pt.
[67


]
l2hSize :tex2html_wrap_inline6161:6.95831pt::6.95831pt::24.54854pt.
[68


]
l2hSize :tex2html_wrap_inline6169:6.95831pt::6.95831pt::15.92131pt.
[69


]
l2hSize :tex2html_wrap_inline6171:6.6428pt::0.0pt::11.02205pt.
[70


]
l2hSize :tex2html_wrap_inline6175:8.14003pt::0.0pt::10.70143pt.
[71


]
l2hSize :tex2html_wrap_inline6179:8.50272pt::8.50272pt::14.54866pt.
[72


]
l2hSize :tex2html_wrap_inline6181:6.95831pt::6.95831pt::24.54854pt.
[73


]
l2hSize :tex2html_wrap_inline6183:8.0pt::8.0pt::50.23723pt.
[74


]
l2hSize :tex2html_wrap_inline6193:7.4512pt::7.4512pt::32.87834pt.
[75


]
l2hSize :tex2html_wrap_inline6288:7.33331pt::7.33331pt::9.96126pt.
[76


]
l2hSize :tex2html_wrap_inline6290:6.94444pt::0.0pt::6.02087pt.
[77


]
l2hSize :tex2html_wrap_inline6292:8.00006pt::8.00006pt::50.12834pt.
[78


]
l2hSize :tex2html_wrap_inline6296:7.33331pt::7.33331pt::11.13373pt.
[79


]
l2hSize :tex2html_wrap_inline6298:7.44444pt::7.44444pt::10.1922pt.
[80


]
l2hSize :tex2html_wrap_inline6300:7.44444pt::7.44444pt::10.1922pt.
[81


]
l2hSize :tex2html_wrap_inline6302:8.00006pt::8.00006pt::103.83896pt.
[82


]
l2hSize :tex2html_wrap_inline6304:6.83331pt::0.0pt::7.20834pt.
[83


]
l2hSize :tex2html_wrap_inline6306:7.33331pt::7.33331pt::13.92947pt.
[84


]
l2hSize :tex2html_wrap_inline6308:7.33331pt::7.33331pt::16.5892pt.
[85


]
l2hSize :tex2html_wrap_indisplay6309:14.09839pt::14.09839pt::56.45888pt.
[86


]
l2hSize :tex2html_wrap_inline6315:7.33331pt::7.33331pt::11.51744pt.
[87


]
l2hSize :tex2html_wrap_inline6317:7.33331pt::7.33331pt::10.76161pt.
[88


]
l2hSize :tex2html_wrap_inline6319:7.33331pt::7.33331pt::20.36353pt.
[89


]
l2hSize :tex2html_wrap_inline6321:7.33331pt::7.33331pt::20.71155pt.
[90


]
l2hSize :tex2html_wrap_indisplay6322:22.96494pt::22.96494pt::99.81538pt.
[91


]
l2hSize :tex2html_wrap_inline6330:7.33331pt::7.33331pt::20.57533pt.
[92


]
l2hSize :tex2html_wrap_inline6332:7.33331pt::7.33331pt::20.57533pt.
[93


]
l2hSize :tex2html_wrap_inline6334:7.33331pt::7.33331pt::17.20354pt.
[94


]
l2hSize :tex2html_wrap_indisplay6335:22.4001pt::22.4001pt::89.6218pt.
[95


]
l2hSize :tex2html_wrap_inline6347:7.33331pt::7.33331pt::15.15166pt.
[96


]
l2hSize :tex2html_wrap_indisplay6350:22.4001pt::22.4001pt::156.31303pt.
[97


]
l2hSize :tex2html_wrap_inline6354:6.83331pt::0.0pt::8.55559pt.
[98


]
l2hSize :tex2html_wrap_inline6356:7.33331pt::7.33331pt::17.47923pt.
[99


]
l2hSize :tex2html_wrap_inline6358:6.94444pt::0.0pt::6.26161pt.
[100


]
l2hSize :tex2html_wrap_indisplay6359:15.7551pt::15.7551pt::62.53065pt.
[101


]
l2hSize :tex2html_wrap_inline6369:7.33331pt::7.33331pt::17.76743pt.
[102


]
l2hSize :tex2html_wrap_indisplay6374:24.789pt::24.789pt::189.16135pt.
[103


]
l2hSize :tex2html_wrap_inline6378:6.83331pt::0.0pt::11.29169pt.
[104


]
l2hSize :tex2html_wrap_inline6390:6.45831pt::0.0pt::6.93407pt.
[105


]
l2hSize :tex2html_wrap_indisplay6391:24.789pt::24.789pt::189.16135pt.
[106


]
l2hSize :tex2html_wrap_indisplay6392:24.789pt::24.789pt::208.21408pt.
[107


]
l2hSize :tex2html_wrap_inline6408:6.45831pt::0.0pt::5.78592pt.
[108


]
l2hSize :tex2html_wrap_inline6410:6.94444pt::0.0pt::4.79169pt.
[109


]
l2hSize :tex2html_wrap_inline6412:6.95831pt::6.95831pt::11.38318pt.
[110


]
l2hSize :tex2html_wrap_inline6414:6.95831pt::6.95831pt::11.38318pt.
[111


]
l2hSize :tex2html_wrap_inline6416:6.95831pt::6.95831pt::15.36931pt.
[112


]
l2hSize :tex2html_wrap_indisplay6418:17.389pt::17.389pt::102.42961pt.
[113


]

! Package amsmath Error: \begin{split} won't work here.

See the amsmath package documentation for explanation.
Type  H <return>  for immediate help.
 ...                                              
                                                  
l.1213 ...b_{0.5}} \right)^h \biggr] \end{split} }
                                                  $%
\Did you forget a preceding \begin{equation}?
If not, perhaps the `aligned' environment is what you want. 

l2hSize :tex2html_wrap_indisplay6419:24.789pt::24.789pt::141.51094pt.
[114


]
l2hSize :tex2html_wrap_inline6512:7.33331pt::7.33331pt::12.32237pt.
[115


]
l2hSize :tex2html_wrap_indisplay6513:14.76508pt::14.76508pt::114.19785pt.
[116


]
l2hSize :tex2html_wrap_indisplay6528:14.76508pt::14.76508pt::154.60376pt.
[117


]
l2hSize :tex2html_wrap_inline6534:7.33331pt::7.33331pt::17.60506pt.
[118


]
l2hSize :tex2html_wrap_inline6536:7.33331pt::7.33331pt::16.84116pt.
[119


]
l2hSize :tex2html_wrap_indisplay6537:16.80399pt::16.80399pt::162.71243pt.
[120


]
l2hSize :tex2html_wrap_indisplay6546:14.76508pt::14.76508pt::100.12839pt.
[121


]
l2hSize :tex2html_wrap_indisplay6561:14.76508pt::14.76508pt::151.92319pt.
[122


]
l2hSize :tex2html_wrap_inline6565:6.83331pt::0.0pt::5.68057pt.
[123


]
l2hSize :tex2html_wrap_indisplay6572:14.76508pt::14.76508pt::148.79787pt.
[124


]
l2hSize :tex2html_wrap_indisplay6587:14.76508pt::14.76508pt::208.37047pt.
[125


]
l2hSize :tex2html_wrap_indisplay6598:14.76508pt::14.76508pt::114.57283pt.
[126


]
l2hSize :tex2html_wrap_indisplay6615:14.76508pt::14.76508pt::170.8121pt.
[127


]
l2hSize :tex2html_wrap_inline6625:7.33331pt::7.33331pt::16.0967pt.
[128


]
l2hSize :tex2html_wrap_inline6627:7.33331pt::7.33331pt::15.89612pt.
[129


]
l2hSize :tex2html_wrap_indisplay6628:14.76508pt::14.76508pt::156.14594pt.
[130


]
l2hSize :tex2html_wrap_inline6630:7.33331pt::7.33331pt::30.19785pt.
[131


]
l2hSize :tex2html_wrap_inline6632:7.33331pt::7.33331pt::29.00122pt.
[132


]
l2hSize :tex2html_wrap_inline6634:7.33331pt::7.33331pt::47.79724pt.
[133


]
l2hSize :tex2html_wrap_inline6636:7.33331pt::7.33331pt::35.9372pt.
[134


]
l2hSize :tex2html_wrap_indisplay6637:14.76508pt::14.76508pt::212.38521pt.
[135


]
l2hSize :tex2html_wrap_inline6641:7.33331pt::7.33331pt::12.07379pt.
[136


]
l2hSize :tex2html_wrap_inline6647:7.33331pt::7.33331pt::13.83073pt.
[137


]
l2hSize :tex2html_wrap_indisplay6648:14.76508pt::14.76508pt::107.47441pt.
[138


]
l2hSize :tex2html_wrap_indisplay6665:14.76508pt::14.76508pt::155.93588pt.
[139


]
l2hSize :tex2html_wrap_indisplay6676:14.76508pt::14.76508pt::163.48991pt.
[140


]
l2hSize :tex2html_wrap_indisplay6802:14.76508pt::14.76508pt::219.72919pt.
[141


]
l2hSize :tex2html_wrap_inline6812:6.83331pt::0.0pt::19.68175pt.
[142


]
l2hSize :tex2html_wrap_inline6814:6.83331pt::0.0pt::19.32181pt.
[143


]
l2hSize :tex2html_wrap_indisplay6815:14.76508pt::14.76508pt::174.832pt.
[144


]
l2hSize :tex2html_wrap_inline6831:7.33331pt::7.33331pt::17.60506pt.
[145


]
l2hSize :tex2html_wrap_inline6833:7.33331pt::7.33331pt::17.40448pt.
[146


]
l2hSize :tex2html_wrap_indisplay6834:14.76508pt::14.76508pt::230.41058pt.
[147


]
l2hSize :tex2html_wrap_inline6844:7.33331pt::7.33331pt::13.65596pt.
[148


]
l2hSize :tex2html_wrap_indisplay6849:14.76508pt::14.76508pt::174.63985pt.
[149


]
l2hSize :tex2html_wrap_indisplay6870:14.76508pt::14.76508pt::230.87912pt.
[150


]
l2hSize :tex2html_wrap_inline6878:7.33331pt::7.33331pt::13.26741pt.
[151


]
l2hSize :tex2html_wrap_inline6882:6.45831pt::0.0pt::6.50238pt.
[152


]
l2hSize :tex2html_wrap_inline6884:6.83331pt::0.0pt::7.3056pt.
[153


]
l2hSize :tex2html_wrap_indisplay6885:16.80399pt::16.80399pt::151.77249pt.
[154


]
l2hSize :tex2html_wrap_inline6887:6.83331pt::0.0pt::8.00005pt.
[155


]
l2hSize :tex2html_wrap_inline6891:7.33331pt::7.33331pt::8.40558pt.
[156


]
l2hSize :tex2html_wrap_inline6897:7.33331pt::7.33331pt::20.92685pt.
[157


]
l2hSize :tex2html_wrap_inline6899:7.33331pt::7.33331pt::20.50554pt.
[158


]
l2hSize :tex2html_wrap_inline6903:7.33331pt::7.33331pt::16.44472pt.
[159


]

! Package amsmath Error: \begin{split} won't work here.

See the amsmath package documentation for explanation.
Type  H <return>  for immediate help.
 ...                                              
                                                  
l.1507 ...{mp} Q + P Q\right) \biggr] \end{split}}
                                                  $%
\Did you forget a preceding \begin{equation}?
If not, perhaps the `aligned' environment is what you want. 

l2hSize :tex2html_wrap_indisplay6906:14.76508pt::14.76508pt::99.04135pt.
[160


]
l2hSize :tex2html_wrap_inline6910:6.83331pt::0.0pt::8.58684pt.
[161


]
l2hSize :tex2html_wrap_inline6920:6.94444pt::0.0pt::22.78015pt.
[162


]
l2hSize :tex2html_wrap_inline6924:7.33331pt::7.33331pt::16.66002pt.
[163


]

! Package amsmath Error: \begin{split} won't work here.

See the amsmath package documentation for explanation.
Type  H <return>  for immediate help.
 ...                                              
                                                  
l.1531 ...{ia}\right) \right) \biggr] \end{split}}
                                                  $%
\Did you forget a preceding \begin{equation}?
If not, perhaps the `aligned' environment is what you want. 

l2hSize :tex2html_wrap_indisplay6927:14.76508pt::14.76508pt::98.66705pt.
[164


]
l2hSize :tex2html_wrap_inline6941:7.33331pt::7.33331pt::20.10587pt.
[165


]
l2hSize :tex2html_wrap_inline6947:7.33331pt::7.33331pt::15.83904pt.
[166


]
l2hSize :tex2html_wrap_indisplay6952:14.76508pt::14.76508pt::233.31584pt.
[167


]
l2hSize :tex2html_wrap_indisplay6953:8.0pt::8.0pt::204.42259pt.
[168


]
l2hSize :tex2html_wrap_indisplay6954:8.0pt::8.0pt::225.87138pt.
[169


]
l2hSize :tex2html_wrap_inline6978:7.33331pt::7.33331pt::16.23871pt.
[170


]
l2hSize :tex2html_wrap_indisplay6981:14.76508pt::14.76508pt::200.9353pt.
[171


]
l2hSize :tex2html_wrap_indisplay6982:8.0pt::8.0pt::238.3065pt.
[172


]
l2hSize :tex2html_wrap_inline7077:7.33331pt::7.33331pt::29.62492pt.
[173


]
l2hSize :tex2html_wrap_inline7081:7.33331pt::7.33331pt::29.62492pt.
[174


]
l2hSize :tex2html_wrap_inline7093:7.33331pt::7.33331pt::13.47922pt.
[175


]
l2hSize :tex2html_wrap_inline7095:7.33331pt::7.33331pt::13.47922pt.
[176


]
l2hSize :tex2html_wrap_inline7105:7.33331pt::7.33331pt::63.55533pt.
[177


]
l2hSize :tex2html_wrap_inline7139:8.0pt::8.0pt::40.0567pt.
[178


]
l2hSize :tex2html_wrap_inline7159:8.0pt::8.0pt::47.07867pt.
[179


]
l2hSize :tex2html_wrap_inline7189:7.33331pt::7.33331pt::21.04869pt.
[180


]
l2hSize :tex2html_wrap_inline7193:6.83331pt::0.0pt::25.54158pt.
[181


]
l2hSize :tex2html_wrap_inline7195:6.83331pt::0.0pt::26.6423pt.
[182


]
l2hSize :tex2html_wrap_inline7199:7.33331pt::7.33331pt::21.75356pt.
[183


]
l2hSize :tex2html_wrap_inline7203:6.83331pt::0.0pt::50.76718pt.
[184


]
l2hSize :tex2html_wrap_inline7209:7.33331pt::7.33331pt::21.46536pt.
[185


]
l2hSize :tex2html_wrap_inline7213:7.33331pt::7.33331pt::60.21161pt.
[186


]
l2hSize :tex2html_wrap_inline7225:7.33331pt::7.33331pt::76.97195pt.
[187


]
l2hSize :tex2html_wrap_inline7231:7.33331pt::7.33331pt::80.29489pt.
[188


]
l2hSize :tex2html_wrap_inline7233:7.33331pt::7.33331pt::58.71158pt.
[189


] (images.aux)

LaTeX Font Warning: Some font shapes were not available, defaults substituted.

 ) 
Here is how much of TeX's memory you used:
 3895 strings out of 20863
 47882 string characters out of 196072
 118099 words of memory out of 350001
 6811 multiletter control sequences out of 10000+15000
 6060 words of font info for 25 fonts, out of 400000 for 1000
 26 hyphenation exceptions out of 10000
 32i,19n,25p,1147b,484s stack positions out of 3000i,100n,1500p,50000b,4000s

Output written on images.dvi (189 pages, 103888 bytes).
