\BOOKMARK [1][-]{section.1}{\376\377\0001\000\040\000\040\000I\000n\000t\000r\000o\000d\000u\000c\000t\000i\000o\000n\000\040\000a\000n\000d\000\040\000m\000o\000t\000i\000v\000a\000t\000i\000o\000n\000\040}{}% 1
\BOOKMARK [2][-]{subsection.1.1}{\376\377\0001\000.\0001\000\040\000P\000r\000o\000p\000o\000s\000a\000l\000\040\000c\000o\000r\000r\000e\000s\000p\000o\000n\000d\000i\000n\000g\000\040\000t\000o\000\040\000t\000h\000i\000s\000\040\000p\000a\000c\000k\000a\000g\000e\000\040\000s\000p\000e\000c\000i\000f\000i\000c\000a\000t\000i\000o\000n}{section.1}% 2
\BOOKMARK [2][-]{subsection.1.2}{\376\377\0001\000.\0002\000\040\000T\000r\000a\000c\000k\000i\000n\000g\000\040\000n\000u\000m\000b\000e\000r}{section.1}% 3
\BOOKMARK [2][-]{subsection.1.3}{\376\377\0001\000.\0003\000\040\000P\000a\000c\000k\000a\000g\000e\000\040\000d\000e\000p\000e\000n\000d\000e\000n\000c\000i\000e\000s}{section.1}% 4
\BOOKMARK [2][-]{subsection.1.4}{\376\377\0001\000.\0004\000\040\000D\000o\000c\000u\000m\000e\000n\000t\000\040\000c\000o\000n\000v\000e\000n\000t\000i\000o\000n\000s}{section.1}% 5
\BOOKMARK [1][-]{section.2}{\376\377\0002\000\040\000B\000a\000c\000k\000g\000r\000o\000u\000n\000d}{}% 6
\BOOKMARK [2][-]{subsection.2.1}{\376\377\0002\000.\0001\000\040\000P\000r\000o\000b\000l\000e\000m\000s\000\040\000w\000i\000t\000h\000\040\000c\000u\000r\000r\000e\000n\000t\000\040\000S\000B\000M\000L\000\040\000a\000p\000p\000r\000o\000a\000c\000h\000e\000s}{section.2}% 7
\BOOKMARK [2][-]{subsection.2.2}{\376\377\0002\000.\0002\000\040\000P\000a\000s\000t\000\040\000w\000o\000r\000k\000\040\000o\000n\000\040\000t\000h\000i\000s\000\040\000p\000r\000o\000b\000l\000e\000m\000\040\000o\000r\000\040\000s\000i\000m\000i\000l\000a\000r\000\040\000t\000o\000p\000i\000c\000s}{section.2}% 8
\BOOKMARK [1][-]{section.3}{\376\377\0003\000\040\000P\000r\000o\000p\000o\000s\000e\000d\000\040\000s\000y\000n\000t\000a\000x\000\040\000a\000n\000d\000\040\000s\000e\000m\000a\000n\000t\000i\000c\000s}{}% 9
\BOOKMARK [2][-]{subsection.3.1}{\376\377\0003\000.\0001\000\040\000N\000a\000m\000e\000s\000p\000a\000c\000e\000\040\000U\000R\000I\000\040\000a\000n\000d\000\040\000o\000t\000h\000e\000r\000\040\000d\000e\000c\000l\000a\000r\000a\000t\000i\000o\000n\000s\000\040\000n\000e\000c\000e\000s\000s\000a\000r\000y\000\040\000f\000o\000r\000\040\000u\000s\000i\000n\000g\000\040\000t\000h\000i\000s\000\040\000p\000a\000c\000k\000a\000g\000e}{section.3}% 10
\BOOKMARK [2][-]{subsection.3.2}{\376\377\0003\000.\0002\000\040\000P\000r\000i\000m\000i\000t\000i\000v\000e\000\040\000d\000a\000t\000a\000\040\000t\000y\000p\000e\000s}{section.3}% 11
\BOOKMARK [3][-]{subsubsection.3.2.1}{\376\377\0003\000.\0002\000.\0001\000\040\000T\000y\000p\000e\000\040\000F\000b\000c\000T\000y\000p\000e}{subsection.3.2}% 12
\BOOKMARK [3][-]{subsubsection.3.2.2}{\376\377\0003\000.\0002\000.\0002\000\040\000T\000y\000p\000e\000\040\000F\000b\000c\000V\000a\000r\000i\000a\000b\000l\000e\000T\000y\000p\000e}{subsection.3.2}% 13
\BOOKMARK [2][-]{subsection.3.3}{\376\377\0003\000.\0003\000\040\000T\000h\000e\000\040\000e\000x\000t\000e\000n\000d\000e\000d\000\040\000M\000o\000d\000e\000l\000\040\000c\000l\000a\000s\000s}{section.3}% 14
\BOOKMARK [3][-]{subsubsection.3.3.1}{\376\377\0003\000.\0003\000.\0001\000\040\000T\000h\000e\000\040\000F\000B\000C\000\040\000l\000i\000s\000t\000O\000f\000O\000b\000j\000e\000c\000t\000i\000v\000e\000s}{subsection.3.3}% 15
\BOOKMARK [3][-]{subsubsection.3.3.2}{\376\377\0003\000.\0003\000.\0002\000\040\000T\000h\000e\000\040\000F\000B\000C\000\040\000l\000i\000s\000t\000O\000f\000G\000e\000n\000e\000P\000r\000o\000d\000u\000c\000t\000s}{subsection.3.3}% 16
\BOOKMARK [3][-]{subsubsection.3.3.3}{\376\377\0003\000.\0003\000.\0003\000\040\000T\000h\000e\000\040\000F\000B\000C\000\040\000l\000i\000s\000t\000O\000f\000U\000s\000e\000r\000D\000e\000f\000i\000n\000e\000d\000C\000o\000n\000s\000t\000r\000a\000i\000n\000t\000s}{subsection.3.3}% 17
\BOOKMARK [3][-]{subsubsection.3.3.4}{\376\377\0003\000.\0003\000.\0004\000\040\000A\000\040\000n\000o\000t\000e\000\040\000o\000n\000\040\000u\000n\000i\000t\000s}{subsection.3.3}% 18
\BOOKMARK [2][-]{subsection.3.4}{\376\377\0003\000.\0004\000\040\000T\000h\000e\000\040\000e\000x\000t\000e\000n\000d\000e\000d\000\040\000S\000p\000e\000c\000i\000e\000s\000\040\000c\000l\000a\000s\000s}{section.3}% 19
\BOOKMARK [2][-]{subsection.3.5}{\376\377\0003\000.\0005\000\040\000T\000h\000e\000\040\000F\000B\000C\000\040\000G\000e\000n\000e\000P\000r\000o\000d\000u\000c\000t\000\040\000c\000l\000a\000s\000s}{section.3}% 20
\BOOKMARK [2][-]{subsection.3.6}{\376\377\0003\000.\0006\000\040\000T\000h\000e\000\040\000F\000B\000C\000\040\000O\000b\000j\000e\000c\000t\000i\000v\000e\000\040\000c\000l\000a\000s\000s}{section.3}% 21
\BOOKMARK [2][-]{subsection.3.7}{\376\377\0003\000.\0007\000\040\000T\000h\000e\000\040\000F\000B\000C\000\040\000F\000l\000u\000x\000O\000b\000j\000e\000c\000t\000i\000v\000e\000\040\000c\000l\000a\000s\000s}{section.3}% 22
\BOOKMARK [2][-]{subsection.3.8}{\376\377\0003\000.\0008\000\040\000T\000h\000e\000\040\000e\000x\000t\000e\000n\000d\000e\000d\000\040\000R\000e\000a\000c\000t\000i\000o\000n\000\040\000c\000l\000a\000s\000s}{section.3}% 23
\BOOKMARK [2][-]{subsection.3.9}{\376\377\0003\000.\0009\000\040\000T\000h\000e\000\040\000F\000B\000C\000\040\000G\000e\000n\000e\000P\000r\000o\000d\000u\000c\000t\000A\000s\000s\000o\000c\000i\000a\000t\000i\000o\000n\000\040\000c\000l\000a\000s\000s}{section.3}% 24
\BOOKMARK [2][-]{subsection.3.10}{\376\377\0003\000.\0001\0000\000\040\000T\000h\000e\000\040\000F\000B\000C\000\040\000A\000s\000s\000o\000c\000i\000a\000t\000i\000o\000n\000\040\000c\000l\000a\000s\000s}{section.3}% 25
\BOOKMARK [2][-]{subsection.3.11}{\376\377\0003\000.\0001\0001\000\040\000T\000h\000e\000\040\000F\000B\000C\000\040\000G\000e\000n\000e\000P\000r\000o\000d\000u\000c\000t\000R\000e\000f\000\040\000c\000l\000a\000s\000s}{section.3}% 26
\BOOKMARK [2][-]{subsection.3.12}{\376\377\0003\000.\0001\0002\000\040\000T\000h\000e\000\040\000F\000B\000C\000\040\000A\000n\000d\000\040\000c\000l\000a\000s\000s}{section.3}% 27
\BOOKMARK [2][-]{subsection.3.13}{\376\377\0003\000.\0001\0003\000\040\000T\000h\000e\000\040\000F\000B\000C\000\040\000O\000r\000\040\000c\000l\000a\000s\000s}{section.3}% 28
\BOOKMARK [2][-]{subsection.3.14}{\376\377\0003\000.\0001\0004\000\040\000T\000h\000e\000\040\000F\000B\000C\000\040\000U\000s\000e\000r\000D\000e\000f\000i\000n\000e\000d\000C\000o\000n\000s\000t\000r\000a\000i\000n\000t\000\040\000c\000l\000a\000s\000s}{section.3}% 29
\BOOKMARK [2][-]{subsection.3.15}{\376\377\0003\000.\0001\0005\000\040\000T\000h\000e\000\040\000F\000B\000C\000\040\000U\000s\000e\000r\000D\000e\000f\000i\000n\000e\000d\000C\000o\000n\000s\000t\000r\000a\000i\000n\000t\000C\000o\000m\000p\000o\000n\000e\000n\000t\000\040\000c\000l\000a\000s\000s}{section.3}% 30
\BOOKMARK [2][-]{subsection.3.16}{\376\377\0003\000.\0001\0006\000\040\000T\000h\000e\000\040\000F\000B\000C\000\040\000L\000i\000s\000t\000O\000f\000K\000e\000y\000V\000a\000l\000u\000e\000P\000a\000i\000r\000s\000\040\000c\000l\000a\000s\000s}{section.3}% 31
\BOOKMARK [2][-]{subsection.3.17}{\376\377\0003\000.\0001\0007\000\040\000T\000h\000e\000\040\000F\000B\000C\000\040\000K\000e\000y\000V\000a\000l\000u\000e\000P\000a\000i\000r\000\040\000c\000l\000a\000s\000s}{section.3}% 32
\BOOKMARK [1][-]{section.4}{\376\377\0004\000\040\000I\000l\000l\000u\000s\000t\000r\000a\000t\000i\000v\000e\000\040\000e\000x\000a\000m\000p\000l\000e\000s\000\040\000o\000f\000\040\000t\000h\000e\000\040\000F\000B\000C\000\040\000s\000y\000n\000t\000a\000x}{}% 33
\BOOKMARK [2][-]{subsection.4.1}{\376\377\0004\000.\0001\000\040\000E\000x\000a\000m\000p\000l\000e\000\040\000o\000n\000e\000:\000\040\000t\000h\000e\000\040\000b\000a\000s\000i\000c\000\040\000F\000B\000C\000\040\000s\000y\000n\000t\000a\000x}{section.4}% 34
\BOOKMARK [3][-]{subsubsection.4.1.1}{\376\377\0004\000.\0001\000.\0001\000\040\000K\000i\000n\000e\000t\000i\000c\000\040\000m\000o\000d\000e\000l\000\040\000d\000e\000s\000c\000r\000i\000p\000t\000i\000o\000n}{subsection.4.1}% 35
\BOOKMARK [3][-]{subsubsection.4.1.2}{\376\377\0004\000.\0001\000.\0002\000\040\000F\000l\000u\000x\000\040\000B\000o\000u\000n\000d\000s}{subsection.4.1}% 36
\BOOKMARK [3][-]{subsubsection.4.1.3}{\376\377\0004\000.\0001\000.\0003\000\040\000O\000b\000j\000e\000c\000t\000i\000v\000e\000\040\000f\000u\000n\000c\000t\000i\000o\000n}{subsection.4.1}% 37
\BOOKMARK [3][-]{subsubsection.4.1.4}{\376\377\0004\000.\0001\000.\0004\000\040\000C\000o\000m\000p\000l\000e\000t\000e\000\040\000w\000o\000r\000k\000e\000d\000\040\000e\000x\000a\000m\000p\000l\000e}{subsection.4.1}% 38
\BOOKMARK [1][-]{section.5}{\376\377\0005\000\040\000B\000e\000s\000t\000\040\000p\000r\000a\000c\000t\000i\000c\000e\000s}{}% 39
\BOOKMARK [2][-]{subsection.5.1}{\376\377\0005\000.\0001\000\040\000E\000x\000a\000m\000p\000l\000e\000s\000\040\000c\000o\000n\000t\000r\000a\000s\000t\000i\000n\000g\000\040\000t\000h\000e\000\040\000c\000u\000r\000r\000e\000n\000t\000\040\000S\000B\000M\000L\000\040\000L\0002\000\040\000e\000n\000c\000o\000d\000i\000n\000g\000\040\000w\000i\000t\000h\000\040\000L\0003\000\040\000a\000n\000d\000\040\000F\000B\000C}{section.5}% 40
\BOOKMARK [2][-]{subsection.5.2}{\376\377\0005\000.\0002\000\040\000A\000n\000\040\000e\000x\000a\000m\000p\000l\000e\000\040\000o\000f\000\040\000a\000\040\000s\000t\000r\000i\000c\000t\000\040\000F\000B\000C\000\040\000V\000e\000r\000s\000i\000o\000n\000\040\0002\000\040\000m\000o\000d\000e\000l\000\040\000\050\000X\000M\000L\000\051}{section.5}% 41
\BOOKMARK [1][-]{appendix.A}{\376\377\000A\000\040\000V\000a\000l\000i\000d\000a\000t\000i\000o\000n\000\040\000o\000f\000\040\000S\000B\000M\000L\000\040\000d\000o\000c\000u\000m\000e\000n\000t\000s}{}% 42
\BOOKMARK [2][-]{subsection.A.1}{\376\377\000A\000.\0001\000\040\000V\000a\000l\000i\000d\000a\000t\000i\000o\000n\000\040\000a\000n\000d\000\040\000c\000o\000n\000s\000i\000s\000t\000e\000n\000c\000y\000\040\000r\000u\000l\000e\000s}{appendix.A}% 43
\BOOKMARK [1][-]{appendix.B}{\376\377\000B\000\040\000T\000h\000e\000\040\000S\000y\000s\000t\000e\000m\000s\000\040\000B\000i\000o\000l\000o\000g\000y\000\040\000O\000n\000t\000o\000l\000o\000g\000y\000\040\000a\000n\000d\000\040\000t\000h\000e\000\040\000s\000b\000o\000T\000e\000r\000m\000\040\000a\000t\000t\000r\000i\000b\000u\000t\000e}{}% 44
\BOOKMARK [1][-]{section*.67}{\376\377\000A\000c\000k\000n\000o\000w\000l\000e\000d\000g\000m\000e\000n\000t\000s}{}% 45
\BOOKMARK [1][-]{section*.68}{\376\377\000R\000e\000f\000e\000r\000e\000n\000c\000e\000s\000\040}{}% 46
