This is pdfTeX, Version 3.141592653-2.6-1.40.24 (MiKTeX 22.8.28) (preloaded format=pdflatex 2022.10.5)  5 OCT 2022 17:40
entering extended mode
 restricted \write18 enabled.
 %&-line parsing enabled.
**./main.tex
(main.tex
LaTeX2e <2022-06-01> patch level 5
L3 programming layer <2022-08-30> (sbmlpkgspec.cls
Document Class: sbmlpkgspec 2019/12/08 SBML Level 3 Package Specification Style

(C:\Program Files\MiKTeX\tex/latex/base\article.cls
Document Class: article 2021/10/04 v1.4n Standard LaTeX document class
(C:\Program Files\MiKTeX\tex/latex/base\size10.clo
File: size10.clo 2021/10/04 v1.4n Standard LaTeX file (size option)
)
\c@part=\count185
\c@section=\count186
\c@subsection=\count187
\c@subsubsection=\count188
\c@paragraph=\count189
\c@subparagraph=\count190
\c@figure=\count191
\c@table=\count192
\abovecaptionskip=\skip47
\belowcaptionskip=\skip48
\bibindent=\dimen138
)
(C:\Users\bgoli\AppData\Roaming\MiKTeX\tex/latex/lastpage\lastpage.sty
Package: lastpage 2021/09/03 v1.2n Refers to last page's name (HMM; JPG)
)
(C:\Program Files\MiKTeX\tex/generic/iftex\ifpdf.sty
Package: ifpdf 2019/10/25 v3.4 ifpdf legacy package. Use iftex instead.

(C:\Program Files\MiKTeX\tex/generic/iftex\iftex.sty
Package: iftex 2022/02/03 v1.0f TeX engine tests
))
(C:\Users\bgoli\AppData\Roaming\MiKTeX\tex/latex/booktabs\booktabs.sty
Package: booktabs 2020/01/12 v1.61803398 Publication quality tables
\heavyrulewidth=\dimen139
\lightrulewidth=\dimen140
\cmidrulewidth=\dimen141
\belowrulesep=\dimen142
\belowbottomsep=\dimen143
\aboverulesep=\dimen144
\abovetopsep=\dimen145
\cmidrulesep=\dimen146
\cmidrulekern=\dimen147
\defaultaddspace=\dimen148
\@cmidla=\count193
\@cmidlb=\count194
\@aboverulesep=\dimen149
\@belowrulesep=\dimen150
\@thisruleclass=\count195
\@lastruleclass=\count196
\@thisrulewidth=\dimen151
)
(C:\Program Files\MiKTeX\tex/latex/tools\multicol.sty
Package: multicol 2021/10/28 v1.9b multicolumn formatting (FMi)
\c@tracingmulticols=\count197
\mult@box=\box51
\multicol@leftmargin=\dimen152
\c@unbalance=\count198
\c@collectmore=\count199
\doublecol@number=\count266
\multicoltolerance=\count267
\multicolpretolerance=\count268
\full@width=\dimen153
\page@free=\dimen154
\premulticols=\dimen155
\postmulticols=\dimen156
\multicolsep=\skip49
\multicolbaselineskip=\skip50
\partial@page=\box52
\last@line=\box53
\maxbalancingoverflow=\dimen157
\mult@rightbox=\box54
\mult@grightbox=\box55
\mult@firstbox=\box56
\mult@gfirstbox=\box57
\@tempa=\box58
\@tempa=\box59
\@tempa=\box60
\@tempa=\box61
\@tempa=\box62
\@tempa=\box63
\@tempa=\box64
\@tempa=\box65
\@tempa=\box66
\@tempa=\box67
\@tempa=\box68
\@tempa=\box69
\@tempa=\box70
\@tempa=\box71
\@tempa=\box72
\@tempa=\box73
\@tempa=\box74
\@tempa=\box75
\@tempa=\box76
\@tempa=\box77
\@tempa=\box78
\@tempa=\box79
\@tempa=\box80
\@tempa=\box81
\@tempa=\box82
\@tempa=\box83
\@tempa=\box84
\@tempa=\box85
\@tempa=\box86
\@tempa=\box87
\@tempa=\box88
\@tempa=\box89
\@tempa=\box90
\@tempa=\box91
\@tempa=\box92
\@tempa=\box93
\c@minrows=\count269
\c@columnbadness=\count270
\c@finalcolumnbadness=\count271
\last@try=\dimen158
\multicolovershoot=\dimen159
\multicolundershoot=\dimen160
\mult@nat@firstbox=\box94
\colbreak@box=\box95
\mc@col@check@num=\count272
)
(C:\Program Files\MiKTeX\tex/latex/tools\array.sty
Package: array 2021/10/04 v2.5f Tabular extension package (FMi)
\col@sep=\dimen161
\ar@mcellbox=\box96
\extrarowheight=\dimen162
\NC@list=\toks16
\extratabsurround=\skip51
\backup@length=\skip52
\ar@cellbox=\box97
)
(C:\Users\bgoli\AppData\Roaming\MiKTeX\tex/latex/natbib\natbib.sty
Package: natbib 2010/09/13 8.31b (PWD, AO)
\bibhang=\skip53
\bibsep=\skip54
LaTeX Info: Redefining \cite on input line 694.
\c@NAT@ctr=\count273
)
(C:\Program Files\MiKTeX\tex/latex/tools\xspace.sty
Package: xspace 2014/10/28 v1.13 Space after command names (DPC,MH)
)
(C:\Users\bgoli\AppData\Roaming\MiKTeX\tex/latex/carlisle\scalefnt.sty)
(C:\Users\bgoli\AppData\Roaming\MiKTeX\tex/latex/psnfss\pifont.sty
Package: pifont 2020/03/25 PSNFSS-v9.3 Pi font support (SPQR) 
LaTeX Font Info:    Trying to load font information for U+pzd on input line 63.


(C:\Users\bgoli\AppData\Roaming\MiKTeX\tex/latex/psnfss\upzd.fd
File: upzd.fd 2001/06/04 font definitions for U/pzd.
)
LaTeX Font Info:    Trying to load font information for U+psy on input line 64.


(C:\Users\bgoli\AppData\Roaming\MiKTeX\tex/latex/psnfss\upsy.fd
File: upsy.fd 2001/06/04 font definitions for U/psy.
))
(C:\Users\bgoli\AppData\Roaming\MiKTeX\tex/latex/lineno\lineno.sty
Package: lineno 2005/11/02 line numbers on paragraphs v4.41
\linenopenalty=\count274
\output=\toks17
\linenoprevgraf=\count275
\linenumbersep=\dimen163
\linenumberwidth=\dimen164
\c@linenumber=\count276
\c@pagewiselinenumber=\count277
\c@LN@truepage=\count278

(C:\Users\bgoli\AppData\Roaming\MiKTeX\tex/latex/lineno\edtable.sty
Package: edtable 2005/10/03 v1.3c arrays with lineno + ednotes (ul)
\@ET@toks=\toks18
\@ET@offset=\dimen165
\ETextraoffset=\dimen166
\c@ET@array=\count279
)
\c@internallinenumber=\count280
\c@internallinenumbers=\count281
\quotelinenumbersep=\dimen167
\bframerule=\dimen168
\bframesep=\dimen169
\bframebox=\box98
LaTeX Info: Redefining \\ on input line 3056.
)
(C:\Program Files\MiKTeX\tex/latex/tools\calc.sty
Package: calc 2017/05/25 v4.3 Infix arithmetic (KKT,FJ)
\calc@Acount=\count282
\calc@Bcount=\count283
\calc@Adimen=\dimen170
\calc@Bdimen=\dimen171
\calc@Askip=\skip55
\calc@Bskip=\skip56
LaTeX Info: Redefining \setlength on input line 80.
LaTeX Info: Redefining \addtolength on input line 81.
\calc@Ccount=\count284
\calc@Cskip=\skip57
)
(C:\Users\bgoli\AppData\Roaming\MiKTeX\tex/latex/fancyhdr\fancyhdr.sty
Package: fancyhdr 2022/05/18 v4.0.3 Extensive control of page headers and foote
rs
\f@nch@headwidth=\skip58
\f@nch@O@elh=\skip59
\f@nch@O@erh=\skip60
\f@nch@O@olh=\skip61
\f@nch@O@orh=\skip62
\f@nch@O@elf=\skip63
\f@nch@O@erf=\skip64
\f@nch@O@olf=\skip65
\f@nch@O@orf=\skip66
)
(C:\Users\bgoli\AppData\Roaming\MiKTeX\tex/latex/fancybox\fancybox.sty
Package: fancybox 2010/05/15 1.4

Style option: `fancybox' v1.4 <2010/05/15> (tvz)
\@fancybox=\box99
\shadowsize=\dimen172
\@Sbox=\box100
\do@VerbBox=\toks19
\the@fancyput=\toks20
\this@fancyput=\toks21
\EndVerbatimTokens=\toks22
\Verbatim@Outfile=\write3
\Verbatim@Infile=\read2
) (C:\Program Files\MiKTeX\tex/latex/amsmath\amsmath.sty
Package: amsmath 2022/04/08 v2.17n AMS math features
\@mathmargin=\skip67

For additional information on amsmath, use the `?' option.
(C:\Program Files\MiKTeX\tex/latex/amsmath\amstext.sty
Package: amstext 2021/08/26 v2.01 AMS text

(C:\Program Files\MiKTeX\tex/latex/amsmath\amsgen.sty
File: amsgen.sty 1999/11/30 v2.0 generic functions
\@emptytoks=\toks23
\ex@=\dimen173
))
(C:\Program Files\MiKTeX\tex/latex/amsmath\amsbsy.sty
Package: amsbsy 1999/11/29 v1.2d Bold Symbols
\pmbraise@=\dimen174
)
(C:\Program Files\MiKTeX\tex/latex/amsmath\amsopn.sty
Package: amsopn 2022/04/08 v2.04 operator names
)
\inf@bad=\count285
LaTeX Info: Redefining \frac on input line 234.
\uproot@=\count286
\leftroot@=\count287
LaTeX Info: Redefining \overline on input line 399.
LaTeX Info: Redefining \colon on input line 410.
\classnum@=\count288
\DOTSCASE@=\count289
LaTeX Info: Redefining \ldots on input line 496.
LaTeX Info: Redefining \dots on input line 499.
LaTeX Info: Redefining \cdots on input line 620.
\Mathstrutbox@=\box101
\strutbox@=\box102
LaTeX Info: Redefining \big on input line 722.
LaTeX Info: Redefining \Big on input line 723.
LaTeX Info: Redefining \bigg on input line 724.
LaTeX Info: Redefining \Bigg on input line 725.
\big@size=\dimen175
LaTeX Font Info:    Redeclaring font encoding OML on input line 743.
LaTeX Font Info:    Redeclaring font encoding OMS on input line 744.
\macc@depth=\count290
LaTeX Info: Redefining \bmod on input line 905.
LaTeX Info: Redefining \pmod on input line 910.
LaTeX Info: Redefining \smash on input line 940.
LaTeX Info: Redefining \relbar on input line 970.
LaTeX Info: Redefining \Relbar on input line 971.
\c@MaxMatrixCols=\count291
\dotsspace@=\muskip16
\c@parentequation=\count292
\dspbrk@lvl=\count293
\tag@help=\toks24
\row@=\count294
\column@=\count295
\maxfields@=\count296
\andhelp@=\toks25
\eqnshift@=\dimen176
\alignsep@=\dimen177
\tagshift@=\dimen178
\tagwidth@=\dimen179
\totwidth@=\dimen180
\lineht@=\dimen181
\@envbody=\toks26
\multlinegap=\skip68
\multlinetaggap=\skip69
\mathdisplay@stack=\toks27
LaTeX Info: Redefining \[ on input line 2953.
LaTeX Info: Redefining \] on input line 2954.
)
(C:\Program Files\MiKTeX\tex/latex/amsfonts\amssymb.sty
Package: amssymb 2013/01/14 v3.01 AMS font symbols

(C:\Program Files\MiKTeX\tex/latex/amsfonts\amsfonts.sty
Package: amsfonts 2013/01/14 v3.01 Basic AMSFonts support
\symAMSa=\mathgroup4
\symAMSb=\mathgroup5
LaTeX Font Info:    Redeclaring math symbol \hbar on input line 98.
LaTeX Font Info:    Overwriting math alphabet `\mathfrak' in version `bold'
(Font)                  U/euf/m/n --> U/euf/b/n on input line 106.
))
(C:\Users\bgoli\AppData\Roaming\MiKTeX\tex/latex/bbding\bbding.sty
Package: bbding 1999/04/15 v1.01 Dingbats symbols
)
(C:\Users\bgoli\AppData\Roaming\MiKTeX\tex/latex/wasysym\wasysym.sty
Package: wasysym 2020/01/19 v2.4 Wasy-2 symbol support package
\symwasy=\mathgroup6
LaTeX Font Info:    Overwriting symbol font `wasy' in version `bold'
(Font)                  U/wasy/m/n --> U/wasy/b/n on input line 93.
)
(C:\Users\bgoli\AppData\Roaming\MiKTeX\tex/latex/enumitem\enumitem.sty
Package: enumitem 2019/06/20 v3.9 Customized lists
\enitkv@toks@=\toks28
\labelindent=\skip70
\enit@outerparindent=\dimen182
\enit@toks=\toks29
\enit@inbox=\box103
\enit@count@id=\count297
\enitdp@description=\count298
)
(C:\Users\bgoli\AppData\Roaming\MiKTeX\tex/latex/accsupp\accsupp.sty
Package: accsupp 2019/12/05 v0.6 Accessibility support by marked content (HO)

(C:\Users\bgoli\AppData\Roaming\MiKTeX\tex/generic/pdfescape\pdfescape.sty
Package: pdfescape 2019/12/09 v1.15 Implements pdfTeX's escape features (HO)

(C:\Users\bgoli\AppData\Roaming\MiKTeX\tex/generic/ltxcmds\ltxcmds.sty
Package: ltxcmds 2020-05-10 v1.25 LaTeX kernel commands for general use (HO)
)
(C:\Program Files\MiKTeX\tex/generic/pdftexcmds\pdftexcmds.sty
Package: pdftexcmds 2020-06-27 v0.33 Utility functions of pdfTeX for LuaTeX (HO
)

(C:\Users\bgoli\AppData\Roaming\MiKTeX\tex/generic/infwarerr\infwarerr.sty
Package: infwarerr 2019/12/03 v1.5 Providing info/warning/error messages (HO)
)
Package pdftexcmds Info: \pdf@primitive is available.
Package pdftexcmds Info: \pdf@ifprimitive is available.
Package pdftexcmds Info: \pdfdraftmode found.
))
(C:\Users\bgoli\AppData\Roaming\MiKTeX\tex/latex/kvoptions\kvoptions.sty
Package: kvoptions 2022-06-15 v3.15 Key value format for package options (HO)

(C:\Program Files\MiKTeX\tex/latex/graphics\keyval.sty
Package: keyval 2022/05/29 v1.15 key=value parser (DPC)
\KV@toks@=\toks30
)
(C:\Users\bgoli\AppData\Roaming\MiKTeX\tex/generic/kvsetkeys\kvsetkeys.sty
Package: kvsetkeys 2019/12/15 v1.18 Key value parser (HO)
))
(C:\Users\bgoli\AppData\Roaming\MiKTeX\tex/latex/accsupp\accsupp-pdftex.def
File: accsupp-pdftex.def 2019/12/05 v0.6 accsupp driver for pdfTeX (HO)
))
(C:\Program Files\MiKTeX\tex/latex/base\fontenc.sty
Package: fontenc 2021/04/29 v2.0v Standard LaTeX package
)
(C:\Users\bgoli\AppData\Roaming\MiKTeX\tex/latex/bigfoot\suffix.sty
Package: suffix 2006/07/15 1.5a Variant command support
)
(C:\Users\bgoli\AppData\Roaming\MiKTeX\tex/latex/varwidth\varwidth.sty
Package: varwidth 2009/03/30 ver 0.92;  Variable-width minipages
\@vwid@box=\box104
\sift@deathcycles=\count299
\@vwid@loff=\dimen183
\@vwid@roff=\dimen184
)
(C:\Program Files\MiKTeX\tex/latex/etoolbox\etoolbox.sty
Package: etoolbox 2020/10/05 v2.5k e-TeX tools for LaTeX (JAW)
\etb@tempcnta=\count300
)
(C:\Users\bgoli\AppData\Roaming\MiKTeX\tex/latex/optional\optional.sty
Package: optional 2005/01/26 ver 2.2b;  Optional inclusion/omission
)
Using optional text marked with dummyoption. 
(C:\Program Files\MiKTeX\tex/latex/tools\varioref.sty
Package: varioref 2021/07/07 v1.6f package for extended references (FMi)
\c@vrcnt=\count301
)
(C:\Program Files\MiKTeX\tex/latex/graphics\graphicx.sty
Package: graphicx 2021/09/16 v1.2d Enhanced LaTeX Graphics (DPC,SPQR)

(C:\Program Files\MiKTeX\tex/latex/graphics\graphics.sty
Package: graphics 2022/03/10 v1.4e Standard LaTeX Graphics (DPC,SPQR)

(C:\Program Files\MiKTeX\tex/latex/graphics\trig.sty
Package: trig 2021/08/11 v1.11 sin cos tan (DPC)
)
(C:\Program Files\MiKTeX\tex/latex/graphics-cfg\graphics.cfg
File: graphics.cfg 2016/06/04 v1.11 sample graphics configuration
)
Package graphics Info: Driver file: pdftex.def on input line 107.

(C:\Program Files\MiKTeX\tex/latex/graphics-def\pdftex.def
File: pdftex.def 2020/10/05 v1.2a Graphics/color driver for pdftex
))
\Gin@req@height=\dimen185
\Gin@req@width=\dimen186
)
(C:\Program Files\MiKTeX\tex/latex/hyperref\hyperref.sty
Package: hyperref 2022-09-22 v7.00t Hypertext links for LaTeX

(C:\Users\bgoli\AppData\Roaming\MiKTeX\tex/generic/kvdefinekeys\kvdefinekeys.st
y
Package: kvdefinekeys 2019-12-19 v1.6 Define keys (HO)
) (C:\Users\bgoli\AppData\Roaming\MiKTeX\tex/latex/hycolor\hycolor.sty
Package: hycolor 2020-01-27 v1.10 Color options for hyperref/bookmark (HO)
)
(C:\Users\bgoli\AppData\Roaming\MiKTeX\tex/latex/letltxmacro\letltxmacro.sty
Package: letltxmacro 2019/12/03 v1.6 Let assignment for LaTeX macros (HO)
)
(C:\Users\bgoli\AppData\Roaming\MiKTeX\tex/latex/auxhook\auxhook.sty
Package: auxhook 2019-12-17 v1.6 Hooks for auxiliary files (HO)
)
(C:\Program Files\MiKTeX\tex/latex/hyperref\nameref.sty
Package: nameref 2022-05-17 v2.50 Cross-referencing by name of section

(C:\Users\bgoli\AppData\Roaming\MiKTeX\tex/latex/refcount\refcount.sty
Package: refcount 2019/12/15 v3.6 Data extraction from label references (HO)
)
(C:\Users\bgoli\AppData\Roaming\MiKTeX\tex/generic/gettitlestring\gettitlestrin
g.sty
Package: gettitlestring 2019/12/15 v1.6 Cleanup title references (HO)
)
\c@section@level=\count302
)
\@linkdim=\dimen187
\Hy@linkcounter=\count303
\Hy@pagecounter=\count304
 (C:\Program Files\MiKTeX\tex/latex/hyperref\pd1enc.def
File: pd1enc.def 2022-09-22 v7.00t Hyperref: PDFDocEncoding definition (HO)
Now handling font encoding PD1 ...
... no UTF-8 mapping file for font encoding PD1
)
(C:\Users\bgoli\AppData\Roaming\MiKTeX\tex/generic/intcalc\intcalc.sty
Package: intcalc 2019/12/15 v1.3 Expandable calculations with integers (HO)
)
(C:\Users\bgoli\AppData\Roaming\MiKTeX\tex/generic/etexcmds\etexcmds.sty
Package: etexcmds 2019/12/15 v1.7 Avoid name clashes with e-TeX commands (HO)
)
\Hy@SavedSpaceFactor=\count305

(C:\Program Files\MiKTeX\tex/latex/hyperref\puenc.def
File: puenc.def 2022-09-22 v7.00t Hyperref: PDF Unicode definition (HO)
Now handling font encoding PU ...
... no UTF-8 mapping file for font encoding PU
)
Package hyperref Info: Option `breaklinks' set `true' on input line 4045.
Package hyperref Info: Option `colorlinks' set `true' on input line 4045.
Package hyperref Info: Option `bookmarksnumbered' set `true' on input line 4045
.
Package hyperref Info: Hyper figures OFF on input line 4162.
Package hyperref Info: Link nesting OFF on input line 4167.
Package hyperref Info: Hyper index ON on input line 4170.
Package hyperref Info: Plain pages OFF on input line 4177.
Package hyperref Info: Backreferencing OFF on input line 4182.
Package hyperref Info: Implicit mode ON; LaTeX internals redefined.
\stockwidth=\dimen188
\stockheight=\dimen189
Package hyperref Info: Bookmarks ON on input line 4410.
\c@Hy@tempcnt=\count306

(C:\Program Files\MiKTeX\tex/latex/url\url.sty
\Urlmuskip=\muskip17
Package: url 2013/09/16  ver 3.4  Verb mode for urls, etc.
)
LaTeX Info: Redefining \url on input line 4748.
\XeTeXLinkMargin=\dimen190

(C:\Users\bgoli\AppData\Roaming\MiKTeX\tex/generic/bitset\bitset.sty
Package: bitset 2019/12/09 v1.3 Handle bit-vector datatype (HO)

(C:\Users\bgoli\AppData\Roaming\MiKTeX\tex/generic/bigintcalc\bigintcalc.sty
Package: bigintcalc 2019/12/15 v1.5 Expandable calculations on big integers (HO
)
))
\Fld@menulength=\count307
\Field@Width=\dimen191
\Fld@charsize=\dimen192
Package hyperref Info: Hyper figures OFF on input line 6027.
Package hyperref Info: Link nesting OFF on input line 6032.
Package hyperref Info: Hyper index ON on input line 6035.
Package hyperref Info: backreferencing OFF on input line 6042.
Package hyperref Info: Link coloring ON on input line 6045.
Package hyperref Info: Link coloring with OCG OFF on input line 6052.
Package hyperref Info: PDF/A mode OFF on input line 6057.

(C:\Program Files\MiKTeX\tex/latex/base\atbegshi-ltx.sty
Package: atbegshi-ltx 2021/01/10 v1.0c Emulation of the original atbegshi
package with kernel methods
)
\Hy@abspage=\count308
\c@Item=\count309
\c@Hfootnote=\count310
)
Package hyperref Info: Driver: hpdftex.

(C:\Program Files\MiKTeX\tex/latex/hyperref\hpdftex.def
File: hpdftex.def 2022-09-22 v7.00t Hyperref driver for pdfTeX

(C:\Program Files\MiKTeX\tex/latex/base\atveryend-ltx.sty
Package: atveryend-ltx 2020/08/19 v1.0a Emulation of the original atveryend pac
kage
with kernel methods
)
\Fld@listcount=\count311
\c@bookmark@seq@number=\count312

(C:\Users\bgoli\AppData\Roaming\MiKTeX\tex/latex/rerunfilecheck\rerunfilecheck.
sty
Package: rerunfilecheck 2022-07-10 v1.10 Rerun checks for auxiliary files (HO)

(C:\Users\bgoli\AppData\Roaming\MiKTeX\tex/generic/uniquecounter\uniquecounter.
sty
Package: uniquecounter 2019/12/15 v1.4 Provide unlimited unique counter (HO)
)
Package uniquecounter Info: New unique counter `rerunfilecheck' on input line 2
85.
)
\Hy@SectionHShift=\skip71
) (C:\Program Files\MiKTeX\tex/latex/xcolor\xcolor.sty
Package: xcolor 2022/06/12 v2.14 LaTeX color extensions (UK)

(C:\Program Files\MiKTeX\tex/latex/graphics-cfg\color.cfg
File: color.cfg 2016/01/02 v1.6 sample color configuration
)
Package xcolor Info: Driver file: pdftex.def on input line 227.

(C:\Users\bgoli\AppData\Roaming\MiKTeX\tex/latex/colortbl\colortbl.sty
Package: colortbl 2022/06/20 v1.0f Color table columns (DPC)
\everycr=\toks31
\minrowclearance=\skip72
\rownum=\count313
)
(C:\Users\bgoli\AppData\Roaming\MiKTeX\tex/latex-dev/graphics\mathcolor.ltx)
Package xcolor Info: Model `cmy' substituted by `cmy0' on input line 1353.
Package xcolor Info: Model `hsb' substituted by `rgb' on input line 1357.
Package xcolor Info: Model `RGB' extended on input line 1369.
Package xcolor Info: Model `HTML' substituted by `rgb' on input line 1371.
Package xcolor Info: Model `Hsb' substituted by `hsb' on input line 1372.
Package xcolor Info: Model `tHsb' substituted by `hsb' on input line 1373.
Package xcolor Info: Model `HSB' substituted by `hsb' on input line 1374.
Package xcolor Info: Model `Gray' substituted by `gray' on input line 1375.
Package xcolor Info: Model `wave' substituted by `hsb' on input line 1376.

(C:\Program Files\MiKTeX\tex/latex/graphics\dvipsnam.def
File: dvipsnam.def 2016/06/17 v3.0m Driver-dependent file (DPC,SPQR)
)
(C:\Program Files\MiKTeX\tex/latex/xcolor\svgnam.def
File: svgnam.def 2022/06/12 v2.14 Predefined colors according to SVG 1.1 (UK)
))
(C:\Program Files\MiKTeX\tex/latex/listings\listings.sty
\lst@mode=\count314
\lst@gtempboxa=\box105
\lst@token=\toks32
\lst@length=\count315
\lst@currlwidth=\dimen193
\lst@column=\count316
\lst@pos=\count317
\lst@lostspace=\dimen194
\lst@width=\dimen195
\lst@newlines=\count318
\lst@lineno=\count319
\lst@maxwidth=\dimen196

(C:\Program Files\MiKTeX\tex/latex/listings\lstmisc.sty
File: lstmisc.sty 2020/03/24 1.8d (Carsten Heinz)
\c@lstnumber=\count320
\lst@skipnumbers=\count321
\lst@framebox=\box106
)
(C:\Program Files\MiKTeX\tex/latex/listings\listings.cfg
File: listings.cfg 2020/03/24 1.8d listings configuration
))
Package: listings 2020/03/24 1.8d (Carsten Heinz)

(C:\Program Files\MiKTeX\tex/latex/listings\lstlang1.sty
File: lstlang1.sty 2020/03/24 1.8d listings language file
)
(C:\Program Files\MiKTeX\tex/latex/listings\lstmisc.sty
File: lstmisc.sty 2020/03/24 1.8d (Carsten Heinz)
)
(C:\Users\bgoli\AppData\Roaming\MiKTeX\tex/latex/draftwatermark\draftwatermark.
sty
Package: draftwatermark 2020/12/08 3.0 Put a gray textual watermark on document
 pages
) (C:\Users\bgoli\AppData\Roaming\MiKTeX\tex/latex/overpic\overpic.sty
Package: overpic 2020/02/22 1.3 picture overlays (RN)

(C:\Users\bgoli\AppData\Roaming\MiKTeX\tex/latex/epic\epic.sty
Enhancements to Picture Environment. Version 1.2 - Released June 1, 1986
\@@multicnt=\count322
\d@lta=\count323
\@delta=\dimen197
\@@delta=\dimen198
\@gridcnt=\count324
\@joinkind=\count325
\@dotgap=\dimen199
\@ddotgap=\dimen256
\@x@diff=\count326
\@y@diff=\count327
\x@diff=\dimen257
\y@diff=\dimen258
\@dotbox=\box107
\num@segments=\count328
\num@segmentsi=\count329
\@datafile=\read3
)
\OVP@box=\box108
) (C:\Program Files\MiKTeX\tex/latex/graphics\rotating.sty
Package: rotating 2016/08/11 v2.16d rotated objects in LaTeX

(C:\Program Files\MiKTeX\tex/latex/base\ifthen.sty
Package: ifthen 2022/04/13 v1.1d Standard LaTeX ifthen package (DPC)
)
\c@r@tfl@t=\count330
\rotFPtop=\skip73
\rotFPbot=\skip74
\rot@float@box=\box109
\rot@mess@toks=\toks33
)
(C:\Users\bgoli\AppData\Roaming\MiKTeX\tex/latex/fourier\fourier.sty
Package: fourier 2022/02/05 2.3 fourier-GUTenberg package
Now handling font encoding FML ...
... no UTF-8 mapping file for font encoding FML
Now handling font encoding FMS ...
... no UTF-8 mapping file for font encoding FMS
Now handling font encoding FMX ...
... no UTF-8 mapping file for font encoding FMX

(C:\Program Files\MiKTeX\tex/latex/base\fontenc.sty
Package: fontenc 2021/04/29 v2.0v Standard LaTeX package
LaTeX Font Info:    Trying to load font information for T1+futs on input line 1
12.

(C:\Users\bgoli\AppData\Roaming\MiKTeX\tex/latex/fourier\t1futs.fd
File: t1futs.fd 2004/03/02 Fontinst v1.926 font definitions for T1/futs.
))
(C:\Program Files\MiKTeX\tex/latex/base\textcomp.sty
Package: textcomp 2020/02/02 v2.0n Standard LaTeX package
)
(C:\Users\bgoli\AppData\Roaming\MiKTeX\tex/latex/fourier\fourier-orns.sty
Package: fourier-orns 2022/02/05 2.3 fourier-ornaments package
)
LaTeX Font Info:    Redeclaring symbol font `operators' on input line 63.
LaTeX Font Info:    Encoding `OT1' has changed to `T1' for symbol font
(Font)              `operators' in the math version `normal' on input line 63.
LaTeX Font Info:    Overwriting symbol font `operators' in version `normal'
(Font)                  OT1/cmr/m/n --> T1/futs/m/n on input line 63.
LaTeX Font Info:    Encoding `OT1' has changed to `T1' for symbol font
(Font)              `operators' in the math version `bold' on input line 63.
LaTeX Font Info:    Overwriting symbol font `operators' in version `bold'
(Font)                  OT1/cmr/bx/n --> T1/futs/m/n on input line 63.
LaTeX Font Info:    Overwriting symbol font `operators' in version `bold'
(Font)                  T1/futs/m/n --> T1/futs/b/n on input line 64.
LaTeX Font Info:    Redeclaring symbol font `letters' on input line 72.
LaTeX Font Info:    Encoding `OML' has changed to `FML' for symbol font
(Font)              `letters' in the math version `normal' on input line 72.
LaTeX Font Info:    Overwriting symbol font `letters' in version `normal'
(Font)                  OML/cmm/m/it --> FML/futmi/m/it on input line 72.
LaTeX Font Info:    Encoding `OML' has changed to `FML' for symbol font
(Font)              `letters' in the math version `bold' on input line 72.
LaTeX Font Info:    Overwriting symbol font `letters' in version `bold'
(Font)                  OML/cmm/b/it --> FML/futmi/m/it on input line 72.
\symotherletters=\mathgroup7
LaTeX Font Info:    Overwriting symbol font `letters' in version `bold'
(Font)                  FML/futmi/m/it --> FML/futmi/b/it on input line 74.
LaTeX Font Info:    Overwriting symbol font `otherletters' in version `bold'
(Font)                  FML/futm/m/it --> FML/futm/b/it on input line 75.
LaTeX Font Info:    Redeclaring math symbol \Gamma on input line 76.
LaTeX Font Info:    Redeclaring math symbol \Delta on input line 77.
LaTeX Font Info:    Redeclaring math symbol \Theta on input line 78.
LaTeX Font Info:    Redeclaring math symbol \Lambda on input line 79.
LaTeX Font Info:    Redeclaring math symbol \Xi on input line 80.
LaTeX Font Info:    Redeclaring math symbol \Pi on input line 81.
LaTeX Font Info:    Redeclaring math symbol \Sigma on input line 82.
LaTeX Font Info:    Redeclaring math symbol \Upsilon on input line 83.
LaTeX Font Info:    Redeclaring math symbol \Phi on input line 84.
LaTeX Font Info:    Redeclaring math symbol \Psi on input line 85.
LaTeX Font Info:    Redeclaring math symbol \Omega on input line 86.
LaTeX Font Info:    Redeclaring symbol font `symbols' on input line 126.
LaTeX Font Info:    Encoding `OMS' has changed to `FMS' for symbol font
(Font)              `symbols' in the math version `normal' on input line 126.
LaTeX Font Info:    Overwriting symbol font `symbols' in version `normal'
(Font)                  OMS/cmsy/m/n --> FMS/futm/m/n on input line 126.
LaTeX Font Info:    Encoding `OMS' has changed to `FMS' for symbol font
(Font)              `symbols' in the math version `bold' on input line 126.
LaTeX Font Info:    Overwriting symbol font `symbols' in version `bold'
(Font)                  OMS/cmsy/b/n --> FMS/futm/m/n on input line 126.
LaTeX Font Info:    Redeclaring symbol font `largesymbols' on input line 127.
LaTeX Font Info:    Encoding `OMX' has changed to `FMX' for symbol font
(Font)              `largesymbols' in the math version `normal' on input line 1
27.
LaTeX Font Info:    Overwriting symbol font `largesymbols' in version `normal'
(Font)                  OMX/cmex/m/n --> FMX/futm/m/n on input line 127.
LaTeX Font Info:    Encoding `OMX' has changed to `FMX' for symbol font
(Font)              `largesymbols' in the math version `bold' on input line 127
.
LaTeX Font Info:    Overwriting symbol font `largesymbols' in version `bold'
(Font)                  OMX/cmex/m/n --> FMX/futm/m/n on input line 127.
LaTeX Font Info:    Redeclaring math alphabet \mathbf on input line 128.
LaTeX Font Info:    Overwriting math alphabet `\mathbf' in version `normal'
(Font)                  OT1/cmr/bx/n --> T1/futs/bx/n on input line 128.
LaTeX Font Info:    Overwriting math alphabet `\mathbf' in version `bold'
(Font)                  OT1/cmr/bx/n --> T1/futs/bx/n on input line 128.
LaTeX Font Info:    Redeclaring math alphabet \mathrm on input line 129.
LaTeX Font Info:    Redeclaring math alphabet \mathit on input line 130.
LaTeX Font Info:    Overwriting math alphabet `\mathit' in version `normal'
(Font)                  OT1/cmr/m/it --> T1/futs/m/it on input line 130.
LaTeX Font Info:    Overwriting math alphabet `\mathit' in version `bold'
(Font)                  OT1/cmr/bx/it --> T1/futs/m/it on input line 130.
LaTeX Font Info:    Redeclaring math alphabet \mathcal on input line 131.
LaTeX Font Info:    Redeclaring math symbol \varkappa on input line 132.
LaTeX Font Info:    Redeclaring math symbol \leqslant on input line 138.
LaTeX Font Info:    Redeclaring math symbol \geqslant on input line 139.
LaTeX Font Info:    Redeclaring math symbol \vDash on input line 142.
LaTeX Font Info:    Redeclaring math symbol \blacktriangleleft on input line 14
3.
LaTeX Font Info:    Redeclaring math symbol \blacktriangleright on input line 1
44.
LaTeX Font Info:    Redeclaring math symbol \nleqslant on input line 145.
LaTeX Font Info:    Redeclaring math symbol \ngeqslant on input line 146.
LaTeX Font Info:    Redeclaring math symbol \parallel on input line 147.
LaTeX Font Info:    Redeclaring math symbol \nparallel on input line 148.
LaTeX Font Info:    Redeclaring math symbol \nvDash on input line 150.
LaTeX Font Info:    Redeclaring math symbol \intercal on input line 151.
LaTeX Font Info:    Redeclaring math symbol \hslash on input line 152.
LaTeX Font Info:    Redeclaring math symbol \nexists on input line 153.
LaTeX Font Info:    Redeclaring math symbol \complement on input line 154.
LaTeX Font Info:    Redeclaring math symbol \varsubsetneq on input line 155.
LaTeX Font Info:    Redeclaring math symbol \hbar on input line 161.
LaTeX Font Info:    Redeclaring math symbol \smallsetminus on input line 162.
LaTeX Font Info:    Redeclaring math symbol \subsetneqq on input line 163.
LaTeX Font Info:    Redeclaring math symbol \rightrightarrows on input line 164
.
LaTeX Font Info:    Redeclaring math symbol \leftleftarrows on input line 165.
LaTeX Font Info:    Redeclaring math symbol \square on input line 166.
LaTeX Font Info:    Redeclaring math symbol \curvearrowleft on input line 167.
LaTeX Font Info:    Redeclaring math symbol \curvearrowright on input line 168.

LaTeX Font Info:    Redeclaring math symbol \blacksquare on input line 169.
LaTeX Font Info:    Redeclaring math symbol \varkappa on input line 199.
LaTeX Font Info:    Redeclaring math symbol \varvarrho on input line 200.
LaTeX Font Info:    Redeclaring math delimiter \Vert on input line 223.
LaTeX Font Info:    Redeclaring math delimiter \vert on input line 228.
LaTeX Font Info:    Redeclaring math delimiter \lvert on input line 230.
LaTeX Font Info:    Redeclaring math delimiter \rvert on input line 232.
LaTeX Font Info:    Redeclaring math delimiter \lVert on input line 234.
LaTeX Font Info:    Redeclaring math delimiter \rVert on input line 236.
LaTeX Font Info:    Redeclaring math delimiter \Downarrow on input line 238.
LaTeX Font Info:    Redeclaring math delimiter \backslash on input line 240.
LaTeX Font Info:    Redeclaring math delimiter \rangle on input line 242.
LaTeX Font Info:    Redeclaring math delimiter \langle on input line 244.
LaTeX Font Info:    Redeclaring math delimiter \rbrace on input line 246.
LaTeX Font Info:    Redeclaring math delimiter \lbrace on input line 248.
LaTeX Font Info:    Redeclaring math delimiter \rceil on input line 250.
LaTeX Font Info:    Redeclaring math delimiter \lceil on input line 252.
LaTeX Font Info:    Redeclaring math delimiter \rfloor on input line 254.
LaTeX Font Info:    Redeclaring math delimiter \lfloor on input line 256.
LaTeX Font Info:    Redeclaring math accent \acute on input line 260.
LaTeX Font Info:    Redeclaring math accent \grave on input line 261.
LaTeX Font Info:    Redeclaring math accent \ddot on input line 262.
LaTeX Font Info:    Redeclaring math accent \tilde on input line 263.
LaTeX Font Info:    Redeclaring math accent \bar on input line 264.
LaTeX Font Info:    Redeclaring math accent \breve on input line 265.
LaTeX Font Info:    Redeclaring math accent \check on input line 266.
LaTeX Font Info:    Redeclaring math accent \hat on input line 267.
LaTeX Font Info:    Redeclaring math accent \dot on input line 268.
LaTeX Font Info:    Redeclaring math accent \mathring on input line 269.
\symUfutm=\mathgroup8
)
(C:\Users\bgoli\AppData\Roaming\MiKTeX\tex/latex/psnfss\helvet.sty
Package: helvet 2020/03/25 PSNFSS-v9.3 (WaS) 
)
LaTeX Font Info:    Redeclaring math alphabet \mathtt on input line 213.
LaTeX Font Info:    Overwriting math alphabet `\mathtt' in version `normal'
(Font)                  OT1/cmtt/m/n --> T1/txtt/m/n on input line 213.
LaTeX Font Info:    Overwriting math alphabet `\mathtt' in version `bold'
(Font)                  OT1/cmtt/m/n --> T1/txtt/m/n on input line 213.
LaTeX Font Info:    Overwriting math alphabet `\mathtt' in version `bold'
(Font)                  T1/txtt/m/n --> T1/txtt/b/n on input line 214.
\captionmargin=\skip75
\as@captionbox=\box110
\as@captionwidth=\skip76
)
(C:\Program Files\MiKTeX\tex/latex/l3backend\l3backend-pdftex.def
File: l3backend-pdftex.def 2022-08-30 L3 backend support: PDF output (pdfTeX)
\l__color_backend_stack_int=\count331
\l__pdf_internal_box=\box111
) (main.aux)
\openout1 = `main.aux'.

LaTeX Font Info:    Checking defaults for OML/cmm/m/it on input line 10.
LaTeX Font Info:    ... okay on input line 10.
LaTeX Font Info:    Checking defaults for OMS/cmsy/m/n on input line 10.
LaTeX Font Info:    ... okay on input line 10.
LaTeX Font Info:    Checking defaults for OT1/cmr/m/n on input line 10.
LaTeX Font Info:    ... okay on input line 10.
LaTeX Font Info:    Checking defaults for T1/cmr/m/n on input line 10.
LaTeX Font Info:    ... okay on input line 10.
LaTeX Font Info:    Checking defaults for TS1/cmr/m/n on input line 10.
LaTeX Font Info:    ... okay on input line 10.
LaTeX Font Info:    Checking defaults for OMX/cmex/m/n on input line 10.
LaTeX Font Info:    ... okay on input line 10.
LaTeX Font Info:    Checking defaults for U/cmr/m/n on input line 10.
LaTeX Font Info:    ... okay on input line 10.
LaTeX Font Info:    Checking defaults for PD1/pdf/m/n on input line 10.
LaTeX Font Info:    ... okay on input line 10.
LaTeX Font Info:    Checking defaults for PU/pdf/m/n on input line 10.
LaTeX Font Info:    ... okay on input line 10.
LaTeX Font Info:    Checking defaults for FML/futm/m/it on input line 10.
LaTeX Font Info:    Trying to load font information for FML+futm on input line 
10.

(C:\Users\bgoli\AppData\Roaming\MiKTeX\tex/latex/fourier\fmlfutm.fd
File: fmlfutm.fd 2004/10/30 Fontinst v1.926 font definitions for FML/futm.
)
LaTeX Font Info:    ... okay on input line 10.
LaTeX Font Info:    Checking defaults for FMS/futm/m/n on input line 10.
LaTeX Font Info:    Trying to load font information for FMS+futm on input line 
10.

(C:\Users\bgoli\AppData\Roaming\MiKTeX\tex/latex/fourier\fmsfutm.fd
File: fmsfutm.fd 2004/10/30 Fontinst v1.926 font definitions for FMS/futm.
)
LaTeX Font Info:    ... okay on input line 10.
LaTeX Font Info:    Checking defaults for FMX/futm/m/n on input line 10.
LaTeX Font Info:    Trying to load font information for FMX+futm on input line 
10.

(C:\Users\bgoli\AppData\Roaming\MiKTeX\tex/latex/fourier\fmxfutm.fd
File: fmxfutm.fd futm-extension
)
LaTeX Font Info:    ... okay on input line 10.
Package lastpage Info: Please have a look at the pageslts package at
(lastpage)             https://www.ctan.org/pkg/pageslts
(lastpage)             ! on input line 10.

(C:\Program Files\MiKTeX\tex/context/base/mkii\supp-pdf.mkii
[Loading MPS to PDF converter (version 2006.09.02).]
\scratchcounter=\count332
\scratchdimen=\dimen259
\scratchbox=\box112
\nofMPsegments=\count333
\nofMParguments=\count334
\everyMPshowfont=\toks34
\MPscratchCnt=\count335
\MPscratchDim=\dimen260
\MPnumerator=\count336
\makeMPintoPDFobject=\count337
\everyMPtoPDFconversion=\toks35
) (C:\Program Files\MiKTeX\tex/latex/epstopdf-pkg\epstopdf-base.sty
Package: epstopdf-base 2020-01-24 v2.11 Base part for package epstopdf

(C:\Users\bgoli\AppData\Roaming\MiKTeX\tex/latex/grfext\grfext.sty
Package: grfext 2019/12/03 v1.3 Manage graphics extensions (HO)
)
Package epstopdf-base Info: Redefining graphics rule for `.eps' on input line 4
85.
Package grfext Info: Graphics extension search list:
(grfext)             [.pdf,.png,.jpg,.mps,.jpeg,.jbig2,.jb2,.PDF,.PNG,.JPG,.JPE
G,.JBIG2,.JB2,.eps]
(grfext)             \AppendGraphicsExtensions on input line 504.

(C:\Program Files\MiKTeX\tex/latex/00miktex\epstopdf-sys.cfg
File: epstopdf-sys.cfg 2021/03/18 v2.0 Configuration of epstopdf for MiKTeX
))
Package hyperref Info: Link coloring ON on input line 10.
 (main.out)
(main.out)
\@outlinefile=\write4
\openout4 = `main.out'.

\c@lstlisting=\count338
LaTeX Font Info:    Redeclaring math accent \widehat on input line 10.
LaTeX Font Info:    Redeclaring math accent \widetilde on input line 10.
LaTeX Font Info:    Trying to load font information for T1+phv on input line 79
.
 (C:\Users\bgoli\AppData\Roaming\MiKTeX\tex/latex/psnfss\t1phv.fd
File: t1phv.fd 2020/03/25 scalable font definitions for T1/phv.
)
LaTeX Font Info:    Font shape `T1/phv/m/n' will be
(Font)              scaled to size 8.69995pt on input line 79.
LaTeX Font Info:    Font shape `T1/phv/b/n' will be
(Font)              scaled to size 8.69995pt on input line 79.
LaTeX Font Info:    Font shape `T1/phv/b/n' will be
(Font)              scaled to size 18.0437pt on input line 79.
LaTeX Font Info:    Trying to load font information for FML+futmi on input line
 79.

(C:\Users\bgoli\AppData\Roaming\MiKTeX\tex/latex/fourier\fmlfutmi.fd
File: fmlfutmi.fd 2004/10/30 Fontinst v1.926 font definitions for FML/futmi.
)
LaTeX Font Info:    Font shape `FMX/futm/m/n' will be
(Font)              scaled to size 9.19998pt on input line 79.
LaTeX Font Info:    Font shape `FMX/futm/m/n' will be
(Font)              scaled to size 6.99199pt on input line 79.
LaTeX Font Info:    Font shape `FMX/futm/m/n' will be
(Font)              scaled to size 5.51999pt on input line 79.
LaTeX Font Info:    Trying to load font information for U+msa on input line 79.


(C:\Program Files\MiKTeX\tex/latex/amsfonts\umsa.fd
File: umsa.fd 2013/01/14 v3.01 AMS symbols A
)
LaTeX Font Info:    Trying to load font information for U+msb on input line 79.


(C:\Program Files\MiKTeX\tex/latex/amsfonts\umsb.fd
File: umsb.fd 2013/01/14 v3.01 AMS symbols B
)
LaTeX Font Info:    Trying to load font information for U+wasy on input line 79
.

(C:\Users\bgoli\AppData\Roaming\MiKTeX\tex/latex/wasysym\uwasy.fd
File: uwasy.fd 2020/01/19 v2.4 Wasy-2 symbol font definitions
)
LaTeX Font Info:    Font shape `U/futm/m/n' will be
(Font)              scaled to size 9.19998pt on input line 79.
LaTeX Font Info:    Font shape `U/futm/m/n' will be
(Font)              scaled to size 6.99199pt on input line 79.
LaTeX Font Info:    Font shape `U/futm/m/n' will be
(Font)              scaled to size 5.51999pt on input line 79.
LaTeX Font Info:    Font shape `FMX/futm/m/n' will be
(Font)              scaled to size 11.03998pt on input line 79.
LaTeX Font Info:    Font shape `FMX/futm/m/n' will be
(Font)              scaled to size 8.27998pt on input line 79.
LaTeX Font Info:    Font shape `FMX/futm/m/n' will be
(Font)              scaled to size 6.43999pt on input line 79.
LaTeX Font Info:    Font shape `U/futm/m/n' will be
(Font)              scaled to size 11.03998pt on input line 79.
LaTeX Font Info:    Font shape `U/futm/m/n' will be
(Font)              scaled to size 8.27998pt on input line 79.
LaTeX Font Info:    Font shape `U/futm/m/n' will be
(Font)              scaled to size 6.43999pt on input line 79.
LaTeX Font Info:    Font shape `T1/txtt/m/n' will be
(Font)              scaled to size 11.64001pt on input line 79.
LaTeX Font Info:    Font shape `T1/txtt/m/n' will be
(Font)              scaled to size 8.73001pt on input line 79.
<./logos//sbml-badge.jpg, id=193, 68.4156pt x 29.6307pt>
File: ./logos//sbml-badge.jpg Graphic file (type jpg)
<use ./logos//sbml-badge.jpg>
Package pdftex.def Info: ./logos//sbml-badge.jpg  used on input line 79.
(pdftex.def)             Requested size: 72.26999pt x 31.30031pt.
 [1{C:/Users/bgoli/AppData/Local/MiKTeX/fonts/map/pdftex/pdftex.map}

 <./logos//sbml-badge.jpg>]
LaTeX Font Info:    Font shape `T1/phv/b/n' will be
(Font)              scaled to size 12.52792pt on input line 80.
 (main.toc
LaTeX Font Info:    Font shape `T1/phv/b/n' will be
(Font)              scaled to size 7.82996pt on input line 1.
LaTeX Font Info:    Font shape `T1/phv/m/n' will be
(Font)              scaled to size 7.82996pt on input line 2.
LaTeX Font Info:    Font shape `T1/txtt/b/n' will be
(Font)              scaled to size 8.73001pt on input line 90.

Overfull \hbox (30.25258pt too wide) detected at line 92
\T1/phv/b/n/9 References 
 []

)
\tf@toc=\write5
\openout5 = `main.toc'.

 [2

] (intro.tex
LaTeX Font Info:    Font shape `T1/phv/b/n' will be
(Font)              scaled to size 15.03351pt on input line 3.
LaTeX Font Info:    Font shape `T1/phv/b/n' will be
(Font)              scaled to size 4.34998pt on input line 3.
LaTeX Font Info:    Font shape `T1/phv/m/n' will be
(Font)              scaled to size 4.34998pt on input line 8.

Overfull \hbox (34.40273pt too wide) in paragraph at lines 44--47
[][][]$\T1/txtt/m/n/9 https : / / web . archive . org / web / 20151006163154 / 
http : / / sbml . org / Community / Wiki / SBML _ Level _ 3 _ Proposals / Flux 
_ Balance _
 []


Overfull \hbox (2.73671pt too wide) in paragraph at lines 56--57
[][][]$\T1/txtt/m/n/9 https : / / web . archive . org / web / 20151006163154 / 
http : / / sbml . org / Community / Wiki / SBML _ Level _ 3 _ Proposals / Flux 
_
 []


Overfull \hbox (2.73671pt too wide) in paragraph at lines 59--60
[][][]$\T1/txtt/m/n/9 https : / / web . archive . org / web / 20120824234050 / 
http : / / sbml . org / Community / Wiki / SBML _ Level _ 3 _ Proposals / Flux 
_
 []

[3


]
LaTeX Font Info:    Font shape `T1/phv/m/sl' will be
(Font)              scaled to size 7.82996pt on input line 119.
LaTeX Font Info:    Font shape `T1/phv/b/sl' will be
(Font)              scaled to size 7.82996pt on input line 119.
) (background.tex [4]
Overfull \hbox (16.48647pt too wide) in paragraph at lines 48--49
[][][]$\T1/txtt/m/n/9 https : / / web . archive . org / web / 20210115164041 / 
http : / / sbml . org / Community / Wiki / Old _ known _ SBML _ annotations _ l
ist$[][] 
 []

) (syntax.tex [5

]
LaTeX Font Info:    Font shape `T1/txtt/m/n' will be
(Font)              scaled to size 4.85pt on input line 36.
<images/fbc_uml_v3.pdf, id=316, 594.7791pt x 1054.10818pt>
File: images/fbc_uml_v3.pdf Graphic file (type pdf)
<use images/fbc_uml_v3.pdf>
Package pdftex.def Info: images/fbc_uml_v3.pdf  used on input line 47.
(pdftex.def)             Requested size: 310.23077pt x 549.79778pt.
LaTeX Font Info:    Font shape `T1/phv/b/n' will be
(Font)              scaled to size 10.43994pt on input line 75.
LaTeX Font Info:    Font shape `T1/phv/b/sl' will be
(Font)              scaled to size 10.43994pt on input line 75.
LaTeX Font Info:    Font shape `T1/txtt/b/n' will be
(Font)              scaled to size 11.64001pt on input line 75.
LaTeX Font Info:    Font shape `T1/phv/b/sl' will be
(Font)              scaled to size 4.34998pt on input line 75.
 [6

]

LaTeX Warning: Text page 7 contains only floats.

[7 <./images/fbc_uml_v3.pdf>]
Overfull \hbox (1.11113pt too wide) in paragraph at lines 92--93
[]\T1/futs/m/n/9 The \T1/phv/b/n/9 SBML Model \T1/futs/m/n/9 class is ex-tended
 by adding a manda-tory boolean at-tribute []\T1/txtt/m/n/9 strict[] \T1/futs/m
/n/9 as well as op-tional lists: []\T1/txtt/m/n/9 listOfObjectives[]\T1/futs/m/
n/9 ,
 []

<images/v3harmony_fbc_model.pdf, id=585, 109.15907pt x 34.32784pt>
File: images/v3harmony_fbc_model.pdf Graphic file (type pdf)
<use images/v3harmony_fbc_model.pdf>
Package pdftex.def Info: images/v3harmony_fbc_model.pdf  used on input line 97.

(pdftex.def)             Requested size: 170.71652pt x 53.68683pt.
LaTeX Font Info:    Font shape `T1/phv/b/sl' will be
(Font)              scaled to size 8.69995pt on input line 114.
LaTeX Font Info:    Font shape `T1/txtt/b/n' will be
(Font)              scaled to size 9.70001pt on input line 114.

Underfull \hbox (badness 10000) in paragraph at lines 118--118
[][]\T1/futs/m/n/10 How does
 []

LaTeX Font Info:    Font shape `FMX/futm/m/n' will be
(Font)              scaled to size 7.35999pt on input line 123.
LaTeX Font Info:    Font shape `FMX/futm/m/n' will be
(Font)              scaled to size 6.25598pt on input line 123.
LaTeX Font Info:    Font shape `U/futm/m/n' will be
(Font)              scaled to size 7.35999pt on input line 123.
LaTeX Font Info:    Font shape `U/futm/m/n' will be
(Font)              scaled to size 6.25598pt on input line 123.

Overfull \hbox (17.34738pt too wide) in paragraph at lines 128--131
[]\T1/phv/b/n/9 InitialAssignment \T1/futs/m/n/9 el-e-ments may nei-ther tar-ge
t the \T1/phv/b/n/9 Pa-ram-e-ter \T1/futs/m/n/9 el-e-ments ref-er-enced by the 
\T1/phv/b/n/9 Re-ac-tion \T1/futs/m/n/9 at-tributes []\T1/txtt/m/n/9 lowerFluxB
ound[]
 []


Overfull \hbox (3.95674pt too wide) in paragraph at lines 137--138
\T1/futs/m/n/9 be ref-er-enced by any [][]\T1/phv/b/n/9 UserDe-fined-Con-strain
t-Com-po-nent[][] []\T1/txtt/m/n/9 coefficient[]\T1/futs/m/n/9 , [][]\T1/phv/b/
n/9 UserDe-fined-Con-straint[][] []\T1/txtt/m/n/9 lowerBound[] \T1/futs/m/n/9 &
 []\T1/txtt/m/n/9 upperBound[]
 []

[8 <./images/v3harmony_fbc_model.pdf>]
<images/v3harmony_fbc_species.pdf, id=634, 184.67393pt x 49.65953pt>
File: images/v3harmony_fbc_species.pdf Graphic file (type pdf)
<use images/v3harmony_fbc_species.pdf>
Package pdftex.def Info: images/v3harmony_fbc_species.pdf  used on input line 1
97.
(pdftex.def)             Requested size: 170.71652pt x 45.9063pt.
 [9 <./images/v3harmony_fbc_species.pdf>]
Package hyperref Info: bookmark level for unknown lstlisting defaults to 0 on i
nput line 271.
(examples/ex-v3-species.txt)
<images/v2harmony_fbc_geneproduct.pdf, id=675, 109.4443pt x 70.72205pt>
File: images/v2harmony_fbc_geneproduct.pdf Graphic file (type pdf)
<use images/v2harmony_fbc_geneproduct.pdf>
Package pdftex.def Info: images/v2harmony_fbc_geneproduct.pdf  used on input li
ne 298.
(pdftex.def)             Requested size: 142.26378pt x 91.93431pt.


LaTeX Warning: `h' float specifier changed to `ht'.

[10] (examples/v2harmony-spec-example1-gene.txt) [11 <./images/v2harmony_fbc_ge
neproduct.pdf>]
LaTeX Font Info:    Font shape `T1/txtt/m/n' will be
(Font)              scaled to size 7.37201pt on input line 422.
LaTeX Font Info:    Font shape `T1/txtt/m/n' will be
(Font)              scaled to size 5.82pt on input line 422.
<images/v2harmony_fbc_objective.pdf, id=764, 109.44353pt x 50.72495pt>
File: images/v2harmony_fbc_objective.pdf Graphic file (type pdf)
<use images/v2harmony_fbc_objective.pdf>
Package pdftex.def Info: images/v2harmony_fbc_objective.pdf  used on input line
 438.
(pdftex.def)             Requested size: 142.26378pt x 65.9393pt.
 [12 <./images/v2harmony_fbc_objective.pdf>]
(examples/ex_objf_fbc.txt)

pdfTeX warning: pdflatex.exe (file ./images/fbc_v3_uml_fobj.pdf): PDF inclusion
: found PDF version <1.6>, but at most version <1.5> allowed
<images/fbc_v3_uml_fobj.pdf, id=799, 137.53482pt x 88.21045pt>
File: images/fbc_v3_uml_fobj.pdf Graphic file (type pdf)
<use images/fbc_v3_uml_fobj.pdf>
Package pdftex.def Info: images/fbc_v3_uml_fobj.pdf  used on input line 505.
(pdftex.def)             Requested size: 170.71652pt x 109.49422pt.
[13 <./images/fbc_v3_uml_fobj.pdf>] (examples/ex-v3-fluxobjective-linear.txt)
Overfull \hbox (4.93764pt too wide) in paragraph at lines 532--534
[]\T1/futs/m/n/9 An ad-vanced ob-jec-tive func-tion with both a lin-ear and qua
dratic term (ex-pressed in LP for-mat):[] [][]\T1/txtt/m/n/9 Minimize: 1 R1 + [
4 R2^2]/2 
 []

(examples/ex-v3-fluxobjective.txt)) (syntax_gene_association.tex
<images/v2harmony_fbc_reaction.pdf, id=858, 131.83842pt x 45.60501pt>
File: images/v2harmony_fbc_reaction.pdf Graphic file (type pdf)
<use images/v2harmony_fbc_reaction.pdf>
Package pdftex.def Info: images/v2harmony_fbc_reaction.pdf  used on input line 
61.
(pdftex.def)             Requested size: 170.71652pt x 59.05753pt.
 [14 <./images/v2harmony_fbc_reaction.pdf>] (examples/v2harmony-ex_fb_fbc.txt)
LaTeX Font Info:    Font shape `T1/phv/b/it' in size <9> not available
(Font)              Font shape `T1/phv/b/sl' tried instead on input line 141.
LaTeX Font Info:    Font shape `T1/phv/b/sl' will be
(Font)              scaled to size 7.82996pt on input line 141.
<images/v2harmony_fbc_geneproductassociation.pdf, id=913, 122.75304pt x 41.0278
8pt>
File: images/v2harmony_fbc_geneproductassociation.pdf Graphic file (type pdf)
<use images/v2harmony_fbc_geneproductassociation.pdf>
Package pdftex.def Info: images/v2harmony_fbc_geneproductassociation.pdf  used 
on input line 149.
(pdftex.def)             Requested size: 142.26378pt x 47.54979pt.


LaTeX Warning: `!h' float specifier changed to `!ht'.

[15] (examples/v2harmony-spec-example1-ga.txt) [16 <./images/v2harmony_fbc_gene
productassociation.pdf>]
<images/v2harmony_fbc_association.pdf, id=1017, 189.08348pt x 91.1506pt>
File: images/v2harmony_fbc_association.pdf Graphic file (type pdf)
<use images/v2harmony_fbc_association.pdf>
Package pdftex.def Info: images/v2harmony_fbc_association.pdf  used on input li
ne 186.
(pdftex.def)             Requested size: 284.52756pt x 137.1748pt.
 [17 <./images/v2harmony_fbc_association.pdf>]
(examples/v2harmony-spec-example1-geneand.txt)
(examples/v2harmony-spec-example1-geneor.txt)) (syntax_user_constraints.tex
<images/fbc_v3_uml_userdefinedconstraint.pdf, id=1081, 583.09242pt x 236.63406p
t>
File: images/fbc_v3_uml_userdefinedconstraint.pdf Graphic file (type pdf)
<use images/fbc_v3_uml_userdefinedconstraint.pdf>
Package pdftex.def Info: images/fbc_v3_uml_userdefinedconstraint.pdf  used on i
nput line 12.
(pdftex.def)             Requested size: 422.77661pt x 171.57875pt.

[18] [19 <./images/fbc_v3_uml_userdefinedconstraint.pdf>]
(examples/ex-v3-userdefinedconstraints.txt) [20] (examples/ex-v3-kvp1.txt)

pdfTeX warning: pdflatex.exe (file ./images/fbc_v3_uml_keyvalue.pdf): PDF inclu
sion: found PDF version <1.6>, but at most version <1.5> allowed
<images/fbc_v3_uml_keyvalue.pdf, id=1254, 224.0119pt x 200.31236pt>
File: images/fbc_v3_uml_keyvalue.pdf Graphic file (type pdf)
<use images/fbc_v3_uml_keyvalue.pdf>
Package pdftex.def Info: images/fbc_v3_uml_keyvalue.pdf  used on input line 89.

(pdftex.def)             Requested size: 281.85585pt x 252.04645pt.

Overfull \hbox (46.16013pt too wide) in paragraph at lines 98--99
[]\T1/futs/m/n/9 The []\T1/txtt/m/n/9 xmlns[] \T1/futs/m/n/9 is a manda-tory co
m-po-nent of the [][]\T1/phv/b/n/9 ListOfKey-Val-ue-Pairs[][] \T1/futs/m/n/9 of
 type []\T1/txtt/m/n/9 uri[]\T1/futs/m/n/9 . It takes a sin-gle value: []\T1/tx
tt/m/n/9 http://sbml.org/fbc/keyvaluepair[]\T1/futs/m/n/9 .[] 
 []

[21 <./images/fbc_v3_uml_keyvalue.pdf>]) (examples.tex [22]
<examples/spec-example1.pdf, id=1322, 350.30875pt x 242.9075pt>
File: examples/spec-example1.pdf Graphic file (type pdf)
<use examples/spec-example1.pdf>
Package pdftex.def Info: examples/spec-example1.pdf  used on input line 14.
(pdftex.def)             Requested size: 227.62204pt x 157.8398pt.
LaTeX Font Info:    Font shape `T1/phv/m/it' in size <9> not available
(Font)              Font shape `T1/phv/m/sl' tried instead on input line 18.
LaTeX Font Info:    Font shape `T1/phv/m/sl' will be
(Font)              scaled to size 7.82996pt on input line 18.

(examples/spec-example1-reaction.txt)
LaTeX Font Info:    Font shape `T1/futs/bx/n' in size <9> not available
(Font)              Font shape `T1/futs/b/n' tried instead on input line 44.
LaTeX Font Info:    Font shape `T1/futs/bx/n' in size <7.6> not available
(Font)              Font shape `T1/futs/b/n' tried instead on input line 44.
LaTeX Font Info:    Font shape `T1/futs/bx/n' in size <6> not available
(Font)              Font shape `T1/futs/b/n' tried instead on input line 44.
 [23

 <./examples/spec-example1.pdf>]
(examples/spec-example1-bnd.lp) (examples/v2harmony-spec-example1-bnd.txt)
(examples/spec-example1-obj.lp) [24] (examples/spec-example1-obj.txt)
(examples/spec-example1.lp) (examples/v2harmony-spec-example1.txt [25] [26]))
(best-practices.tex [27] (examples/ex_objf_bigg.txt) (examples/ex_objf_l3.txt)
(examples/ex_spec_bigg.txt) (examples/ex_spec_cobra.txt [28

])
(examples/ex_spec_l3.txt) (examples/ex_reaction_bigg.txt)
(examples/v2harmony-ex_reaction_l3_nokv.txt [29]) [30]
(examples/v2harmony-ex_bp-complete.txt [31])) [32] (apdx-validation.tex
Overfull \hbox (2.66599pt too wide) in paragraph at lines 78--78
\T1/futs/m/n/9 ``[]\T1/txtt/m/n/9 http://www.sbml.org/sbml/level3/version1/fbc/
version3[]\T1/futs/m/n/9 '' names-pace, declar-ing so ei-ther ex-plic-
 []

[33

]

LaTeX Warning: Hyper reference `listoffluxbounds-class' on page 34 undefined on
 input line 123.


Overfull \hbox (6.85661pt too wide) in paragraph at lines 123--123
[][]\T1/phv/b/n/9 ListOf-Gene-Prod-ucts[][] \T1/futs/m/n/9 and [][]\T1/phv/b/n/
9 ListO-fUserDe-fined-Con-straints[][] \T1/futs/m/n/9 el-e-ments. No other el-e
-ments from the SBML Level 3
 []


LaTeX Warning: Hyper reference `listoffluxbounds-class' on page 34 undefined on
 input line 131.


LaTeX Warning: Reference `extended-model-class' on page 34 undefined on input l
ine 139.


LaTeX Warning: Reference `extended-model-class' on page 34 undefined on input l
ine 139.

[34] [35] [36]
Overfull \hbox (18.38991pt too wide) in paragraph at lines 442--442
[]\T1/futs/m/n/9 When the value of the \T1/phv/b/n/9 Model\T1/futs/m/n/9 s []\T
1/txtt/m/n/9 fbc:-strict[] \T1/futs/m/n/9 at-tribute is ``[]\T1/txtt/m/n/9 true
[]\T1/futs/m/n/9 '', the value of a \T1/phv/b/n/9 Species-Ref-er-ence\T1/futs/m
/n/9 's []\T1/txtt/m/n/9 stoichiometry[]
 []


Overfull \hbox (5.44724pt too wide) in paragraph at lines 458--458
[]\T1/futs/m/n/9 A [][]\T1/phv/b/n/9 Gene-Pro-duc-tAs-so-ci-a-tion[][] \T1/futs
/m/n/9 ob-ject may have the op-tional SBML Level 3 Core at-tributes []\T1/txtt/
m/n/9 metaid[] \T1/futs/m/n/9 and []\T1/txtt/m/n/9 sboTerm[]\T1/futs/m/n/9 .
 []

[37] [38]
Overfull \hbox (9.571pt too wide) in paragraph at lines 643--643
[]\T1/txtt/m/n/9 FbcVariableType[] \T1/futs/m/n/9 de-fined in SBML; that is, th
e value must be one of the fol-low-ing: ``[]\T1/txtt/m/n/9 linear[]\T1/futs/m/n
/9 '' or ``[]\T1/txtt/m/n/9 quadratic[]\T1/futs/m/n/9 ''.
 []


Overfull \hbox (2.44913pt too wide) in paragraph at lines 657--657
[]\T1/futs/m/n/9 An [][]\T1/phv/b/n/9 UserDe-fined-Con-straint[][] \T1/futs/m/n
/9 ob-ject may have the op-tional SBML Level 3 Core at-tributes []\T1/txtt/m/n/
9 metaid[] \T1/futs/m/n/9 and []\T1/txtt/m/n/9 sboTerm[]\T1/futs/m/n/9 .
 []


Overfull \hbox (4.69011pt too wide) in paragraph at lines 672--672
[]\T1/futs/m/n/9 An [][]\T1/phv/b/n/9 UserDe-fined-Con-straint[][] \T1/futs/m/n
/9 ob-ject must have the re-quired at-tributes []\T1/txtt/m/n/9 fbc:-lowerBound
[] \T1/futs/m/n/9 and []\T1/txtt/m/n/9 fbc:-upperBound[]\T1/futs/m/n/9 ,
 []

[39]) (apdx-sbo.tex [40]
LaTeX Font Info:    Font shape `T1/txtt/b/n' will be
(Font)              scaled to size 16.76161pt on input line 2.
LaTeX Font Info:    Font shape `T1/futs/bx/n' in size <8> not available
(Font)              Font shape `T1/futs/b/n' tried instead on input line 41.
LaTeX Font Info:    Font shape `T1/futs/bx/n' in size <6.8> not available
(Font)              Font shape `T1/futs/b/n' tried instead on input line 41.
LaTeX Font Info:    Font shape `T1/txtt/m/n' will be
(Font)              scaled to size 7.76001pt on input line 41.
LaTeX Font Info:    Font shape `T1/txtt/m/n' will be
(Font)              scaled to size 6.59601pt on input line 41.
) (acknowledgments.tex [41

]) [42

] (main.bbl)

AED: lastpage setting LastPage
[43


] (main.aux)

LaTeX Font Warning: Size substitutions with differences
(Font)              up to 0.43996pt have occurred.


LaTeX Warning: There were undefined references.

Package rerunfilecheck Info: File `main.out' has not changed.
(rerunfilecheck)             Checksum: E9C6ECBBD4526E1AF47538BF774BF0CD;10690.
 ) 
Here is how much of TeX's memory you used:
 17914 strings out of 475389
 278510 string characters out of 2786815
 872613 words of memory out of 3000000
 38020 multiletter control sequences out of 15000+600000
 690098 words of font info for 219 fonts, out of 8000000 for 9000
 1141 hyphenation exceptions out of 8191
 82i,14n,90p,1311b,2022s stack positions out of 10000i,1000n,20000p,200000b,80000s
 <C:\Users\bgoli\AppData\Local\MiKTeX\fonts/pk/ljfour/public/wasy/dpi600\wasy
9.pk>{C:/Program Files/MiKTeX/fonts/enc/dvips/base/8r.enc}<C:/Users/bgoli/AppDa
ta/Roaming/MiKTeX/fonts/type1/public/fourier/fourier-mex.pfb><C:/Users/bgoli/Ap
pData/Roaming/MiKTeX/fonts/type1/public/fourier/fourier-ms.pfb><C:/Program File
s/MiKTeX/fonts/type1/public/amsfonts/symbols/msam10.pfb><C:/Users/bgoli/AppData
/Roaming/MiKTeX/fonts/type1/adobe/utopia/putb8a.pfb><C:/Users/bgoli/AppData/Roa
ming/MiKTeX/fonts/type1/adobe/utopia/putr8a.pfb><C:/Users/bgoli/AppData/Roaming
/MiKTeX/fonts/type1/adobe/utopia/putri8a.pfb><C:/Users/bgoli/AppData/Roaming/Mi
KTeX/fonts/type1/public/txfonts/txbtt.pfb><C:/Users/bgoli/AppData/Roaming/MiKTe
X/fonts/type1/public/txfonts/txtt.pfb><C:/Program Files/MiKTeX/fonts/type1/urw/
helvetic/uhvb8a.pfb><C:/Program Files/MiKTeX/fonts/type1/urw/helvetic/uhvbo8a.p
fb><C:/Program Files/MiKTeX/fonts/type1/urw/helvetic/uhvr8a.pfb><C:/Program Fil
es/MiKTeX/fonts/type1/urw/helvetic/uhvro8a.pfb><C:/Program Files/MiKTeX/fonts/t
ype1/urw/zapfding/uzdr.pfb>
Output written on main.pdf (43 pages, 1592575 bytes).
PDF statistics:
 2320 PDF objects out of 2487 (max. 8388607)
 774 named destinations out of 1000 (max. 500000)
 434 words of extra memory for PDF output out of 10000 (max. 10000000)

