This is TeX, Version 3.14159 (Web2C 7.3.1) (format=latex 2000.12.29)  25 MAY 2001 11:17
**./images.tex
(./images.tex
LaTeX2e <1999/12/01> patch level 1
Babel <v3.6Z> and hyphenation patterns for american, french, german, ngerman, i
talian, portuges, russian, spanish, nohyphenation, loaded.

(/home/mhucka/projects/sysbio/sbw/docs/tex/cekarticle.cls
Document Class: cekarticle 2000/10/03 Caltech ERATO Kitano article class
(/usr/share/texmf/tex/latex/base/article.cls
Document Class: article 1999/09/10 v1.4a Standard LaTeX document class
(/usr/share/texmf/tex/latex/base/size10.clo
File: size10.clo 1999/09/10 v1.4a Standard LaTeX file (size option)
)
\c@part=\count79
\c@section=\count80
\c@subsection=\count81
\c@subsubsection=\count82
\c@paragraph=\count83
\c@subparagraph=\count84
\c@figure=\count85
\c@table=\count86
\abovecaptionskip=\skip41
\belowcaptionskip=\skip42
\bibindent=\dimen102
) (/home/mhucka/lib/tex/old/alltt.sty) (/usr/share/texmf/tex/latex/tools/verbat
im.sty
Package: verbatim 2000/01/07 v1.5m LaTeX2e package for verbatim enhancements
\every@verbatim=\toks14
\verbatim@line=\toks15
\verbatim@in@stream=\read1
) (/home/mhucka/lib/tex/latex/booktabs/booktabs.sty
Package: booktabs 1995/11/06 v1.00 publication quality tables
\heavyrulewidth=\dimen103
\lightrulewidth=\dimen104
\cmidrulewidth=\dimen105
\belowrulesep=\dimen106
\aboverulesep=\dimen107
\cmidrulesep=\dimen108
\cmidrulekern=\dimen109
\defaultaddspace=\dimen110
\rulesflag=\count87
\@cmidrulewidth=\dimen111
\@cmidla=\count88
\@cmidlb=\count89
) (/usr/share/texmf/tex/latex/natbib/natbib.sty
Package: natbib 1999/05/28 7.0 (PWD)
\bibhang=\skip43
\bibsep=\skip44
LaTeX Info: Redefining \cite on input line 508.
\c@NAT@ctr=\count90
) (/home/mhucka/projects/sysbio/sbw/docs/tex/html.sty
Package: html 1999/03/12 v1.37 hypertext commands for latex2html (nd, hws, rrm)

\c@lpart=\count91
\c@lchapter=\count92
\c@chapter=\count93
\c@lsection=\count94
\c@lsubsection=\count95
\c@lsubsubsection=\count96
\c@lparagraph=\count97
\c@lsubparagraph=\count98
\c@lsubsubparagraph=\count99
\ptrfile=\write3
) (/usr/share/texmf/tex/latex/graphics/graphicx.sty
Package: graphicx 1999/02/16 v1.0f Enhanced LaTeX Graphics (DPC,SPQR)
(/usr/share/texmf/tex/latex/graphics/keyval.sty
Package: keyval 1999/03/16 v1.13 key=value parser (DPC)
\KV@toks@=\toks16
) (/usr/share/texmf/tex/latex/graphics/graphics.sty
Package: graphics 1999/02/16 v1.0l Standard LaTeX Graphics (DPC,SPQR)
(/usr/share/texmf/tex/latex/graphics/trig.sty
Package: trig 1999/03/16 v1.09 sin cos tan (DPC)
) (/usr/share/texmf/tex/latex/config/graphics.cfg)
Package graphics Info: Driver file: dvips.def on input line 80.
(/usr/share/texmf/tex/latex/graphics/dvips.def
File: dvips.def 1999/02/16 v3.0i Driver-dependant file (DPC,SPQR)
))
\Gin@req@height=\dimen112
\Gin@req@width=\dimen113
) (/usr/share/texmf/tex/latex/hyperref/hyperref.sty
Package: hyperref 2001/04/05 v6.71e Hypertext links for LaTeX
\@linkdim=\dimen114
\Hy@linkcounter=\count100
\Hy@pagecounter=\count101
(/usr/share/texmf/tex/latex/hyperref/pd1enc.def
File: pd1enc.def 2001/04/05 v6.71e Hyperref: PDFDocEncoding definition (HO)
)
Package hyperref Info: Option `breaklinks' set `true' on input line 1603.
Package hyperref Info: Bookmarks ON on input line 1661.
Package hyperref Info: Hyper figures OFF on input line 1680.
Package hyperref Info: Link nesting OFF on input line 1685.
Package hyperref Info: Hyper index ON on input line 1688.
Package hyperref Info: Plain pages ON on input line 1693.
Package hyperref Info: Backreferencing OFF on input line 1700.
Implicit mode ON; LaTeX internals redefined
(/usr/share/texmf/tex/latex/html/url.sty
Package: url 1999/03/02  ver 1.4  Verb mode for urls, email addresses, and file
 names
)
LaTeX Info: Redefining \url on input line 1905.
LaTeX Info: Redefining \hyperref on input line 1916.
\Fld@menulength=\count102
\Field@Width=\dimen115
\Fld@charsize=\dimen116
\Choice@toks=\toks17
\Field@toks=\toks18
Package hyperref Info: Hyper figures OFF on input line 2351.
Package hyperref Info: Link nesting OFF on input line 2356.
Package hyperref Info: Hyper index ON on input line 2359.
Package hyperref Info: backreferencing OFF on input line 2366.
Package hyperref Info: Link coloring OFF on input line 2371.
\c@Item=\count103
\c@Hfootnote=\count104
)
*hyperref using default driver hypertex*
(/usr/share/texmf/tex/latex/hyperref/hypertex.def
File: hypertex.def 2001/04/05 v6.71e Hyperref driver for HyperTeX specials
)
\captionmargin=\skip45
\as@captionbox=\box26
\as@captionwidth=\skip46
) (/usr/share/texmf/tex/latex/base/ifthen.sty
Package: ifthen 1999/09/10 v1.1b Standard LaTeX ifthen package (DPC)
) (/usr/share/texmf/tex/latex/tools/array.sty
Package: array 1998/05/13 v2.3m Tabular extension package (FMi)
\col@sep=\dimen117
\extrarowheight=\dimen118
\NC@list=\toks19
\extratabsurround=\skip47
\backup@length=\skip48
) (/home/mhucka/lib/tex/old/wrapfig.sty
\WF@wrappedlines=\count105
) (/usr/share/texmf/tex/latex/graphics/color.sty
Package: color 1999/02/16 v1.0i Standard LaTeX Color (DPC)
(/usr/share/texmf/tex/latex/config/color.cfg)
Package color Info: Driver file: dvips.def on input line 125.
(/usr/share/texmf/tex/latex/graphics/dvipsnam.def
File: dvipsnam.def 1999/02/16 v3.0i Driver-dependant file (DPC,SPQR)
)) (/usr/share/texmf/tex/latex/base/inputenc.sty
Package: inputenc 1999/09/17 v0.992 Input encoding file 
)
\sizebox=\box27
\lthtmlwrite=\write4
(images.aux)
\openout1 = `images.aux'.

LaTeX Font Info:    Checking defaults for OML/cmm/m/it on input line 110.
LaTeX Font Info:    ... okay on input line 110.
LaTeX Font Info:    Checking defaults for T1/cmr/m/n on input line 110.
LaTeX Font Info:    ... okay on input line 110.
LaTeX Font Info:    Checking defaults for OT1/cmr/m/n on input line 110.
LaTeX Font Info:    ... okay on input line 110.
LaTeX Font Info:    Checking defaults for OMS/cmsy/m/n on input line 110.
LaTeX Font Info:    ... okay on input line 110.
LaTeX Font Info:    Checking defaults for OMX/cmex/m/n on input line 110.
LaTeX Font Info:    ... okay on input line 110.
LaTeX Font Info:    Checking defaults for U/cmr/m/n on input line 110.
LaTeX Font Info:    ... okay on input line 110.
LaTeX Font Info:    Checking defaults for PD1/pdf/m/n on input line 110.
LaTeX Font Info:    ... okay on input line 110.
Package hyperref Info: Link coloring OFF on input line 110.
(/usr/share/texmf/tex/latex/hyperref/nameref.sty
Package: nameref 2001/01/27 v2.19 Cross-referencing by name of section
\c@section@level=\count106
)
LaTeX Info: Redefining \ref on input line 110.
LaTeX Info: Redefining \pageref on input line 110.

latex2htmlLength hsize=349.0pt

latex2htmlLength vsize=721.73553pt

latex2htmlLength hoffset=0.0pt

latex2htmlLength voffset=0.0pt

latex2htmlLength topmargin=0.0pt

latex2htmlLength topskip=0.00003pt

latex2htmlLength headheight=0.0pt

latex2htmlLength headsep=0.0pt

latex2htmlLength parskip=5.59721pt

latex2htmlLength oddsidemargin=0.0pt

latex2htmlLength evensidemargin=0.0pt

l2hSize :example20:104.13672pt::0.0pt::349.0pt.
[1



]
File: sampleschema.eps Graphic file (type eps)
<sampleschema.eps>
l2hSize :tex2html_wrap758:51.99402pt::0.0pt::349.0pt.
[2


]
Overfull \hbox (6.74619pt too wide) in paragraph at lines 159--159
 []\OT1/cmtt/m/n/9 <element2 attributeB="attributeB-value" attributeC="attribut
eC-value">[] 
 []

l2hSize :example38:57.38638pt::0.0pt::349.0pt.
[3


]
File: sampleschema-abstract.eps Graphic file (type eps)
<sampleschema-abstract.eps>
l2hSize :tex2html_wrap794:51.99402pt::0.0pt::349.0pt.
[4


]
l2hSize :example130:39.18625pt::0.0pt::349.0pt.
[5


]
File: someschema-uml.eps Graphic file (type eps)
<someschema-uml.eps>
l2hSize :tex2html_wrap820:50.58876pt::0.0pt::349.0pt.
[6


]
l2hSize :example223:48.53632pt::0.0pt::349.0pt.
[7


]
l2hSize :example229:39.18625pt::0.0pt::349.0pt.
[8


]
l2hSize :exampleTight236:100.63605pt::0.0pt::349.0pt.
[9


]
File: id-example.eps Graphic file (type eps)
<id-example.eps>
l2hSize :tex2html_wrap846:60.42548pt::0.0pt::349.0pt.
[10


]
Overfull \hbox (82.3453pt too wide) in paragraph at lines 273--273
 []      \OT1/cmtt/m/n/9 <xs:element name="attributeC" type="CType" minOccurs="
0" maxOccurs="unbounded"/>[] 
 []

l2hSize :example264:151.38705pt::0.0pt::349.0pt.
[11


]
Overfull \hbox (82.3453pt too wide) in paragraph at lines 285--285
 []\OT1/cmtt/m/n/9 <ReferenceExample attributeA="something" attributeB="somethi
ng else" whichCToUse="c2">[] 
 []

l2hSize :example266:76.58652pt::0.0pt::349.0pt.
[12


]
File: two-classes.eps Graphic file (type eps)
<two-classes.eps>
l2hSize :tex2html_wrap860:54.10188pt::0.0pt::349.0pt.
[13


]
Overfull \hbox (44.54575pt too wide) in paragraph at lines 311--311
 []  \OT1/cmtt/m/n/9 <xs:attribute name="xlink:type" type="string" use="default
" value="simple"/>[] 
 []

l2hSize :example336:104.63672pt::0.0pt::349.0pt.
[14


]
Overfull \hbox (11.47113pt too wide) in paragraph at lines 327--327
 []  \OT1/cmtt/m/n/9 <controller xlink:href="http://www.myserver.net/db/control
lers/kc9"/>[] 
 []

l2hSize :example338:37.93623pt::0.0pt::349.0pt.
[15


]
File: xinclude.eps Graphic file (type eps)
<xinclude.eps>
l2hSize :tex2html_wrap884:49.18353pt::0.0pt::349.0pt.
[16


]
l2hSize :example348:95.28665pt::0.0pt::349.0pt.
[17


]
l2hSize :example350:37.93623pt::0.0pt::349.0pt.
[18


]
LaTeX Font Info:    External font `cmex10' loaded for size
(Font)              <7> on input line 370.
LaTeX Font Info:    External font `cmex10' loaded for size
(Font)              <5> on input line 370.

Overfull \hbox (33.28423pt too wide) in paragraph at lines 370--379
 [] 
 []

l2hSize :wrapfigure354:0.0pt::0.0pt::180.00623pt.
[19


]
File: simple-attr-list.eps Graphic file (type eps)
<simple-attr-list.eps>
l2hSize :tex2html_wrap906:40.04944pt::0.0pt::349.0pt.
[20


]
l2hSize :example392:95.28665pt::0.0pt::349.0pt.
[21


]
l2hSize :example401:76.58652pt::0.0pt::349.0pt.
[22


]
File: complex-attr-list.eps Graphic file (type eps)
<complex-attr-list.eps>
l2hSize :tex2html_wrap918:93.44872pt::0.0pt::349.0pt.
[23


]
l2hSize :example419:142.03699pt::0.0pt::349.0pt.
[24


]
l2hSize :example426:76.58652pt::0.0pt::349.0pt.
[25


]
File: two-classes-multi.eps Graphic file (type eps)
<two-classes-multi.eps>
l2hSize :tex2html_wrap928:55.50713pt::0.0pt::349.0pt.
[26


]
File: link-attr-list.eps Graphic file (type eps)
<link-attr-list.eps>
l2hSize :tex2html_wrap934:42.85992pt::0.0pt::349.0pt.
[27


]
l2hSize :example453:95.28665pt::0.0pt::349.0pt.
[28


]
l2hSize :example460:65.98643pt::0.0pt::349.0pt.
[29


]
Overfull \hbox (11.47113pt too wide) in paragraph at lines 519--519
 []    \OT1/cmtt/m/n/9 of text that might be too awkward to put inside an attri
bute value.[] 
 []

l2hSize :example465:67.23645pt::0.0pt::349.0pt.
[30


]
File: attribute-container.eps Graphic file (type eps)
<attribute-container.eps>
l2hSize :tex2html_wrap948:40.75206pt::0.0pt::349.0pt.
[31


]
l2hSize :example486:48.53632pt::0.0pt::349.0pt.
[32


]
File: class-container.eps Graphic file (type eps)
<class-container.eps>
l2hSize :tex2html_wrap956:30.91536pt::0.0pt::349.0pt.
[33


]
l2hSize :example509:48.53632pt::0.0pt::349.0pt.
[34


]
l2hSize :example516:37.93623pt::0.0pt::349.0pt.
[35


]
File: someschema-constraints.eps Graphic file (type eps)
<someschema-constraints.eps>
l2hSize :tex2html_wrap972:41.45468pt::0.0pt::349.0pt.
[36


]
File: someschema-constraints-boxed.eps Graphic file (type eps)
<someschema-constraints-boxed.eps>
l2hSize :tex2html_wrap974:41.45468pt::0.0pt::349.0pt.
[37


]
l2hSize :example557:104.63672pt::0.0pt::349.0pt.
[38


]
File: minoccurs.eps Graphic file (type eps)
<minoccurs.eps>
l2hSize :tex2html_wrap982:39.34682pt::0.0pt::349.0pt.
[39


]
l2hSize :example566:48.53632pt::0.0pt::349.0pt.
[40


]
File: min-max.eps Graphic file (type eps)
<min-max.eps>
l2hSize :tex2html_wrap988:44.26517pt::0.0pt::349.0pt.
[41


]
Overfull \hbox (91.7952pt too wide) in paragraph at lines 639--639
 []  \OT1/cmtt/m/n/9 <xs:attribute name="intValue"   type="xs:integer" minInclu
sive="1" maxInclusive="10"/>[] 
 []


Overfull \hbox (25.64597pt too wide) in paragraph at lines 640--640
 []  \OT1/cmtt/m/n/9 <xs:attribute name="floatValue" type="xs:double"  maxExclu
sive="0.001"/>[] 
 []

l2hSize :example579:48.53632pt::0.0pt::349.0pt.
[42


]
File: sampleschema-units.eps Graphic file (type eps)
<sampleschema-units.eps>
l2hSize :tex2html_wrap1006:61.1281pt::0.0pt::349.0pt.
[43


]
l2hSize :example606:85.93658pt::0.0pt::349.0pt.
[44


]
File: someschema-inherit.eps Graphic file (type eps)
<someschema-inherit.eps>
l2hSize :tex2html_wrap1026:84.31462pt::0.0pt::349.0pt.
[45


]
Overfull \hbox (44.54575pt too wide) in paragraph at lines 687--687
 [] \OT1/cmtt/m/n/9 <xs:complexType name="SomeClass" base="SomeOtherClass" deri
vedBy="extension">[] 
 []

l2hSize :example652:76.58652pt::0.0pt::349.0pt.
[46


] (images.aux) ) 
Here is how much of TeX's memory you used:
 2877 strings out of 20863
 37666 string characters out of 196072
 83115 words of memory out of 350001
 5815 multiletter control sequences out of 10000+15000
 4106 words of font info for 16 fonts, out of 400000 for 1000
 26 hyphenation exceptions out of 10000
 32i,10n,25p,302b,380s stack positions out of 3000i,100n,1500p,50000b,4000s

Output written on images.dvi (46 pages, 19912 bytes).
