This is pdfTeX, Version 3.1415926-2.4-1.40.13 (TeX Live 2012) (format=pdflatex 2012.6.30)  18 JUN 2015 21:28
entering extended mode
 restricted \write18 enabled.
 file:line:error style messages enabled.
 %&-line parsing enabled.
**jib_example.tex
(./jib_example.tex
LaTeX2e <2011/06/27>
Babel <v3.8m> and hyphenation patterns for english, dumylang, nohyphenation, ge
rman-x-2012-05-30, ngerman-x-2012-05-30, afrikaans, ancientgreek, ibycus, arabi
c, armenian, basque, bulgarian, catalan, pinyin, coptic, croatian, czech, danis
h, dutch, ukenglish, usenglishmax, esperanto, estonian, ethiopic, farsi, finnis
h, french, friulan, galician, german, ngerman, swissgerman, monogreek, greek, h
ungarian, icelandic, assamese, bengali, gujarati, hindi, kannada, malayalam, ma
rathi, oriya, panjabi, tamil, telugu, indonesian, interlingua, irish, italian, 
kurmanji, latin, latvian, lithuanian, mongolian, mongolianlmc, bokmal, nynorsk,
 polish, portuguese, romanian, romansh, russian, sanskrit, serbian, serbianc, s
lovak, slovenian, spanish, swedish, turkish, turkmen, ukrainian, uppersorbian, 
welsh, loaded.
(./jib.cls
Document Class: jib 2012/08/06 v2.0 by Stephan Weise
(/usr/local/texlive/2012/texmf-dist/tex/latex/base/article.cls
Document Class: article 2007/10/19 v1.4h Standard LaTeX document class
(/usr/local/texlive/2012/texmf-dist/tex/latex/base/size12.clo
File: size12.clo 2007/10/19 v1.4h Standard LaTeX file (size option)
)
\c@part=\count79
\c@section=\count80
\c@subsection=\count81
\c@subsubsection=\count82
\c@paragraph=\count83
\c@subparagraph=\count84
\c@figure=\count85
\c@table=\count86
\abovecaptionskip=\skip41
\belowcaptionskip=\skip42
\bibindent=\dimen102
)
(/usr/local/texlive/2012/texmf-dist/tex/latex/tools/calc.sty
Package: calc 2007/08/22 v4.3 Infix arithmetic (KKT,FJ)
\calc@Acount=\count87
\calc@Bcount=\count88
\calc@Adimen=\dimen103
\calc@Bdimen=\dimen104
\calc@Askip=\skip43
\calc@Bskip=\skip44
LaTeX Info: Redefining \setlength on input line 76.
LaTeX Info: Redefining \addtolength on input line 77.
\calc@Ccount=\count89
\calc@Cskip=\skip45
)
(/usr/local/texlive/2012/texmf-dist/tex/latex/url/url.sty
\Urlmuskip=\muskip10
Package: url 2006/04/12  ver 3.3  Verb mode for urls, etc.
)
(/usr/local/texlive/2012/texmf-dist/tex/latex/listings/listings.sty
(/usr/local/texlive/2012/texmf-dist/tex/latex/graphics/keyval.sty
Package: keyval 1999/03/16 v1.13 key=value parser (DPC)
\KV@toks@=\toks14
)
\lst@mode=\count90
\lst@gtempboxa=\box26
\lst@token=\toks15
\lst@length=\count91
\lst@currlwidth=\dimen105
\lst@column=\count92
\lst@pos=\count93
\lst@lostspace=\dimen106
\lst@width=\dimen107
\lst@newlines=\count94
\lst@lineno=\count95
\lst@maxwidth=\dimen108

(/usr/local/texlive/2012/texmf-dist/tex/latex/listings/lstmisc.sty
File: lstmisc.sty 2007/02/22 1.4 (Carsten Heinz)
\c@lstnumber=\count96
\lst@skipnumbers=\count97
\lst@framebox=\box27
)
(/usr/local/texlive/2012/texmf-dist/tex/latex/listings/listings.cfg
File: listings.cfg 2007/02/22 1.4 listings configuration
))
Package: listings 2007/02/22 1.4 (Carsten Heinz)

(/usr/local/texlive/2012/texmf-dist/tex/latex/caption/caption.sty
Package: caption 2012/02/19 v3.2f Customizing captions (AR)

(/usr/local/texlive/2012/texmf-dist/tex/latex/caption/caption3.sty
Package: caption3 2012/01/12 v1.4b caption3 kernel (AR)
\captionmargin=\dimen109
\captionmargin@=\dimen110
\captionwidth=\dimen111
\caption@indent=\dimen112
\caption@parindent=\dimen113
\caption@hangindent=\dimen114
)
\c@ContinuedFloat=\count98
Package caption Info: listings package is loaded.
)
(/usr/local/texlive/2012/texmf-dist/tex/latex/base/textcomp.sty
Package: textcomp 2005/09/27 v1.99g Standard LaTeX package
Package textcomp Info: Sub-encoding information:
(textcomp)               5 = only ISO-Adobe without \textcurrency
(textcomp)               4 = 5 + \texteuro
(textcomp)               3 = 4 + \textohm
(textcomp)               2 = 3 + \textestimated + \textcurrency
(textcomp)               1 = TS1 - \textcircled - \t
(textcomp)               0 = TS1 (full)
(textcomp)             Font families with sub-encoding setting implement
(textcomp)             only a restricted character set as indicated.
(textcomp)             Family '?' is the default used for unknown fonts.
(textcomp)             See the documentation for details.
Package textcomp Info: Setting ? sub-encoding to TS1/1 on input line 71.

(/usr/local/texlive/2012/texmf-dist/tex/latex/base/ts1enc.def
File: ts1enc.def 2001/06/05 v3.0e (jk/car/fm) Standard LaTeX file
)
LaTeX Info: Redefining \oldstylenums on input line 266.
Package textcomp Info: Setting cmr sub-encoding to TS1/0 on input line 281.
Package textcomp Info: Setting cmss sub-encoding to TS1/0 on input line 282.
Package textcomp Info: Setting cmtt sub-encoding to TS1/0 on input line 283.
Package textcomp Info: Setting cmvtt sub-encoding to TS1/0 on input line 284.
Package textcomp Info: Setting cmbr sub-encoding to TS1/0 on input line 285.
Package textcomp Info: Setting cmtl sub-encoding to TS1/0 on input line 286.
Package textcomp Info: Setting ccr sub-encoding to TS1/0 on input line 287.
Package textcomp Info: Setting ptm sub-encoding to TS1/4 on input line 288.
Package textcomp Info: Setting pcr sub-encoding to TS1/4 on input line 289.
Package textcomp Info: Setting phv sub-encoding to TS1/4 on input line 290.
Package textcomp Info: Setting ppl sub-encoding to TS1/3 on input line 291.
Package textcomp Info: Setting pag sub-encoding to TS1/4 on input line 292.
Package textcomp Info: Setting pbk sub-encoding to TS1/4 on input line 293.
Package textcomp Info: Setting pnc sub-encoding to TS1/4 on input line 294.
Package textcomp Info: Setting pzc sub-encoding to TS1/4 on input line 295.
Package textcomp Info: Setting bch sub-encoding to TS1/4 on input line 296.
Package textcomp Info: Setting put sub-encoding to TS1/5 on input line 297.
Package textcomp Info: Setting uag sub-encoding to TS1/5 on input line 298.
Package textcomp Info: Setting ugq sub-encoding to TS1/5 on input line 299.
Package textcomp Info: Setting ul8 sub-encoding to TS1/4 on input line 300.
Package textcomp Info: Setting ul9 sub-encoding to TS1/4 on input line 301.
Package textcomp Info: Setting augie sub-encoding to TS1/5 on input line 302.
Package textcomp Info: Setting dayrom sub-encoding to TS1/3 on input line 303.
Package textcomp Info: Setting dayroms sub-encoding to TS1/3 on input line 304.

Package textcomp Info: Setting pxr sub-encoding to TS1/0 on input line 305.
Package textcomp Info: Setting pxss sub-encoding to TS1/0 on input line 306.
Package textcomp Info: Setting pxtt sub-encoding to TS1/0 on input line 307.
Package textcomp Info: Setting txr sub-encoding to TS1/0 on input line 308.
Package textcomp Info: Setting txss sub-encoding to TS1/0 on input line 309.
Package textcomp Info: Setting txtt sub-encoding to TS1/0 on input line 310.
Package textcomp Info: Setting lmr sub-encoding to TS1/0 on input line 311.
Package textcomp Info: Setting lmdh sub-encoding to TS1/0 on input line 312.
Package textcomp Info: Setting lmss sub-encoding to TS1/0 on input line 313.
Package textcomp Info: Setting lmssq sub-encoding to TS1/0 on input line 314.
Package textcomp Info: Setting lmvtt sub-encoding to TS1/0 on input line 315.
Package textcomp Info: Setting qhv sub-encoding to TS1/0 on input line 316.
Package textcomp Info: Setting qag sub-encoding to TS1/0 on input line 317.
Package textcomp Info: Setting qbk sub-encoding to TS1/0 on input line 318.
Package textcomp Info: Setting qcr sub-encoding to TS1/0 on input line 319.
Package textcomp Info: Setting qcs sub-encoding to TS1/0 on input line 320.
Package textcomp Info: Setting qpl sub-encoding to TS1/0 on input line 321.
Package textcomp Info: Setting qtm sub-encoding to TS1/0 on input line 322.
Package textcomp Info: Setting qzc sub-encoding to TS1/0 on input line 323.
Package textcomp Info: Setting qhvc sub-encoding to TS1/0 on input line 324.
Package textcomp Info: Setting futs sub-encoding to TS1/4 on input line 325.
Package textcomp Info: Setting futx sub-encoding to TS1/4 on input line 326.
Package textcomp Info: Setting futj sub-encoding to TS1/4 on input line 327.
Package textcomp Info: Setting hlh sub-encoding to TS1/3 on input line 328.
Package textcomp Info: Setting hls sub-encoding to TS1/3 on input line 329.
Package textcomp Info: Setting hlst sub-encoding to TS1/3 on input line 330.
Package textcomp Info: Setting hlct sub-encoding to TS1/5 on input line 331.
Package textcomp Info: Setting hlx sub-encoding to TS1/5 on input line 332.
Package textcomp Info: Setting hlce sub-encoding to TS1/5 on input line 333.
Package textcomp Info: Setting hlcn sub-encoding to TS1/5 on input line 334.
Package textcomp Info: Setting hlcw sub-encoding to TS1/5 on input line 335.
Package textcomp Info: Setting hlcf sub-encoding to TS1/5 on input line 336.
Package textcomp Info: Setting pplx sub-encoding to TS1/3 on input line 337.
Package textcomp Info: Setting pplj sub-encoding to TS1/3 on input line 338.
Package textcomp Info: Setting ptmx sub-encoding to TS1/4 on input line 339.
Package textcomp Info: Setting ptmj sub-encoding to TS1/4 on input line 340.
)
(/usr/local/texlive/2012/texmf-dist/tex/latex/psnfss/times.sty
Package: times 2005/04/12 PSNFSS-v9.2a (SPQR) 
)
(/usr/local/texlive/2012/texmf-dist/tex/latex/graphics/graphicx.sty
Package: graphicx 1999/02/16 v1.0f Enhanced LaTeX Graphics (DPC,SPQR)

(/usr/local/texlive/2012/texmf-dist/tex/latex/graphics/graphics.sty
Package: graphics 2009/02/05 v1.0o Standard LaTeX Graphics (DPC,SPQR)

(/usr/local/texlive/2012/texmf-dist/tex/latex/graphics/trig.sty
Package: trig 1999/03/16 v1.09 sin cos tan (DPC)
)
(/usr/local/texlive/2012/texmf-dist/tex/latex/latexconfig/graphics.cfg
File: graphics.cfg 2010/04/23 v1.9 graphics configuration of TeX Live
)
Package graphics Info: Driver file: pdftex.def on input line 91.

(/usr/local/texlive/2012/texmf-dist/tex/latex/pdftex-def/pdftex.def
File: pdftex.def 2011/05/27 v0.06d Graphics/color for pdfTeX

(/usr/local/texlive/2012/texmf-dist/tex/generic/oberdiek/infwarerr.sty
Package: infwarerr 2010/04/08 v1.3 Providing info/warning/error messages (HO)
)
(/usr/local/texlive/2012/texmf-dist/tex/generic/oberdiek/ltxcmds.sty
Package: ltxcmds 2011/11/09 v1.22 LaTeX kernel commands for general use (HO)
)
\Gread@gobject=\count99
))
\Gin@req@height=\dimen115
\Gin@req@width=\dimen116
)
(/usr/local/texlive/2012/texmf-dist/tex/latex/graphics/epsfig.sty
Package: epsfig 1999/02/16 v1.7a (e)psfig emulation (SPQR)
\epsfxsize=\dimen117
\epsfysize=\dimen118
)
(/usr/local/texlive/2012/texmf-dist/tex/latex/vmargin/vmargin.sty
Package: vmargin 2004/07/15 V2.5 set document margins (VK)

Package: vmargin 2004/07/15 V2.5 set document margins (VK)
\PaperWidth=\dimen119
\PaperHeight=\dimen120
) (/usr/local/texlive/2012/texmf-dist/tex/latex/hyperref/hyperref.sty
Package: hyperref 2012/05/13 v6.82q Hypertext links for LaTeX

(/usr/local/texlive/2012/texmf-dist/tex/generic/oberdiek/hobsub-hyperref.sty
Package: hobsub-hyperref 2012/05/28 v1.13 Bundle oberdiek, subset hyperref (HO)


(/usr/local/texlive/2012/texmf-dist/tex/generic/oberdiek/hobsub-generic.sty
Package: hobsub-generic 2012/05/28 v1.13 Bundle oberdiek, subset generic (HO)
Package: hobsub 2012/05/28 v1.13 Construct package bundles (HO)
Package hobsub Info: Skipping package `infwarerr' (already loaded).
Package hobsub Info: Skipping package `ltxcmds' (already loaded).
Package: ifluatex 2010/03/01 v1.3 Provides the ifluatex switch (HO)
Package ifluatex Info: LuaTeX not detected.
Package: ifvtex 2010/03/01 v1.5 Detect VTeX and its facilities (HO)
Package ifvtex Info: VTeX not detected.
Package: intcalc 2007/09/27 v1.1 Expandable calculations with integers (HO)
Package: ifpdf 2011/01/30 v2.3 Provides the ifpdf switch (HO)
Package ifpdf Info: pdfTeX in PDF mode is detected.
Package: etexcmds 2011/02/16 v1.5 Avoid name clashes with e-TeX commands (HO)
Package etexcmds Info: Could not find \expanded.
(etexcmds)             That can mean that you are not using pdfTeX 1.50 or
(etexcmds)             that some package has redefined \expanded.
(etexcmds)             In the latter case, load this package earlier.
Package: kvsetkeys 2012/04/25 v1.16 Key value parser (HO)
Package: kvdefinekeys 2011/04/07 v1.3 Define keys (HO)
Package: pdftexcmds 2011/11/29 v0.20 Utility functions of pdfTeX for LuaTeX (HO
)
Package pdftexcmds Info: LuaTeX not detected.
Package pdftexcmds Info: \pdf@primitive is available.
Package pdftexcmds Info: \pdf@ifprimitive is available.
Package pdftexcmds Info: \pdfdraftmode found.
Package: pdfescape 2011/11/25 v1.13 Implements pdfTeX's escape features (HO)
Package: bigintcalc 2012/04/08 v1.3 Expandable calculations on big integers (HO
)
Package: bitset 2011/01/30 v1.1 Handle bit-vector datatype (HO)
Package: uniquecounter 2011/01/30 v1.2 Provide unlimited unique counter (HO)
)
Package hobsub Info: Skipping package `hobsub' (already loaded).
Package: letltxmacro 2010/09/02 v1.4 Let assignment for LaTeX macros (HO)
Package: hopatch 2012/05/28 v1.2 Wrapper for package hooks (HO)
Package: xcolor-patch 2011/01/30 xcolor patch
Package: atveryend 2011/06/30 v1.8 Hooks at the very end of document (HO)
Package atveryend Info: \enddocument detected (standard20110627).
Package: atbegshi 2011/10/05 v1.16 At begin shipout hook (HO)
Package: refcount 2011/10/16 v3.4 Data extraction from label references (HO)
Package: hycolor 2011/01/30 v1.7 Color options for hyperref/bookmark (HO)
)
(/usr/local/texlive/2012/texmf-dist/tex/generic/ifxetex/ifxetex.sty
Package: ifxetex 2010/09/12 v0.6 Provides ifxetex conditional
)
(/usr/local/texlive/2012/texmf-dist/tex/latex/oberdiek/kvoptions.sty
Package: kvoptions 2011/06/30 v3.11 Key value format for package options (HO)
)
\@linkdim=\dimen121
\Hy@linkcounter=\count100
\Hy@pagecounter=\count101

(/usr/local/texlive/2012/texmf-dist/tex/latex/hyperref/pd1enc.def
File: pd1enc.def 2012/05/13 v6.82q Hyperref: PDFDocEncoding definition (HO)
)
\Hy@SavedSpaceFactor=\count102

(/usr/local/texlive/2012/texmf-dist/tex/latex/latexconfig/hyperref.cfg
File: hyperref.cfg 2002/06/06 v1.2 hyperref configuration of TeXLive
)
Package hyperref Info: Hyper figures OFF on input line 4062.
Package hyperref Info: Link nesting OFF on input line 4067.
Package hyperref Info: Hyper index ON on input line 4070.
Package hyperref Info: Plain pages OFF on input line 4077.
Package hyperref Info: Backreferencing OFF on input line 4082.
Package hyperref Info: Implicit mode ON; LaTeX internals redefined.
Package hyperref Info: Bookmarks ON on input line 4300.
\c@Hy@tempcnt=\count103
LaTeX Info: Redefining \url on input line 4653.
\Fld@menulength=\count104
\Field@Width=\dimen122
\Fld@charsize=\dimen123
Package hyperref Info: Hyper figures OFF on input line 5773.
Package hyperref Info: Link nesting OFF on input line 5778.
Package hyperref Info: Hyper index ON on input line 5781.
Package hyperref Info: backreferencing OFF on input line 5788.
Package hyperref Info: Link coloring OFF on input line 5793.
Package hyperref Info: Link coloring with OCG OFF on input line 5798.
Package hyperref Info: PDF/A mode OFF on input line 5803.
LaTeX Info: Redefining \ref on input line 5843.
LaTeX Info: Redefining \pageref on input line 5847.
\Hy@abspage=\count105
\c@Item=\count106
\c@Hfootnote=\count107
)

Package hyperref Message: Driver (autodetected): hpdftex.

(/usr/local/texlive/2012/texmf-dist/tex/latex/hyperref/hpdftex.def
File: hpdftex.def 2012/05/13 v6.82q Hyperref driver for pdfTeX
\Fld@listcount=\count108
\c@bookmark@seq@number=\count109

(/usr/local/texlive/2012/texmf-dist/tex/latex/oberdiek/rerunfilecheck.sty
Package: rerunfilecheck 2011/04/15 v1.7 Rerun checks for auxiliary files (HO)
Package uniquecounter Info: New unique counter `rerunfilecheck' on input line 2
82.
)
\Hy@SectionHShift=\skip46
)
Package hyperref Info: Option `naturalnames' set `true' on input line 45.
Package hyperref Info: Option `hypertexnames' set `false' on input line 45.
Package hyperref Info: Option `pageanchor' set `false' on input line 45.
Package hyperref Info: Option `plainpages' set `false' on input line 45.
Package hyperref Info: Option `breaklinks' set `true' on input line 45.
Package hyperref Info: Option `colorlinks' set `true' on input line 45.


Package hyperref Warning: Option `bookmarks' has already been used,
(hyperref)                setting the option has no effect on input line 45.

Package hyperref Info: Option `bookmarksopen' set `true' on input line 45.
(/usr/local/texlive/2012/texmf-dist/tex/latex/eso-pic/eso-pic.sty
Package: eso-pic 2010/10/06 v2.0c eso-pic (RN)

(/usr/local/texlive/2012/texmf-dist/tex/latex/xcolor/xcolor.sty
Package: xcolor 2007/01/21 v2.11 LaTeX color extensions (UK)

(/usr/local/texlive/2012/texmf-dist/tex/latex/latexconfig/color.cfg
File: color.cfg 2007/01/18 v1.5 color configuration of teTeX/TeXLive
)
Package xcolor Info: Driver file: pdftex.def on input line 225.
Package xcolor Info: Model `cmy' substituted by `cmy0' on input line 1337.
Package xcolor Info: Model `hsb' substituted by `rgb' on input line 1341.
Package xcolor Info: Model `RGB' extended on input line 1353.
Package xcolor Info: Model `HTML' substituted by `rgb' on input line 1355.
Package xcolor Info: Model `Hsb' substituted by `hsb' on input line 1356.
Package xcolor Info: Model `tHsb' substituted by `hsb' on input line 1357.
Package xcolor Info: Model `HSB' substituted by `hsb' on input line 1358.
Package xcolor Info: Model `Gray' substituted by `gray' on input line 1359.
Package xcolor Info: Model `wave' substituted by `hsb' on input line 1360.
)))
\platz=\skip47

(/usr/local/texlive/2012/texmf-dist/tex/latex/pdfpages/pdfpages.sty
Package: pdfpages 2012/04/03 v0.4s Insert pages of external PDF documents (AM)

(/usr/local/texlive/2012/texmf-dist/tex/latex/base/ifthen.sty
Package: ifthen 2001/05/26 v1.1c Standard LaTeX ifthen package (DPC)
)
(/usr/local/texlive/2012/texmf-dist/tex/latex/pdfpages/pppdftex.def
File: pppdftex.def 2012/04/03 v0.4s Pdfpages driver for pdfTeX (AM)
)
\AM@pagebox=\box28
\AM@toc@title=\toks16
\c@AM@survey=\count110
\AM@templatesizebox=\box29
)
(./jib_example.aux)
\openout1 = `jib_example.aux'.

LaTeX Font Info:    Checking defaults for OML/cmm/m/it on input line 26.
LaTeX Font Info:    ... okay on input line 26.
LaTeX Font Info:    Checking defaults for T1/cmr/m/n on input line 26.
LaTeX Font Info:    ... okay on input line 26.
LaTeX Font Info:    Checking defaults for OT1/cmr/m/n on input line 26.
LaTeX Font Info:    ... okay on input line 26.
LaTeX Font Info:    Checking defaults for OMS/cmsy/m/n on input line 26.
LaTeX Font Info:    ... okay on input line 26.
LaTeX Font Info:    Checking defaults for OMX/cmex/m/n on input line 26.
LaTeX Font Info:    ... okay on input line 26.
LaTeX Font Info:    Checking defaults for U/cmr/m/n on input line 26.
LaTeX Font Info:    ... okay on input line 26.
LaTeX Font Info:    Checking defaults for TS1/cmr/m/n on input line 26.
LaTeX Font Info:    Try loading font information for TS1+cmr on input line 26.

(/usr/local/texlive/2012/texmf-dist/tex/latex/base/ts1cmr.fd
File: ts1cmr.fd 1999/05/25 v2.5h Standard LaTeX font definitions
)
LaTeX Font Info:    ... okay on input line 26.
LaTeX Font Info:    Checking defaults for PD1/pdf/m/n on input line 26.
LaTeX Font Info:    ... okay on input line 26.
LaTeX Font Info:    Try loading font information for OT1+ptm on input line 26.

(/usr/local/texlive/2012/texmf-dist/tex/latex/psnfss/ot1ptm.fd
File: ot1ptm.fd 2001/06/04 font definitions for OT1/ptm.
)
\c@lstlisting=\count111
Package caption Info: Begin \AtBeginDocument code.
Package caption Info: hyperref package is loaded.
Package caption Info: End \AtBeginDocument code.

(/usr/local/texlive/2012/texmf-dist/tex/context/base/supp-pdf.mkii
[Loading MPS to PDF converter (version 2006.09.02).]
\scratchcounter=\count112
\scratchdimen=\dimen124
\scratchbox=\box30
\nofMPsegments=\count113
\nofMParguments=\count114
\everyMPshowfont=\toks17
\MPscratchCnt=\count115
\MPscratchDim=\dimen125
\MPnumerator=\count116
\makeMPintoPDFobject=\count117
\everyMPtoPDFconversion=\toks18
) (/usr/local/texlive/2012/texmf-dist/tex/latex/oberdiek/epstopdf-base.sty
Package: epstopdf-base 2010/02/09 v2.5 Base part for package epstopdf

(/usr/local/texlive/2012/texmf-dist/tex/latex/oberdiek/grfext.sty
Package: grfext 2010/08/19 v1.1 Manage graphics extensions (HO)
)
Package grfext Info: Graphics extension search list:
(grfext)             [.png,.pdf,.jpg,.mps,.jpeg,.jbig2,.jb2,.PNG,.PDF,.JPG,.JPE
G,.JBIG2,.JB2,.eps]
(grfext)             \AppendGraphicsExtensions on input line 452.

(/usr/local/texlive/2012/texmf-dist/tex/latex/latexconfig/epstopdf-sys.cfg
File: epstopdf-sys.cfg 2010/07/13 v1.3 Configuration of (r)epstopdf for TeX Liv
e
))
\AtBeginShipoutBox=\box31
Package hyperref Info: Link coloring ON on input line 26.

(/usr/local/texlive/2012/texmf-dist/tex/latex/hyperref/nameref.sty
Package: nameref 2010/04/30 v2.40 Cross-referencing by name of section

(/usr/local/texlive/2012/texmf-dist/tex/generic/oberdiek/gettitlestring.sty
Package: gettitlestring 2010/12/03 v1.4 Cleanup title references (HO)
)
\c@section@level=\count118
)
LaTeX Info: Redefining \ref on input line 26.
LaTeX Info: Redefining \pageref on input line 26.
LaTeX Info: Redefining \nameref on input line 26.

(./jib_example.out) (./jib_example.out)
\@outlinefile=\write3
\openout3 = `jib_example.out'.

LaTeX Font Info:    Try loading font information for OT1+phv on input line 34.

(/usr/local/texlive/2012/texmf-dist/tex/latex/psnfss/ot1phv.fd
File: ot1phv.fd 2001/06/04 scalable font definitions for OT1/phv.
)
\c@institution=\count119
LaTeX Font Info:    Font shape `OT1/phv/bx/n' in size <14.4> not available
(Font)              Font shape `OT1/phv/b/n' tried instead on input line 36.
LaTeX Font Info:    Font shape `OT1/phv/bx/n' in size <10.95> not available
(Font)              Font shape `OT1/phv/b/n' tried instead on input line 50.
LaTeX Font Info:    External font `cmex10' loaded for size
(Font)              <10.95> on input line 50.
LaTeX Font Info:    External font `cmex10' loaded for size
(Font)              <8> on input line 50.
LaTeX Font Info:    External font `cmex10' loaded for size
(Font)              <6> on input line 50.
LaTeX Font Info:    Font shape `OT1/phv/bx/n' in size <8> not available
(Font)              Font shape `OT1/phv/b/n' tried instead on input line 50.
LaTeX Font Info:    External font `cmex10' loaded for size
(Font)              <12> on input line 52.
LaTeX Font Info:    Font shape `OT1/ptm/bx/n' in size <10.95> not available
(Font)              Font shape `OT1/ptm/b/n' tried instead on input line 65.
 [1{/usr/local/texlive/2012/texmf-var/fonts/map/pdftex/updmap/pdftex.map}

]
<sbgn_PD-level1.pdf, id=34, page=1, 597.50829pt x 845.0471pt>
File: sbgn_PD-level1.pdf Graphic file (type pdf)

<use sbgn_PD-level1.pdf, page 1>
Package pdftex.def Info: sbgn_PD-level1.pdf, page1 used on input line 72.
(pdftex.def)             Requested size: 597.50682pt x 845.04504pt.
File: sbgn_PD-level1.pdf Graphic file (type pdf)
 <use sbgn_PD-level1.pdf, page 1>
Package pdftex.def Info: sbgn_PD-level1.pdf, page1 used on input line 72.
(pdftex.def)             Requested size: 598.1359pt x 845.93475pt.
File: sbgn_PD-level1.pdf Graphic file (type pdf)

<use sbgn_PD-level1.pdf, page 1>
Package pdftex.def Info: sbgn_PD-level1.pdf, page1 used on input line 72.
(pdftex.def)             Requested size: 598.1359pt x 845.93475pt.
File: sbgn_PD-level1.pdf Graphic file (type pdf)
 <use sbgn_PD-level1.pdf, page 1>
Package pdftex.def Info: sbgn_PD-level1.pdf, page1 used on input line 72.
(pdftex.def)             Requested size: 598.1359pt x 845.93475pt.
File: sbgn_PD-level1.pdf Graphic file (type pdf)

<use sbgn_PD-level1.pdf, page 1>
Package pdftex.def Info: sbgn_PD-level1.pdf, page1 used on input line 72.
(pdftex.def)             Requested size: 598.1359pt x 845.93475pt.
 [2 <./sbgn_PD-level1.pdf>]
<sbgn_PD-level1.pdf, id=75, page=2, 597.50829pt x 845.0471pt>
File: sbgn_PD-level1.pdf Graphic file (type pdf)

<use sbgn_PD-level1.pdf, page 2>
Package pdftex.def Info: sbgn_PD-level1.pdf, page2 used on input line 72.
(pdftex.def)             Requested size: 598.1359pt x 845.93475pt.
File: sbgn_PD-level1.pdf Graphic file (type pdf)
 <use sbgn_PD-level1.pdf, page 2>
Package pdftex.def Info: sbgn_PD-level1.pdf, page2 used on input line 72.
(pdftex.def)             Requested size: 598.1359pt x 845.93475pt.
File: sbgn_PD-level1.pdf Graphic file (type pdf)

<use sbgn_PD-level1.pdf, page 2>
Package pdftex.def Info: sbgn_PD-level1.pdf, page2 used on input line 72.
(pdftex.def)             Requested size: 598.1359pt x 845.93475pt.
 [3 <./sbgn_PD-level1.pdf>]
<sbgn_PD-level1.pdf, id=84, page=3, 597.50829pt x 845.0471pt>
File: sbgn_PD-level1.pdf Graphic file (type pdf)

<use sbgn_PD-level1.pdf, page 3>
Package pdftex.def Info: sbgn_PD-level1.pdf, page3 used on input line 72.
(pdftex.def)             Requested size: 598.1359pt x 845.93475pt.
File: sbgn_PD-level1.pdf Graphic file (type pdf)
 <use sbgn_PD-level1.pdf, page 3>
Package pdftex.def Info: sbgn_PD-level1.pdf, page3 used on input line 72.
(pdftex.def)             Requested size: 598.1359pt x 845.93475pt.
File: sbgn_PD-level1.pdf Graphic file (type pdf)

<use sbgn_PD-level1.pdf, page 3>
Package pdftex.def Info: sbgn_PD-level1.pdf, page3 used on input line 72.
(pdftex.def)             Requested size: 598.1359pt x 845.93475pt.
 [4 <./sbgn_PD-level1.pdf>]
<sbgn_PD-level1.pdf, id=98, page=4, 597.50829pt x 845.0471pt>
File: sbgn_PD-level1.pdf Graphic file (type pdf)

<use sbgn_PD-level1.pdf, page 4>
Package pdftex.def Info: sbgn_PD-level1.pdf, page4 used on input line 72.
(pdftex.def)             Requested size: 598.1359pt x 845.93475pt.
File: sbgn_PD-level1.pdf Graphic file (type pdf)
 <use sbgn_PD-level1.pdf, page 4>
Package pdftex.def Info: sbgn_PD-level1.pdf, page4 used on input line 72.
(pdftex.def)             Requested size: 598.1359pt x 845.93475pt.
File: sbgn_PD-level1.pdf Graphic file (type pdf)

<use sbgn_PD-level1.pdf, page 4>
Package pdftex.def Info: sbgn_PD-level1.pdf, page4 used on input line 72.
(pdftex.def)             Requested size: 598.1359pt x 845.93475pt.
 [5 <./sbgn_PD-level1.pdf>]
<sbgn_PD-level1.pdf, id=107, page=5, 597.50829pt x 845.0471pt>
File: sbgn_PD-level1.pdf Graphic file (type pdf)

<use sbgn_PD-level1.pdf, page 5>
Package pdftex.def Info: sbgn_PD-level1.pdf, page5 used on input line 72.
(pdftex.def)             Requested size: 598.1359pt x 845.93475pt.
File: sbgn_PD-level1.pdf Graphic file (type pdf)
 <use sbgn_PD-level1.pdf, page 5>
Package pdftex.def Info: sbgn_PD-level1.pdf, page5 used on input line 72.
(pdftex.def)             Requested size: 598.1359pt x 845.93475pt.
File: sbgn_PD-level1.pdf Graphic file (type pdf)

<use sbgn_PD-level1.pdf, page 5>
Package pdftex.def Info: sbgn_PD-level1.pdf, page5 used on input line 72.
(pdftex.def)             Requested size: 598.1359pt x 845.93475pt.
 [6 <./sbgn_PD-level1.pdf>]
<sbgn_PD-level1.pdf, id=121, page=6, 597.50829pt x 845.0471pt>
File: sbgn_PD-level1.pdf Graphic file (type pdf)

<use sbgn_PD-level1.pdf, page 6>
Package pdftex.def Info: sbgn_PD-level1.pdf, page6 used on input line 72.
(pdftex.def)             Requested size: 598.1359pt x 845.93475pt.
File: sbgn_PD-level1.pdf Graphic file (type pdf)
 <use sbgn_PD-level1.pdf, page 6>
Package pdftex.def Info: sbgn_PD-level1.pdf, page6 used on input line 72.
(pdftex.def)             Requested size: 598.1359pt x 845.93475pt.
File: sbgn_PD-level1.pdf Graphic file (type pdf)

<use sbgn_PD-level1.pdf, page 6>
Package pdftex.def Info: sbgn_PD-level1.pdf, page6 used on input line 72.
(pdftex.def)             Requested size: 598.1359pt x 845.93475pt.
 [7 <./sbgn_PD-level1.pdf>]
<sbgn_PD-level1.pdf, id=126, page=7, 597.50829pt x 845.0471pt>
File: sbgn_PD-level1.pdf Graphic file (type pdf)

<use sbgn_PD-level1.pdf, page 7>
Package pdftex.def Info: sbgn_PD-level1.pdf, page7 used on input line 72.
(pdftex.def)             Requested size: 598.1359pt x 845.93475pt.
File: sbgn_PD-level1.pdf Graphic file (type pdf)
 <use sbgn_PD-level1.pdf, page 7>
Package pdftex.def Info: sbgn_PD-level1.pdf, page7 used on input line 72.
(pdftex.def)             Requested size: 598.1359pt x 845.93475pt.
File: sbgn_PD-level1.pdf Graphic file (type pdf)

<use sbgn_PD-level1.pdf, page 7>
Package pdftex.def Info: sbgn_PD-level1.pdf, page7 used on input line 72.
(pdftex.def)             Requested size: 598.1359pt x 845.93475pt.
 [8 <./sbgn_PD-level1.pdf>]
<sbgn_PD-level1.pdf, id=130, page=8, 597.50829pt x 845.0471pt>
File: sbgn_PD-level1.pdf Graphic file (type pdf)

<use sbgn_PD-level1.pdf, page 8>
Package pdftex.def Info: sbgn_PD-level1.pdf, page8 used on input line 72.
(pdftex.def)             Requested size: 598.1359pt x 845.93475pt.
File: sbgn_PD-level1.pdf Graphic file (type pdf)
 <use sbgn_PD-level1.pdf, page 8>
Package pdftex.def Info: sbgn_PD-level1.pdf, page8 used on input line 72.
(pdftex.def)             Requested size: 598.1359pt x 845.93475pt.
File: sbgn_PD-level1.pdf Graphic file (type pdf)

<use sbgn_PD-level1.pdf, page 8>
Package pdftex.def Info: sbgn_PD-level1.pdf, page8 used on input line 72.
(pdftex.def)             Requested size: 598.1359pt x 845.93475pt.
 [9 <./sbgn_PD-level1.pdf>]
<sbgn_PD-level1.pdf, id=138, page=9, 597.50829pt x 845.0471pt>
File: sbgn_PD-level1.pdf Graphic file (type pdf)

<use sbgn_PD-level1.pdf, page 9>
Package pdftex.def Info: sbgn_PD-level1.pdf, page9 used on input line 72.
(pdftex.def)             Requested size: 598.1359pt x 845.93475pt.
File: sbgn_PD-level1.pdf Graphic file (type pdf)
 <use sbgn_PD-level1.pdf, page 9>
Package pdftex.def Info: sbgn_PD-level1.pdf, page9 used on input line 72.
(pdftex.def)             Requested size: 598.1359pt x 845.93475pt.
File: sbgn_PD-level1.pdf Graphic file (type pdf)

<use sbgn_PD-level1.pdf, page 9>
Package pdftex.def Info: sbgn_PD-level1.pdf, page9 used on input line 72.
(pdftex.def)             Requested size: 598.1359pt x 845.93475pt.
 [10 <./sbgn_PD-level1.pdf>]
<sbgn_PD-level1.pdf, id=142, page=10, 597.50829pt x 845.0471pt>
File: sbgn_PD-level1.pdf Graphic file (type pdf)

<use sbgn_PD-level1.pdf, page 10>
Package pdftex.def Info: sbgn_PD-level1.pdf, page10 used on input line 72.
(pdftex.def)             Requested size: 598.1359pt x 845.93475pt.
File: sbgn_PD-level1.pdf Graphic file (type pdf)
 <use sbgn_PD-level1.pdf, page 10>
Package pdftex.def Info: sbgn_PD-level1.pdf, page10 used on input line 72.
(pdftex.def)             Requested size: 598.1359pt x 845.93475pt.
File: sbgn_PD-level1.pdf Graphic file (type pdf)

<use sbgn_PD-level1.pdf, page 10>
Package pdftex.def Info: sbgn_PD-level1.pdf, page10 used on input line 72.
(pdftex.def)             Requested size: 598.1359pt x 845.93475pt.
 [11 <./sbgn_PD-level1.pdf>]
<sbgn_PD-level1.pdf, id=146, page=11, 597.50829pt x 845.0471pt>
File: sbgn_PD-level1.pdf Graphic file (type pdf)

<use sbgn_PD-level1.pdf, page 11>
Package pdftex.def Info: sbgn_PD-level1.pdf, page11 used on input line 72.
(pdftex.def)             Requested size: 598.1359pt x 845.93475pt.
File: sbgn_PD-level1.pdf Graphic file (type pdf)
 <use sbgn_PD-level1.pdf, page 11>
Package pdftex.def Info: sbgn_PD-level1.pdf, page11 used on input line 72.
(pdftex.def)             Requested size: 598.1359pt x 845.93475pt.
File: sbgn_PD-level1.pdf Graphic file (type pdf)

<use sbgn_PD-level1.pdf, page 11>
Package pdftex.def Info: sbgn_PD-level1.pdf, page11 used on input line 72.
(pdftex.def)             Requested size: 598.1359pt x 845.93475pt.
 [12 <./sbgn_PD-level1.pdf>]
<sbgn_PD-level1.pdf, id=150, page=12, 597.50829pt x 845.0471pt>
File: sbgn_PD-level1.pdf Graphic file (type pdf)

<use sbgn_PD-level1.pdf, page 12>
Package pdftex.def Info: sbgn_PD-level1.pdf, page12 used on input line 72.
(pdftex.def)             Requested size: 598.1359pt x 845.93475pt.
File: sbgn_PD-level1.pdf Graphic file (type pdf)
 <use sbgn_PD-level1.pdf, page 12>
Package pdftex.def Info: sbgn_PD-level1.pdf, page12 used on input line 72.
(pdftex.def)             Requested size: 598.1359pt x 845.93475pt.
File: sbgn_PD-level1.pdf Graphic file (type pdf)

<use sbgn_PD-level1.pdf, page 12>
Package pdftex.def Info: sbgn_PD-level1.pdf, page12 used on input line 72.
(pdftex.def)             Requested size: 598.1359pt x 845.93475pt.
 [13 <./sbgn_PD-level1.pdf>]
<sbgn_PD-level1.pdf, id=160, page=13, 597.50829pt x 845.0471pt>
File: sbgn_PD-level1.pdf Graphic file (type pdf)

<use sbgn_PD-level1.pdf, page 13>
Package pdftex.def Info: sbgn_PD-level1.pdf, page13 used on input line 72.
(pdftex.def)             Requested size: 598.1359pt x 845.93475pt.
File: sbgn_PD-level1.pdf Graphic file (type pdf)
 <use sbgn_PD-level1.pdf, page 13>
Package pdftex.def Info: sbgn_PD-level1.pdf, page13 used on input line 72.
(pdftex.def)             Requested size: 598.1359pt x 845.93475pt.
File: sbgn_PD-level1.pdf Graphic file (type pdf)

<use sbgn_PD-level1.pdf, page 13>
Package pdftex.def Info: sbgn_PD-level1.pdf, page13 used on input line 72.
(pdftex.def)             Requested size: 598.1359pt x 845.93475pt.
 [14 <./sbgn_PD-level1.pdf>]
<sbgn_PD-level1.pdf, id=178, page=14, 597.50829pt x 845.0471pt>
File: sbgn_PD-level1.pdf Graphic file (type pdf)

<use sbgn_PD-level1.pdf, page 14>
Package pdftex.def Info: sbgn_PD-level1.pdf, page14 used on input line 72.
(pdftex.def)             Requested size: 598.1359pt x 845.93475pt.
File: sbgn_PD-level1.pdf Graphic file (type pdf)
 <use sbgn_PD-level1.pdf, page 14>
Package pdftex.def Info: sbgn_PD-level1.pdf, page14 used on input line 72.
(pdftex.def)             Requested size: 598.1359pt x 845.93475pt.
File: sbgn_PD-level1.pdf Graphic file (type pdf)

<use sbgn_PD-level1.pdf, page 14>
Package pdftex.def Info: sbgn_PD-level1.pdf, page14 used on input line 72.
(pdftex.def)             Requested size: 598.1359pt x 845.93475pt.
 [15 <./sbgn_PD-level1.pdf>]
<sbgn_PD-level1.pdf, id=191, page=15, 597.50829pt x 845.0471pt>
File: sbgn_PD-level1.pdf Graphic file (type pdf)

<use sbgn_PD-level1.pdf, page 15>
Package pdftex.def Info: sbgn_PD-level1.pdf, page15 used on input line 72.
(pdftex.def)             Requested size: 598.1359pt x 845.93475pt.
File: sbgn_PD-level1.pdf Graphic file (type pdf)
 <use sbgn_PD-level1.pdf, page 15>
Package pdftex.def Info: sbgn_PD-level1.pdf, page15 used on input line 72.
(pdftex.def)             Requested size: 598.1359pt x 845.93475pt.
File: sbgn_PD-level1.pdf Graphic file (type pdf)

<use sbgn_PD-level1.pdf, page 15>
Package pdftex.def Info: sbgn_PD-level1.pdf, page15 used on input line 72.
(pdftex.def)             Requested size: 598.1359pt x 845.93475pt.
 [16 <./sbgn_PD-level1.pdf>]
<sbgn_PD-level1.pdf, id=204, page=16, 597.50829pt x 845.0471pt>
File: sbgn_PD-level1.pdf Graphic file (type pdf)

<use sbgn_PD-level1.pdf, page 16>
Package pdftex.def Info: sbgn_PD-level1.pdf, page16 used on input line 72.
(pdftex.def)             Requested size: 598.1359pt x 845.93475pt.
File: sbgn_PD-level1.pdf Graphic file (type pdf)
 <use sbgn_PD-level1.pdf, page 16>
Package pdftex.def Info: sbgn_PD-level1.pdf, page16 used on input line 72.
(pdftex.def)             Requested size: 598.1359pt x 845.93475pt.
File: sbgn_PD-level1.pdf Graphic file (type pdf)

<use sbgn_PD-level1.pdf, page 16>
Package pdftex.def Info: sbgn_PD-level1.pdf, page16 used on input line 72.
(pdftex.def)             Requested size: 598.1359pt x 845.93475pt.
 [17 <./sbgn_PD-level1.pdf>]
<sbgn_PD-level1.pdf, id=211, page=17, 597.50829pt x 845.0471pt>
File: sbgn_PD-level1.pdf Graphic file (type pdf)

<use sbgn_PD-level1.pdf, page 17>
Package pdftex.def Info: sbgn_PD-level1.pdf, page17 used on input line 72.
(pdftex.def)             Requested size: 598.1359pt x 845.93475pt.
File: sbgn_PD-level1.pdf Graphic file (type pdf)
 <use sbgn_PD-level1.pdf, page 17>
Package pdftex.def Info: sbgn_PD-level1.pdf, page17 used on input line 72.
(pdftex.def)             Requested size: 598.1359pt x 845.93475pt.
File: sbgn_PD-level1.pdf Graphic file (type pdf)

<use sbgn_PD-level1.pdf, page 17>
Package pdftex.def Info: sbgn_PD-level1.pdf, page17 used on input line 72.
(pdftex.def)             Requested size: 598.1359pt x 845.93475pt.
 [18 <./sbgn_PD-level1.pdf>]
<sbgn_PD-level1.pdf, id=225, page=18, 597.50829pt x 845.0471pt>
File: sbgn_PD-level1.pdf Graphic file (type pdf)

<use sbgn_PD-level1.pdf, page 18>
Package pdftex.def Info: sbgn_PD-level1.pdf, page18 used on input line 72.
(pdftex.def)             Requested size: 598.1359pt x 845.93475pt.
File: sbgn_PD-level1.pdf Graphic file (type pdf)
 <use sbgn_PD-level1.pdf, page 18>
Package pdftex.def Info: sbgn_PD-level1.pdf, page18 used on input line 72.
(pdftex.def)             Requested size: 598.1359pt x 845.93475pt.
File: sbgn_PD-level1.pdf Graphic file (type pdf)

<use sbgn_PD-level1.pdf, page 18>
Package pdftex.def Info: sbgn_PD-level1.pdf, page18 used on input line 72.
(pdftex.def)             Requested size: 598.1359pt x 845.93475pt.
 [19 <./sbgn_PD-level1.pdf>]
<sbgn_PD-level1.pdf, id=250, page=19, 597.50829pt x 845.0471pt>
File: sbgn_PD-level1.pdf Graphic file (type pdf)

<use sbgn_PD-level1.pdf, page 19>
Package pdftex.def Info: sbgn_PD-level1.pdf, page19 used on input line 72.
(pdftex.def)             Requested size: 598.1359pt x 845.93475pt.
File: sbgn_PD-level1.pdf Graphic file (type pdf)
 <use sbgn_PD-level1.pdf, page 19>
Package pdftex.def Info: sbgn_PD-level1.pdf, page19 used on input line 72.
(pdftex.def)             Requested size: 598.1359pt x 845.93475pt.
File: sbgn_PD-level1.pdf Graphic file (type pdf)

<use sbgn_PD-level1.pdf, page 19>
Package pdftex.def Info: sbgn_PD-level1.pdf, page19 used on input line 72.
(pdftex.def)             Requested size: 598.1359pt x 845.93475pt.
 [20 <./sbgn_PD-level1.pdf>]
<sbgn_PD-level1.pdf, id=268, page=20, 597.50829pt x 845.0471pt>
File: sbgn_PD-level1.pdf Graphic file (type pdf)

<use sbgn_PD-level1.pdf, page 20>
Package pdftex.def Info: sbgn_PD-level1.pdf, page20 used on input line 72.
(pdftex.def)             Requested size: 598.1359pt x 845.93475pt.
File: sbgn_PD-level1.pdf Graphic file (type pdf)
 <use sbgn_PD-level1.pdf, page 20>
Package pdftex.def Info: sbgn_PD-level1.pdf, page20 used on input line 72.
(pdftex.def)             Requested size: 598.1359pt x 845.93475pt.
File: sbgn_PD-level1.pdf Graphic file (type pdf)

<use sbgn_PD-level1.pdf, page 20>
Package pdftex.def Info: sbgn_PD-level1.pdf, page20 used on input line 72.
(pdftex.def)             Requested size: 598.1359pt x 845.93475pt.
 [21 <./sbgn_PD-level1.pdf>]
<sbgn_PD-level1.pdf, id=276, page=21, 597.50829pt x 845.0471pt>
File: sbgn_PD-level1.pdf Graphic file (type pdf)

<use sbgn_PD-level1.pdf, page 21>
Package pdftex.def Info: sbgn_PD-level1.pdf, page21 used on input line 72.
(pdftex.def)             Requested size: 598.1359pt x 845.93475pt.
File: sbgn_PD-level1.pdf Graphic file (type pdf)
 <use sbgn_PD-level1.pdf, page 21>
Package pdftex.def Info: sbgn_PD-level1.pdf, page21 used on input line 72.
(pdftex.def)             Requested size: 598.1359pt x 845.93475pt.
File: sbgn_PD-level1.pdf Graphic file (type pdf)

<use sbgn_PD-level1.pdf, page 21>
Package pdftex.def Info: sbgn_PD-level1.pdf, page21 used on input line 72.
(pdftex.def)             Requested size: 598.1359pt x 845.93475pt.
 [22 <./sbgn_PD-level1.pdf>]
<sbgn_PD-level1.pdf, id=284, page=22, 597.50829pt x 845.0471pt>
File: sbgn_PD-level1.pdf Graphic file (type pdf)

<use sbgn_PD-level1.pdf, page 22>
Package pdftex.def Info: sbgn_PD-level1.pdf, page22 used on input line 72.
(pdftex.def)             Requested size: 598.1359pt x 845.93475pt.
File: sbgn_PD-level1.pdf Graphic file (type pdf)
 <use sbgn_PD-level1.pdf, page 22>
Package pdftex.def Info: sbgn_PD-level1.pdf, page22 used on input line 72.
(pdftex.def)             Requested size: 598.1359pt x 845.93475pt.
File: sbgn_PD-level1.pdf Graphic file (type pdf)

<use sbgn_PD-level1.pdf, page 22>
Package pdftex.def Info: sbgn_PD-level1.pdf, page22 used on input line 72.
(pdftex.def)             Requested size: 598.1359pt x 845.93475pt.
 [23 <./sbgn_PD-level1.pdf>]
<sbgn_PD-level1.pdf, id=294, page=23, 597.50829pt x 845.0471pt>
File: sbgn_PD-level1.pdf Graphic file (type pdf)

<use sbgn_PD-level1.pdf, page 23>
Package pdftex.def Info: sbgn_PD-level1.pdf, page23 used on input line 72.
(pdftex.def)             Requested size: 598.1359pt x 845.93475pt.
File: sbgn_PD-level1.pdf Graphic file (type pdf)
 <use sbgn_PD-level1.pdf, page 23>
Package pdftex.def Info: sbgn_PD-level1.pdf, page23 used on input line 72.
(pdftex.def)             Requested size: 598.1359pt x 845.93475pt.
File: sbgn_PD-level1.pdf Graphic file (type pdf)

<use sbgn_PD-level1.pdf, page 23>
Package pdftex.def Info: sbgn_PD-level1.pdf, page23 used on input line 72.
(pdftex.def)             Requested size: 598.1359pt x 845.93475pt.
 [24 <./sbgn_PD-level1.pdf>]
<sbgn_PD-level1.pdf, id=311, page=24, 597.50829pt x 845.0471pt>
File: sbgn_PD-level1.pdf Graphic file (type pdf)

<use sbgn_PD-level1.pdf, page 24>
Package pdftex.def Info: sbgn_PD-level1.pdf, page24 used on input line 72.
(pdftex.def)             Requested size: 598.1359pt x 845.93475pt.
File: sbgn_PD-level1.pdf Graphic file (type pdf)
 <use sbgn_PD-level1.pdf, page 24>
Package pdftex.def Info: sbgn_PD-level1.pdf, page24 used on input line 72.
(pdftex.def)             Requested size: 598.1359pt x 845.93475pt.
File: sbgn_PD-level1.pdf Graphic file (type pdf)

<use sbgn_PD-level1.pdf, page 24>
Package pdftex.def Info: sbgn_PD-level1.pdf, page24 used on input line 72.
(pdftex.def)             Requested size: 598.1359pt x 845.93475pt.
 [25 <./sbgn_PD-level1.pdf>]
<sbgn_PD-level1.pdf, id=319, page=25, 597.50829pt x 845.0471pt>
File: sbgn_PD-level1.pdf Graphic file (type pdf)

<use sbgn_PD-level1.pdf, page 25>
Package pdftex.def Info: sbgn_PD-level1.pdf, page25 used on input line 72.
(pdftex.def)             Requested size: 598.1359pt x 845.93475pt.
File: sbgn_PD-level1.pdf Graphic file (type pdf)
 <use sbgn_PD-level1.pdf, page 25>
Package pdftex.def Info: sbgn_PD-level1.pdf, page25 used on input line 72.
(pdftex.def)             Requested size: 598.1359pt x 845.93475pt.
File: sbgn_PD-level1.pdf Graphic file (type pdf)

<use sbgn_PD-level1.pdf, page 25>
Package pdftex.def Info: sbgn_PD-level1.pdf, page25 used on input line 72.
(pdftex.def)             Requested size: 598.1359pt x 845.93475pt.
 [26 <./sbgn_PD-level1.pdf>]
<sbgn_PD-level1.pdf, id=344, page=26, 597.50829pt x 845.0471pt>
File: sbgn_PD-level1.pdf Graphic file (type pdf)

<use sbgn_PD-level1.pdf, page 26>
Package pdftex.def Info: sbgn_PD-level1.pdf, page26 used on input line 72.
(pdftex.def)             Requested size: 598.1359pt x 845.93475pt.
File: sbgn_PD-level1.pdf Graphic file (type pdf)
 <use sbgn_PD-level1.pdf, page 26>
Package pdftex.def Info: sbgn_PD-level1.pdf, page26 used on input line 72.
(pdftex.def)             Requested size: 598.1359pt x 845.93475pt.
File: sbgn_PD-level1.pdf Graphic file (type pdf)

<use sbgn_PD-level1.pdf, page 26>
Package pdftex.def Info: sbgn_PD-level1.pdf, page26 used on input line 72.
(pdftex.def)             Requested size: 598.1359pt x 845.93475pt.
 [27 <./sbgn_PD-level1.pdf>]
<sbgn_PD-level1.pdf, id=371, page=27, 597.50829pt x 845.0471pt>
File: sbgn_PD-level1.pdf Graphic file (type pdf)

<use sbgn_PD-level1.pdf, page 27>
Package pdftex.def Info: sbgn_PD-level1.pdf, page27 used on input line 72.
(pdftex.def)             Requested size: 598.1359pt x 845.93475pt.
File: sbgn_PD-level1.pdf Graphic file (type pdf)
 <use sbgn_PD-level1.pdf, page 27>
Package pdftex.def Info: sbgn_PD-level1.pdf, page27 used on input line 72.
(pdftex.def)             Requested size: 598.1359pt x 845.93475pt.
File: sbgn_PD-level1.pdf Graphic file (type pdf)

<use sbgn_PD-level1.pdf, page 27>
Package pdftex.def Info: sbgn_PD-level1.pdf, page27 used on input line 72.
(pdftex.def)             Requested size: 598.1359pt x 845.93475pt.
 [28 <./sbgn_PD-level1.pdf>]
<sbgn_PD-level1.pdf, id=388, page=28, 597.50829pt x 845.0471pt>
File: sbgn_PD-level1.pdf Graphic file (type pdf)

<use sbgn_PD-level1.pdf, page 28>
Package pdftex.def Info: sbgn_PD-level1.pdf, page28 used on input line 72.
(pdftex.def)             Requested size: 598.1359pt x 845.93475pt.
File: sbgn_PD-level1.pdf Graphic file (type pdf)
 <use sbgn_PD-level1.pdf, page 28>
Package pdftex.def Info: sbgn_PD-level1.pdf, page28 used on input line 72.
(pdftex.def)             Requested size: 598.1359pt x 845.93475pt.
File: sbgn_PD-level1.pdf Graphic file (type pdf)

<use sbgn_PD-level1.pdf, page 28>
Package pdftex.def Info: sbgn_PD-level1.pdf, page28 used on input line 72.
(pdftex.def)             Requested size: 598.1359pt x 845.93475pt.
 [29 <./sbgn_PD-level1.pdf>]
<sbgn_PD-level1.pdf, id=405, page=29, 597.50829pt x 845.0471pt>
File: sbgn_PD-level1.pdf Graphic file (type pdf)

<use sbgn_PD-level1.pdf, page 29>
Package pdftex.def Info: sbgn_PD-level1.pdf, page29 used on input line 72.
(pdftex.def)             Requested size: 598.1359pt x 845.93475pt.
File: sbgn_PD-level1.pdf Graphic file (type pdf)
 <use sbgn_PD-level1.pdf, page 29>
Package pdftex.def Info: sbgn_PD-level1.pdf, page29 used on input line 72.
(pdftex.def)             Requested size: 598.1359pt x 845.93475pt.
File: sbgn_PD-level1.pdf Graphic file (type pdf)

<use sbgn_PD-level1.pdf, page 29>
Package pdftex.def Info: sbgn_PD-level1.pdf, page29 used on input line 72.
(pdftex.def)             Requested size: 598.1359pt x 845.93475pt.
 [30 <./sbgn_PD-level1.pdf>]
<sbgn_PD-level1.pdf, id=415, page=30, 597.50829pt x 845.0471pt>
File: sbgn_PD-level1.pdf Graphic file (type pdf)

<use sbgn_PD-level1.pdf, page 30>
Package pdftex.def Info: sbgn_PD-level1.pdf, page30 used on input line 72.
(pdftex.def)             Requested size: 598.1359pt x 845.93475pt.
File: sbgn_PD-level1.pdf Graphic file (type pdf)
 <use sbgn_PD-level1.pdf, page 30>
Package pdftex.def Info: sbgn_PD-level1.pdf, page30 used on input line 72.
(pdftex.def)             Requested size: 598.1359pt x 845.93475pt.
File: sbgn_PD-level1.pdf Graphic file (type pdf)

<use sbgn_PD-level1.pdf, page 30>
Package pdftex.def Info: sbgn_PD-level1.pdf, page30 used on input line 72.
(pdftex.def)             Requested size: 598.1359pt x 845.93475pt.
 [31 <./sbgn_PD-level1.pdf>]
<sbgn_PD-level1.pdf, id=450, page=31, 597.50829pt x 845.0471pt>
File: sbgn_PD-level1.pdf Graphic file (type pdf)

<use sbgn_PD-level1.pdf, page 31>
Package pdftex.def Info: sbgn_PD-level1.pdf, page31 used on input line 72.
(pdftex.def)             Requested size: 598.1359pt x 845.93475pt.
File: sbgn_PD-level1.pdf Graphic file (type pdf)
 <use sbgn_PD-level1.pdf, page 31>
Package pdftex.def Info: sbgn_PD-level1.pdf, page31 used on input line 72.
(pdftex.def)             Requested size: 598.1359pt x 845.93475pt.
File: sbgn_PD-level1.pdf Graphic file (type pdf)

<use sbgn_PD-level1.pdf, page 31>
Package pdftex.def Info: sbgn_PD-level1.pdf, page31 used on input line 72.
(pdftex.def)             Requested size: 598.1359pt x 845.93475pt.
 [32 <./sbgn_PD-level1.pdf>]
<sbgn_PD-level1.pdf, id=477, page=32, 597.50829pt x 845.0471pt>
File: sbgn_PD-level1.pdf Graphic file (type pdf)

<use sbgn_PD-level1.pdf, page 32>
Package pdftex.def Info: sbgn_PD-level1.pdf, page32 used on input line 72.
(pdftex.def)             Requested size: 598.1359pt x 845.93475pt.
File: sbgn_PD-level1.pdf Graphic file (type pdf)
 <use sbgn_PD-level1.pdf, page 32>
Package pdftex.def Info: sbgn_PD-level1.pdf, page32 used on input line 72.
(pdftex.def)             Requested size: 598.1359pt x 845.93475pt.
File: sbgn_PD-level1.pdf Graphic file (type pdf)

<use sbgn_PD-level1.pdf, page 32>
Package pdftex.def Info: sbgn_PD-level1.pdf, page32 used on input line 72.
(pdftex.def)             Requested size: 598.1359pt x 845.93475pt.
 [33 <./sbgn_PD-level1.pdf>]
<sbgn_PD-level1.pdf, id=487, page=33, 597.50829pt x 845.0471pt>
File: sbgn_PD-level1.pdf Graphic file (type pdf)

<use sbgn_PD-level1.pdf, page 33>
Package pdftex.def Info: sbgn_PD-level1.pdf, page33 used on input line 72.
(pdftex.def)             Requested size: 598.1359pt x 845.93475pt.
File: sbgn_PD-level1.pdf Graphic file (type pdf)
 <use sbgn_PD-level1.pdf, page 33>
Package pdftex.def Info: sbgn_PD-level1.pdf, page33 used on input line 72.
(pdftex.def)             Requested size: 598.1359pt x 845.93475pt.
File: sbgn_PD-level1.pdf Graphic file (type pdf)

<use sbgn_PD-level1.pdf, page 33>
Package pdftex.def Info: sbgn_PD-level1.pdf, page33 used on input line 72.
(pdftex.def)             Requested size: 598.1359pt x 845.93475pt.
 [34 <./sbgn_PD-level1.pdf>]
<sbgn_PD-level1.pdf, id=504, page=34, 597.50829pt x 845.0471pt>
File: sbgn_PD-level1.pdf Graphic file (type pdf)

<use sbgn_PD-level1.pdf, page 34>
Package pdftex.def Info: sbgn_PD-level1.pdf, page34 used on input line 72.
(pdftex.def)             Requested size: 598.1359pt x 845.93475pt.
File: sbgn_PD-level1.pdf Graphic file (type pdf)
 <use sbgn_PD-level1.pdf, page 34>
Package pdftex.def Info: sbgn_PD-level1.pdf, page34 used on input line 72.
(pdftex.def)             Requested size: 598.1359pt x 845.93475pt.
File: sbgn_PD-level1.pdf Graphic file (type pdf)

<use sbgn_PD-level1.pdf, page 34>
Package pdftex.def Info: sbgn_PD-level1.pdf, page34 used on input line 72.
(pdftex.def)             Requested size: 598.1359pt x 845.93475pt.
 [35 <./sbgn_PD-level1.pdf>]
<sbgn_PD-level1.pdf, id=514, page=35, 597.50829pt x 845.0471pt>
File: sbgn_PD-level1.pdf Graphic file (type pdf)

<use sbgn_PD-level1.pdf, page 35>
Package pdftex.def Info: sbgn_PD-level1.pdf, page35 used on input line 72.
(pdftex.def)             Requested size: 598.1359pt x 845.93475pt.
File: sbgn_PD-level1.pdf Graphic file (type pdf)
 <use sbgn_PD-level1.pdf, page 35>
Package pdftex.def Info: sbgn_PD-level1.pdf, page35 used on input line 72.
(pdftex.def)             Requested size: 598.1359pt x 845.93475pt.
File: sbgn_PD-level1.pdf Graphic file (type pdf)

<use sbgn_PD-level1.pdf, page 35>
Package pdftex.def Info: sbgn_PD-level1.pdf, page35 used on input line 72.
(pdftex.def)             Requested size: 598.1359pt x 845.93475pt.
 [36 <./sbgn_PD-level1.pdf>]
<sbgn_PD-level1.pdf, id=531, page=36, 597.50829pt x 845.0471pt>
File: sbgn_PD-level1.pdf Graphic file (type pdf)

<use sbgn_PD-level1.pdf, page 36>
Package pdftex.def Info: sbgn_PD-level1.pdf, page36 used on input line 72.
(pdftex.def)             Requested size: 598.1359pt x 845.93475pt.
File: sbgn_PD-level1.pdf Graphic file (type pdf)
 <use sbgn_PD-level1.pdf, page 36>
Package pdftex.def Info: sbgn_PD-level1.pdf, page36 used on input line 72.
(pdftex.def)             Requested size: 598.1359pt x 845.93475pt.
File: sbgn_PD-level1.pdf Graphic file (type pdf)

<use sbgn_PD-level1.pdf, page 36>
Package pdftex.def Info: sbgn_PD-level1.pdf, page36 used on input line 72.
(pdftex.def)             Requested size: 598.1359pt x 845.93475pt.
 [37 <./sbgn_PD-level1.pdf>]
<sbgn_PD-level1.pdf, id=542, page=37, 597.50829pt x 845.0471pt>
File: sbgn_PD-level1.pdf Graphic file (type pdf)

<use sbgn_PD-level1.pdf, page 37>
Package pdftex.def Info: sbgn_PD-level1.pdf, page37 used on input line 72.
(pdftex.def)             Requested size: 598.1359pt x 845.93475pt.
File: sbgn_PD-level1.pdf Graphic file (type pdf)
 <use sbgn_PD-level1.pdf, page 37>
Package pdftex.def Info: sbgn_PD-level1.pdf, page37 used on input line 72.
(pdftex.def)             Requested size: 598.1359pt x 845.93475pt.
File: sbgn_PD-level1.pdf Graphic file (type pdf)

<use sbgn_PD-level1.pdf, page 37>
Package pdftex.def Info: sbgn_PD-level1.pdf, page37 used on input line 72.
(pdftex.def)             Requested size: 598.1359pt x 845.93475pt.
 [38 <./sbgn_PD-level1.pdf>]
<sbgn_PD-level1.pdf, id=559, page=38, 597.50829pt x 845.0471pt>
File: sbgn_PD-level1.pdf Graphic file (type pdf)

<use sbgn_PD-level1.pdf, page 38>
Package pdftex.def Info: sbgn_PD-level1.pdf, page38 used on input line 72.
(pdftex.def)             Requested size: 598.1359pt x 845.93475pt.
File: sbgn_PD-level1.pdf Graphic file (type pdf)
 <use sbgn_PD-level1.pdf, page 38>
Package pdftex.def Info: sbgn_PD-level1.pdf, page38 used on input line 72.
(pdftex.def)             Requested size: 598.1359pt x 845.93475pt.
File: sbgn_PD-level1.pdf Graphic file (type pdf)

<use sbgn_PD-level1.pdf, page 38>
Package pdftex.def Info: sbgn_PD-level1.pdf, page38 used on input line 72.
(pdftex.def)             Requested size: 598.1359pt x 845.93475pt.
 [39 <./sbgn_PD-level1.pdf>]
<sbgn_PD-level1.pdf, id=569, page=39, 597.50829pt x 845.0471pt>
File: sbgn_PD-level1.pdf Graphic file (type pdf)

<use sbgn_PD-level1.pdf, page 39>
Package pdftex.def Info: sbgn_PD-level1.pdf, page39 used on input line 72.
(pdftex.def)             Requested size: 598.1359pt x 845.93475pt.
File: sbgn_PD-level1.pdf Graphic file (type pdf)
 <use sbgn_PD-level1.pdf, page 39>
Package pdftex.def Info: sbgn_PD-level1.pdf, page39 used on input line 72.
(pdftex.def)             Requested size: 598.1359pt x 845.93475pt.
File: sbgn_PD-level1.pdf Graphic file (type pdf)

<use sbgn_PD-level1.pdf, page 39>
Package pdftex.def Info: sbgn_PD-level1.pdf, page39 used on input line 72.
(pdftex.def)             Requested size: 598.1359pt x 845.93475pt.
 [40 <./sbgn_PD-level1.pdf>]
<sbgn_PD-level1.pdf, id=589, page=40, 597.50829pt x 845.0471pt>
File: sbgn_PD-level1.pdf Graphic file (type pdf)

<use sbgn_PD-level1.pdf, page 40>
Package pdftex.def Info: sbgn_PD-level1.pdf, page40 used on input line 72.
(pdftex.def)             Requested size: 598.1359pt x 845.93475pt.
File: sbgn_PD-level1.pdf Graphic file (type pdf)
 <use sbgn_PD-level1.pdf, page 40>
Package pdftex.def Info: sbgn_PD-level1.pdf, page40 used on input line 72.
(pdftex.def)             Requested size: 598.1359pt x 845.93475pt.
File: sbgn_PD-level1.pdf Graphic file (type pdf)

<use sbgn_PD-level1.pdf, page 40>
Package pdftex.def Info: sbgn_PD-level1.pdf, page40 used on input line 72.
(pdftex.def)             Requested size: 598.1359pt x 845.93475pt.
 [41 <./sbgn_PD-level1.pdf>]
<sbgn_PD-level1.pdf, id=606, page=41, 597.50829pt x 845.0471pt>
File: sbgn_PD-level1.pdf Graphic file (type pdf)

<use sbgn_PD-level1.pdf, page 41>
Package pdftex.def Info: sbgn_PD-level1.pdf, page41 used on input line 72.
(pdftex.def)             Requested size: 598.1359pt x 845.93475pt.
File: sbgn_PD-level1.pdf Graphic file (type pdf)
 <use sbgn_PD-level1.pdf, page 41>
Package pdftex.def Info: sbgn_PD-level1.pdf, page41 used on input line 72.
(pdftex.def)             Requested size: 598.1359pt x 845.93475pt.
File: sbgn_PD-level1.pdf Graphic file (type pdf)

<use sbgn_PD-level1.pdf, page 41>
Package pdftex.def Info: sbgn_PD-level1.pdf, page41 used on input line 72.
(pdftex.def)             Requested size: 598.1359pt x 845.93475pt.
 [42 <./sbgn_PD-level1.pdf>]
<sbgn_PD-level1.pdf, id=616, page=42, 597.50829pt x 845.0471pt>
File: sbgn_PD-level1.pdf Graphic file (type pdf)

<use sbgn_PD-level1.pdf, page 42>
Package pdftex.def Info: sbgn_PD-level1.pdf, page42 used on input line 72.
(pdftex.def)             Requested size: 598.1359pt x 845.93475pt.
File: sbgn_PD-level1.pdf Graphic file (type pdf)
 <use sbgn_PD-level1.pdf, page 42>
Package pdftex.def Info: sbgn_PD-level1.pdf, page42 used on input line 72.
(pdftex.def)             Requested size: 598.1359pt x 845.93475pt.
File: sbgn_PD-level1.pdf Graphic file (type pdf)

<use sbgn_PD-level1.pdf, page 42>
Package pdftex.def Info: sbgn_PD-level1.pdf, page42 used on input line 72.
(pdftex.def)             Requested size: 598.1359pt x 845.93475pt.
 [43 <./sbgn_PD-level1.pdf>]
<sbgn_PD-level1.pdf, id=624, page=43, 597.50829pt x 845.0471pt>
File: sbgn_PD-level1.pdf Graphic file (type pdf)

<use sbgn_PD-level1.pdf, page 43>
Package pdftex.def Info: sbgn_PD-level1.pdf, page43 used on input line 72.
(pdftex.def)             Requested size: 598.1359pt x 845.93475pt.
File: sbgn_PD-level1.pdf Graphic file (type pdf)
 <use sbgn_PD-level1.pdf, page 43>
Package pdftex.def Info: sbgn_PD-level1.pdf, page43 used on input line 72.
(pdftex.def)             Requested size: 598.1359pt x 845.93475pt.
File: sbgn_PD-level1.pdf Graphic file (type pdf)

<use sbgn_PD-level1.pdf, page 43>
Package pdftex.def Info: sbgn_PD-level1.pdf, page43 used on input line 72.
(pdftex.def)             Requested size: 598.1359pt x 845.93475pt.
 [44 <./sbgn_PD-level1.pdf>]
<sbgn_PD-level1.pdf, id=628, page=44, 597.50829pt x 845.0471pt>
File: sbgn_PD-level1.pdf Graphic file (type pdf)

<use sbgn_PD-level1.pdf, page 44>
Package pdftex.def Info: sbgn_PD-level1.pdf, page44 used on input line 72.
(pdftex.def)             Requested size: 598.1359pt x 845.93475pt.
File: sbgn_PD-level1.pdf Graphic file (type pdf)
 <use sbgn_PD-level1.pdf, page 44>
Package pdftex.def Info: sbgn_PD-level1.pdf, page44 used on input line 72.
(pdftex.def)             Requested size: 598.1359pt x 845.93475pt.
File: sbgn_PD-level1.pdf Graphic file (type pdf)

<use sbgn_PD-level1.pdf, page 44>
Package pdftex.def Info: sbgn_PD-level1.pdf, page44 used on input line 72.
(pdftex.def)             Requested size: 598.1359pt x 845.93475pt.
 [45 <./sbgn_PD-level1.pdf>]
<sbgn_PD-level1.pdf, id=632, page=45, 597.50829pt x 845.0471pt>
File: sbgn_PD-level1.pdf Graphic file (type pdf)

<use sbgn_PD-level1.pdf, page 45>
Package pdftex.def Info: sbgn_PD-level1.pdf, page45 used on input line 72.
(pdftex.def)             Requested size: 598.1359pt x 845.93475pt.
File: sbgn_PD-level1.pdf Graphic file (type pdf)
 <use sbgn_PD-level1.pdf, page 45>
Package pdftex.def Info: sbgn_PD-level1.pdf, page45 used on input line 72.
(pdftex.def)             Requested size: 598.1359pt x 845.93475pt.
File: sbgn_PD-level1.pdf Graphic file (type pdf)

<use sbgn_PD-level1.pdf, page 45>
Package pdftex.def Info: sbgn_PD-level1.pdf, page45 used on input line 72.
(pdftex.def)             Requested size: 598.1359pt x 845.93475pt.
 [46 <./sbgn_PD-level1.pdf>]
<sbgn_PD-level1.pdf, id=640, page=46, 597.50829pt x 845.0471pt>
File: sbgn_PD-level1.pdf Graphic file (type pdf)

<use sbgn_PD-level1.pdf, page 46>
Package pdftex.def Info: sbgn_PD-level1.pdf, page46 used on input line 72.
(pdftex.def)             Requested size: 598.1359pt x 845.93475pt.
File: sbgn_PD-level1.pdf Graphic file (type pdf)
 <use sbgn_PD-level1.pdf, page 46>
Package pdftex.def Info: sbgn_PD-level1.pdf, page46 used on input line 72.
(pdftex.def)             Requested size: 598.1359pt x 845.93475pt.
File: sbgn_PD-level1.pdf Graphic file (type pdf)

<use sbgn_PD-level1.pdf, page 46>
Package pdftex.def Info: sbgn_PD-level1.pdf, page46 used on input line 72.
(pdftex.def)             Requested size: 598.1359pt x 845.93475pt.
 [47 <./sbgn_PD-level1.pdf>]
<sbgn_PD-level1.pdf, id=648, page=47, 597.50829pt x 845.0471pt>
File: sbgn_PD-level1.pdf Graphic file (type pdf)

<use sbgn_PD-level1.pdf, page 47>
Package pdftex.def Info: sbgn_PD-level1.pdf, page47 used on input line 72.
(pdftex.def)             Requested size: 598.1359pt x 845.93475pt.
File: sbgn_PD-level1.pdf Graphic file (type pdf)
 <use sbgn_PD-level1.pdf, page 47>
Package pdftex.def Info: sbgn_PD-level1.pdf, page47 used on input line 72.
(pdftex.def)             Requested size: 598.1359pt x 845.93475pt.
File: sbgn_PD-level1.pdf Graphic file (type pdf)

<use sbgn_PD-level1.pdf, page 47>
Package pdftex.def Info: sbgn_PD-level1.pdf, page47 used on input line 72.
(pdftex.def)             Requested size: 598.1359pt x 845.93475pt.
 [48 <./sbgn_PD-level1.pdf>]
<sbgn_PD-level1.pdf, id=652, page=48, 597.50829pt x 845.0471pt>
File: sbgn_PD-level1.pdf Graphic file (type pdf)

<use sbgn_PD-level1.pdf, page 48>
Package pdftex.def Info: sbgn_PD-level1.pdf, page48 used on input line 72.
(pdftex.def)             Requested size: 598.1359pt x 845.93475pt.
File: sbgn_PD-level1.pdf Graphic file (type pdf)
 <use sbgn_PD-level1.pdf, page 48>
Package pdftex.def Info: sbgn_PD-level1.pdf, page48 used on input line 72.
(pdftex.def)             Requested size: 598.1359pt x 845.93475pt.
File: sbgn_PD-level1.pdf Graphic file (type pdf)

<use sbgn_PD-level1.pdf, page 48>
Package pdftex.def Info: sbgn_PD-level1.pdf, page48 used on input line 72.
(pdftex.def)             Requested size: 598.1359pt x 845.93475pt.
 [49 <./sbgn_PD-level1.pdf>]
<sbgn_PD-level1.pdf, id=668, page=49, 597.50829pt x 845.0471pt>
File: sbgn_PD-level1.pdf Graphic file (type pdf)

<use sbgn_PD-level1.pdf, page 49>
Package pdftex.def Info: sbgn_PD-level1.pdf, page49 used on input line 72.
(pdftex.def)             Requested size: 598.1359pt x 845.93475pt.
File: sbgn_PD-level1.pdf Graphic file (type pdf)
 <use sbgn_PD-level1.pdf, page 49>
Package pdftex.def Info: sbgn_PD-level1.pdf, page49 used on input line 72.
(pdftex.def)             Requested size: 598.1359pt x 845.93475pt.
File: sbgn_PD-level1.pdf Graphic file (type pdf)

<use sbgn_PD-level1.pdf, page 49>
Package pdftex.def Info: sbgn_PD-level1.pdf, page49 used on input line 72.
(pdftex.def)             Requested size: 598.1359pt x 845.93475pt.
 [50 <./sbgn_PD-level1.pdf>]
<sbgn_PD-level1.pdf, id=677, page=50, 597.50829pt x 845.0471pt>
File: sbgn_PD-level1.pdf Graphic file (type pdf)

<use sbgn_PD-level1.pdf, page 50>
Package pdftex.def Info: sbgn_PD-level1.pdf, page50 used on input line 72.
(pdftex.def)             Requested size: 598.1359pt x 845.93475pt.
File: sbgn_PD-level1.pdf Graphic file (type pdf)
 <use sbgn_PD-level1.pdf, page 50>
Package pdftex.def Info: sbgn_PD-level1.pdf, page50 used on input line 72.
(pdftex.def)             Requested size: 598.1359pt x 845.93475pt.
File: sbgn_PD-level1.pdf Graphic file (type pdf)

<use sbgn_PD-level1.pdf, page 50>
Package pdftex.def Info: sbgn_PD-level1.pdf, page50 used on input line 72.
(pdftex.def)             Requested size: 598.1359pt x 845.93475pt.
 [51 <./sbgn_PD-level1.pdf>]
<sbgn_PD-level1.pdf, id=681, page=51, 597.50829pt x 845.0471pt>
File: sbgn_PD-level1.pdf Graphic file (type pdf)

<use sbgn_PD-level1.pdf, page 51>
Package pdftex.def Info: sbgn_PD-level1.pdf, page51 used on input line 72.
(pdftex.def)             Requested size: 598.1359pt x 845.93475pt.
File: sbgn_PD-level1.pdf Graphic file (type pdf)
 <use sbgn_PD-level1.pdf, page 51>
Package pdftex.def Info: sbgn_PD-level1.pdf, page51 used on input line 72.
(pdftex.def)             Requested size: 598.1359pt x 845.93475pt.
File: sbgn_PD-level1.pdf Graphic file (type pdf)

<use sbgn_PD-level1.pdf, page 51>
Package pdftex.def Info: sbgn_PD-level1.pdf, page51 used on input line 72.
(pdftex.def)             Requested size: 598.1359pt x 845.93475pt.
 [52 <./sbgn_PD-level1.pdf>]
<sbgn_PD-level1.pdf, id=685, page=52, 597.50829pt x 845.0471pt>
File: sbgn_PD-level1.pdf Graphic file (type pdf)

<use sbgn_PD-level1.pdf, page 52>
Package pdftex.def Info: sbgn_PD-level1.pdf, page52 used on input line 72.
(pdftex.def)             Requested size: 598.1359pt x 845.93475pt.
File: sbgn_PD-level1.pdf Graphic file (type pdf)
 <use sbgn_PD-level1.pdf, page 52>
Package pdftex.def Info: sbgn_PD-level1.pdf, page52 used on input line 72.
(pdftex.def)             Requested size: 598.1359pt x 845.93475pt.
File: sbgn_PD-level1.pdf Graphic file (type pdf)

<use sbgn_PD-level1.pdf, page 52>
Package pdftex.def Info: sbgn_PD-level1.pdf, page52 used on input line 72.
(pdftex.def)             Requested size: 598.1359pt x 845.93475pt.
 [53 <./sbgn_PD-level1.pdf>]
<sbgn_PD-level1.pdf, id=689, page=53, 597.50829pt x 845.0471pt>
File: sbgn_PD-level1.pdf Graphic file (type pdf)

<use sbgn_PD-level1.pdf, page 53>
Package pdftex.def Info: sbgn_PD-level1.pdf, page53 used on input line 72.
(pdftex.def)             Requested size: 598.1359pt x 845.93475pt.
File: sbgn_PD-level1.pdf Graphic file (type pdf)
 <use sbgn_PD-level1.pdf, page 53>
Package pdftex.def Info: sbgn_PD-level1.pdf, page53 used on input line 72.
(pdftex.def)             Requested size: 598.1359pt x 845.93475pt.
File: sbgn_PD-level1.pdf Graphic file (type pdf)

<use sbgn_PD-level1.pdf, page 53>
Package pdftex.def Info: sbgn_PD-level1.pdf, page53 used on input line 72.
(pdftex.def)             Requested size: 598.1359pt x 845.93475pt.
 [54 <./sbgn_PD-level1.pdf>]
<sbgn_PD-level1.pdf, id=693, page=54, 597.50829pt x 845.0471pt>
File: sbgn_PD-level1.pdf Graphic file (type pdf)

<use sbgn_PD-level1.pdf, page 54>
Package pdftex.def Info: sbgn_PD-level1.pdf, page54 used on input line 72.
(pdftex.def)             Requested size: 598.1359pt x 845.93475pt.
File: sbgn_PD-level1.pdf Graphic file (type pdf)
 <use sbgn_PD-level1.pdf, page 54>
Package pdftex.def Info: sbgn_PD-level1.pdf, page54 used on input line 72.
(pdftex.def)             Requested size: 598.1359pt x 845.93475pt.
File: sbgn_PD-level1.pdf Graphic file (type pdf)

<use sbgn_PD-level1.pdf, page 54>
Package pdftex.def Info: sbgn_PD-level1.pdf, page54 used on input line 72.
(pdftex.def)             Requested size: 598.1359pt x 845.93475pt.
 [55 <./sbgn_PD-level1.pdf>]
<sbgn_PD-level1.pdf, id=703, page=55, 597.50829pt x 845.0471pt>
File: sbgn_PD-level1.pdf Graphic file (type pdf)

<use sbgn_PD-level1.pdf, page 55>
Package pdftex.def Info: sbgn_PD-level1.pdf, page55 used on input line 72.
(pdftex.def)             Requested size: 598.1359pt x 845.93475pt.
File: sbgn_PD-level1.pdf Graphic file (type pdf)
 <use sbgn_PD-level1.pdf, page 55>
Package pdftex.def Info: sbgn_PD-level1.pdf, page55 used on input line 72.
(pdftex.def)             Requested size: 598.1359pt x 845.93475pt.
File: sbgn_PD-level1.pdf Graphic file (type pdf)

<use sbgn_PD-level1.pdf, page 55>
Package pdftex.def Info: sbgn_PD-level1.pdf, page55 used on input line 72.
(pdftex.def)             Requested size: 598.1359pt x 845.93475pt.
 [56 <./sbgn_PD-level1.pdf>]
<sbgn_PD-level1.pdf, id=707, page=56, 597.50829pt x 845.0471pt>
File: sbgn_PD-level1.pdf Graphic file (type pdf)

<use sbgn_PD-level1.pdf, page 56>
Package pdftex.def Info: sbgn_PD-level1.pdf, page56 used on input line 72.
(pdftex.def)             Requested size: 598.1359pt x 845.93475pt.
File: sbgn_PD-level1.pdf Graphic file (type pdf)
 <use sbgn_PD-level1.pdf, page 56>
Package pdftex.def Info: sbgn_PD-level1.pdf, page56 used on input line 72.
(pdftex.def)             Requested size: 598.1359pt x 845.93475pt.
File: sbgn_PD-level1.pdf Graphic file (type pdf)

<use sbgn_PD-level1.pdf, page 56>
Package pdftex.def Info: sbgn_PD-level1.pdf, page56 used on input line 72.
(pdftex.def)             Requested size: 598.1359pt x 845.93475pt.
 [57 <./sbgn_PD-level1.pdf>]
<sbgn_PD-level1.pdf, id=711, page=57, 597.50829pt x 845.0471pt>
File: sbgn_PD-level1.pdf Graphic file (type pdf)

<use sbgn_PD-level1.pdf, page 57>
Package pdftex.def Info: sbgn_PD-level1.pdf, page57 used on input line 72.
(pdftex.def)             Requested size: 598.1359pt x 845.93475pt.
File: sbgn_PD-level1.pdf Graphic file (type pdf)
 <use sbgn_PD-level1.pdf, page 57>
Package pdftex.def Info: sbgn_PD-level1.pdf, page57 used on input line 72.
(pdftex.def)             Requested size: 598.1359pt x 845.93475pt.
File: sbgn_PD-level1.pdf Graphic file (type pdf)

<use sbgn_PD-level1.pdf, page 57>
Package pdftex.def Info: sbgn_PD-level1.pdf, page57 used on input line 72.
(pdftex.def)             Requested size: 598.1359pt x 845.93475pt.
 [58 <./sbgn_PD-level1.pdf>]
<sbgn_PD-level1.pdf, id=725, page=58, 597.50829pt x 845.0471pt>
File: sbgn_PD-level1.pdf Graphic file (type pdf)

<use sbgn_PD-level1.pdf, page 58>
Package pdftex.def Info: sbgn_PD-level1.pdf, page58 used on input line 72.
(pdftex.def)             Requested size: 598.1359pt x 845.93475pt.
File: sbgn_PD-level1.pdf Graphic file (type pdf)
 <use sbgn_PD-level1.pdf, page 58>
Package pdftex.def Info: sbgn_PD-level1.pdf, page58 used on input line 72.
(pdftex.def)             Requested size: 598.1359pt x 845.93475pt.
File: sbgn_PD-level1.pdf Graphic file (type pdf)

<use sbgn_PD-level1.pdf, page 58>
Package pdftex.def Info: sbgn_PD-level1.pdf, page58 used on input line 72.
(pdftex.def)             Requested size: 598.1359pt x 845.93475pt.
 [59 <./sbgn_PD-level1.pdf>]
<sbgn_PD-level1.pdf, id=729, page=59, 597.50829pt x 845.0471pt>
File: sbgn_PD-level1.pdf Graphic file (type pdf)

<use sbgn_PD-level1.pdf, page 59>
Package pdftex.def Info: sbgn_PD-level1.pdf, page59 used on input line 72.
(pdftex.def)             Requested size: 598.1359pt x 845.93475pt.
File: sbgn_PD-level1.pdf Graphic file (type pdf)
 <use sbgn_PD-level1.pdf, page 59>
Package pdftex.def Info: sbgn_PD-level1.pdf, page59 used on input line 72.
(pdftex.def)             Requested size: 598.1359pt x 845.93475pt.
File: sbgn_PD-level1.pdf Graphic file (type pdf)

<use sbgn_PD-level1.pdf, page 59>
Package pdftex.def Info: sbgn_PD-level1.pdf, page59 used on input line 72.
(pdftex.def)             Requested size: 598.1359pt x 845.93475pt.
 [60 <./sbgn_PD-level1.pdf>]
<sbgn_PD-level1.pdf, id=733, page=60, 597.50829pt x 845.0471pt>
File: sbgn_PD-level1.pdf Graphic file (type pdf)

<use sbgn_PD-level1.pdf, page 60>
Package pdftex.def Info: sbgn_PD-level1.pdf, page60 used on input line 72.
(pdftex.def)             Requested size: 598.1359pt x 845.93475pt.
File: sbgn_PD-level1.pdf Graphic file (type pdf)
 <use sbgn_PD-level1.pdf, page 60>
Package pdftex.def Info: sbgn_PD-level1.pdf, page60 used on input line 72.
(pdftex.def)             Requested size: 598.1359pt x 845.93475pt.
File: sbgn_PD-level1.pdf Graphic file (type pdf)

<use sbgn_PD-level1.pdf, page 60>
Package pdftex.def Info: sbgn_PD-level1.pdf, page60 used on input line 72.
(pdftex.def)             Requested size: 598.1359pt x 845.93475pt.
 [61 <./sbgn_PD-level1.pdf>]
<sbgn_PD-level1.pdf, id=738, page=61, 597.50829pt x 845.0471pt>
File: sbgn_PD-level1.pdf Graphic file (type pdf)

<use sbgn_PD-level1.pdf, page 61>
Package pdftex.def Info: sbgn_PD-level1.pdf, page61 used on input line 72.
(pdftex.def)             Requested size: 598.1359pt x 845.93475pt.
File: sbgn_PD-level1.pdf Graphic file (type pdf)
 <use sbgn_PD-level1.pdf, page 61>
Package pdftex.def Info: sbgn_PD-level1.pdf, page61 used on input line 72.
(pdftex.def)             Requested size: 598.1359pt x 845.93475pt.
File: sbgn_PD-level1.pdf Graphic file (type pdf)

<use sbgn_PD-level1.pdf, page 61>
Package pdftex.def Info: sbgn_PD-level1.pdf, page61 used on input line 72.
(pdftex.def)             Requested size: 598.1359pt x 845.93475pt.
 [62 <./sbgn_PD-level1.pdf>]
<sbgn_PD-level1.pdf, id=762, page=62, 597.50829pt x 845.0471pt>
File: sbgn_PD-level1.pdf Graphic file (type pdf)

<use sbgn_PD-level1.pdf, page 62>
Package pdftex.def Info: sbgn_PD-level1.pdf, page62 used on input line 72.
(pdftex.def)             Requested size: 598.1359pt x 845.93475pt.
File: sbgn_PD-level1.pdf Graphic file (type pdf)
 <use sbgn_PD-level1.pdf, page 62>
Package pdftex.def Info: sbgn_PD-level1.pdf, page62 used on input line 72.
(pdftex.def)             Requested size: 598.1359pt x 845.93475pt.
File: sbgn_PD-level1.pdf Graphic file (type pdf)

<use sbgn_PD-level1.pdf, page 62>
Package pdftex.def Info: sbgn_PD-level1.pdf, page62 used on input line 72.
(pdftex.def)             Requested size: 598.1359pt x 845.93475pt.
 [63 <./sbgn_PD-level1.pdf>]
<sbgn_PD-level1.pdf, id=806, page=63, 597.50829pt x 845.0471pt>
File: sbgn_PD-level1.pdf Graphic file (type pdf)

<use sbgn_PD-level1.pdf, page 63>
Package pdftex.def Info: sbgn_PD-level1.pdf, page63 used on input line 72.
(pdftex.def)             Requested size: 598.1359pt x 845.93475pt.
File: sbgn_PD-level1.pdf Graphic file (type pdf)
 <use sbgn_PD-level1.pdf, page 63>
Package pdftex.def Info: sbgn_PD-level1.pdf, page63 used on input line 72.
(pdftex.def)             Requested size: 598.1359pt x 845.93475pt.
File: sbgn_PD-level1.pdf Graphic file (type pdf)

<use sbgn_PD-level1.pdf, page 63>
Package pdftex.def Info: sbgn_PD-level1.pdf, page63 used on input line 72.
(pdftex.def)             Requested size: 598.1359pt x 845.93475pt.
 [64 <./sbgn_PD-level1.pdf>]
<sbgn_PD-level1.pdf, id=813, page=64, 597.50829pt x 845.0471pt>
File: sbgn_PD-level1.pdf Graphic file (type pdf)

<use sbgn_PD-level1.pdf, page 64>
Package pdftex.def Info: sbgn_PD-level1.pdf, page64 used on input line 72.
(pdftex.def)             Requested size: 598.1359pt x 845.93475pt.
File: sbgn_PD-level1.pdf Graphic file (type pdf)
 <use sbgn_PD-level1.pdf, page 64>
Package pdftex.def Info: sbgn_PD-level1.pdf, page64 used on input line 72.
(pdftex.def)             Requested size: 598.1359pt x 845.93475pt.
File: sbgn_PD-level1.pdf Graphic file (type pdf)

<use sbgn_PD-level1.pdf, page 64>
Package pdftex.def Info: sbgn_PD-level1.pdf, page64 used on input line 72.
(pdftex.def)             Requested size: 598.1359pt x 845.93475pt.
 [65 <./sbgn_PD-level1.pdf>]
<sbgn_PD-level1.pdf, id=828, page=65, 597.50829pt x 845.0471pt>
File: sbgn_PD-level1.pdf Graphic file (type pdf)

<use sbgn_PD-level1.pdf, page 65>
Package pdftex.def Info: sbgn_PD-level1.pdf, page65 used on input line 72.
(pdftex.def)             Requested size: 598.1359pt x 845.93475pt.
File: sbgn_PD-level1.pdf Graphic file (type pdf)
 <use sbgn_PD-level1.pdf, page 65>
Package pdftex.def Info: sbgn_PD-level1.pdf, page65 used on input line 72.
(pdftex.def)             Requested size: 598.1359pt x 845.93475pt.
File: sbgn_PD-level1.pdf Graphic file (type pdf)

<use sbgn_PD-level1.pdf, page 65>
Package pdftex.def Info: sbgn_PD-level1.pdf, page65 used on input line 72.
(pdftex.def)             Requested size: 598.1359pt x 845.93475pt.
 [66 <./sbgn_PD-level1.pdf>]
<sbgn_PD-level1.pdf, id=842, page=66, 597.50829pt x 845.0471pt>
File: sbgn_PD-level1.pdf Graphic file (type pdf)

<use sbgn_PD-level1.pdf, page 66>
Package pdftex.def Info: sbgn_PD-level1.pdf, page66 used on input line 72.
(pdftex.def)             Requested size: 598.1359pt x 845.93475pt.
File: sbgn_PD-level1.pdf Graphic file (type pdf)
 <use sbgn_PD-level1.pdf, page 66>
Package pdftex.def Info: sbgn_PD-level1.pdf, page66 used on input line 72.
(pdftex.def)             Requested size: 598.1359pt x 845.93475pt.
File: sbgn_PD-level1.pdf Graphic file (type pdf)

<use sbgn_PD-level1.pdf, page 66>
Package pdftex.def Info: sbgn_PD-level1.pdf, page66 used on input line 72.
(pdftex.def)             Requested size: 598.1359pt x 845.93475pt.
 [67 <./sbgn_PD-level1.pdf>]
<sbgn_PD-level1.pdf, id=850, page=67, 597.50829pt x 845.0471pt>
File: sbgn_PD-level1.pdf Graphic file (type pdf)

<use sbgn_PD-level1.pdf, page 67>
Package pdftex.def Info: sbgn_PD-level1.pdf, page67 used on input line 72.
(pdftex.def)             Requested size: 598.1359pt x 845.93475pt.
File: sbgn_PD-level1.pdf Graphic file (type pdf)
 <use sbgn_PD-level1.pdf, page 67>
Package pdftex.def Info: sbgn_PD-level1.pdf, page67 used on input line 72.
(pdftex.def)             Requested size: 598.1359pt x 845.93475pt.
File: sbgn_PD-level1.pdf Graphic file (type pdf)

<use sbgn_PD-level1.pdf, page 67>
Package pdftex.def Info: sbgn_PD-level1.pdf, page67 used on input line 72.
(pdftex.def)             Requested size: 598.1359pt x 845.93475pt.
 [68 <./sbgn_PD-level1.pdf>]
<sbgn_PD-level1.pdf, id=858, page=68, 597.50829pt x 845.0471pt>
File: sbgn_PD-level1.pdf Graphic file (type pdf)

<use sbgn_PD-level1.pdf, page 68>
Package pdftex.def Info: sbgn_PD-level1.pdf, page68 used on input line 72.
(pdftex.def)             Requested size: 598.1359pt x 845.93475pt.
File: sbgn_PD-level1.pdf Graphic file (type pdf)
 <use sbgn_PD-level1.pdf, page 68>
Package pdftex.def Info: sbgn_PD-level1.pdf, page68 used on input line 72.
(pdftex.def)             Requested size: 598.1359pt x 845.93475pt.
File: sbgn_PD-level1.pdf Graphic file (type pdf)

<use sbgn_PD-level1.pdf, page 68>
Package pdftex.def Info: sbgn_PD-level1.pdf, page68 used on input line 72.
(pdftex.def)             Requested size: 598.1359pt x 845.93475pt.
 [69 <./sbgn_PD-level1.pdf>]
<sbgn_PD-level1.pdf, id=875, page=69, 597.50829pt x 845.0471pt>
File: sbgn_PD-level1.pdf Graphic file (type pdf)

<use sbgn_PD-level1.pdf, page 69>
Package pdftex.def Info: sbgn_PD-level1.pdf, page69 used on input line 72.
(pdftex.def)             Requested size: 598.1359pt x 845.93475pt.
File: sbgn_PD-level1.pdf Graphic file (type pdf)
 <use sbgn_PD-level1.pdf, page 69>
Package pdftex.def Info: sbgn_PD-level1.pdf, page69 used on input line 72.
(pdftex.def)             Requested size: 598.1359pt x 845.93475pt.
File: sbgn_PD-level1.pdf Graphic file (type pdf)

<use sbgn_PD-level1.pdf, page 69>
Package pdftex.def Info: sbgn_PD-level1.pdf, page69 used on input line 72.
(pdftex.def)             Requested size: 598.1359pt x 845.93475pt.
 [70 <./sbgn_PD-level1.pdf>]
<sbgn_PD-level1.pdf, id=879, page=70, 597.50829pt x 845.0471pt>
File: sbgn_PD-level1.pdf Graphic file (type pdf)

<use sbgn_PD-level1.pdf, page 70>
Package pdftex.def Info: sbgn_PD-level1.pdf, page70 used on input line 72.
(pdftex.def)             Requested size: 598.1359pt x 845.93475pt.
File: sbgn_PD-level1.pdf Graphic file (type pdf)
 <use sbgn_PD-level1.pdf, page 70>
Package pdftex.def Info: sbgn_PD-level1.pdf, page70 used on input line 72.
(pdftex.def)             Requested size: 598.1359pt x 845.93475pt.
File: sbgn_PD-level1.pdf Graphic file (type pdf)

<use sbgn_PD-level1.pdf, page 70>
Package pdftex.def Info: sbgn_PD-level1.pdf, page70 used on input line 72.
(pdftex.def)             Requested size: 598.1359pt x 845.93475pt.
 [71 <./sbgn_PD-level1.pdf>]
<sbgn_PD-level1.pdf, id=886, page=71, 597.50829pt x 845.0471pt>
File: sbgn_PD-level1.pdf Graphic file (type pdf)

<use sbgn_PD-level1.pdf, page 71>
Package pdftex.def Info: sbgn_PD-level1.pdf, page71 used on input line 72.
(pdftex.def)             Requested size: 598.1359pt x 845.93475pt.
File: sbgn_PD-level1.pdf Graphic file (type pdf)
 <use sbgn_PD-level1.pdf, page 71>
Package pdftex.def Info: sbgn_PD-level1.pdf, page71 used on input line 72.
(pdftex.def)             Requested size: 598.1359pt x 845.93475pt.
File: sbgn_PD-level1.pdf Graphic file (type pdf)

<use sbgn_PD-level1.pdf, page 71>
Package pdftex.def Info: sbgn_PD-level1.pdf, page71 used on input line 72.
(pdftex.def)             Requested size: 598.1359pt x 845.93475pt.
 [72 <./sbgn_PD-level1.pdf>]
<sbgn_PD-level1.pdf, id=890, page=72, 597.50829pt x 845.0471pt>
File: sbgn_PD-level1.pdf Graphic file (type pdf)

<use sbgn_PD-level1.pdf, page 72>
Package pdftex.def Info: sbgn_PD-level1.pdf, page72 used on input line 72.
(pdftex.def)             Requested size: 598.1359pt x 845.93475pt.
File: sbgn_PD-level1.pdf Graphic file (type pdf)
 <use sbgn_PD-level1.pdf, page 72>
Package pdftex.def Info: sbgn_PD-level1.pdf, page72 used on input line 72.
(pdftex.def)             Requested size: 598.1359pt x 845.93475pt.
File: sbgn_PD-level1.pdf Graphic file (type pdf)

<use sbgn_PD-level1.pdf, page 72>
Package pdftex.def Info: sbgn_PD-level1.pdf, page72 used on input line 72.
(pdftex.def)             Requested size: 598.1359pt x 845.93475pt.
 [73 <./sbgn_PD-level1.pdf>]
<sbgn_PD-level1.pdf, id=895, page=73, 597.50829pt x 845.0471pt>
File: sbgn_PD-level1.pdf Graphic file (type pdf)

<use sbgn_PD-level1.pdf, page 73>
Package pdftex.def Info: sbgn_PD-level1.pdf, page73 used on input line 72.
(pdftex.def)             Requested size: 598.1359pt x 845.93475pt.
File: sbgn_PD-level1.pdf Graphic file (type pdf)
 <use sbgn_PD-level1.pdf, page 73>
Package pdftex.def Info: sbgn_PD-level1.pdf, page73 used on input line 72.
(pdftex.def)             Requested size: 598.1359pt x 845.93475pt.
File: sbgn_PD-level1.pdf Graphic file (type pdf)

<use sbgn_PD-level1.pdf, page 73>
Package pdftex.def Info: sbgn_PD-level1.pdf, page73 used on input line 72.
(pdftex.def)             Requested size: 598.1359pt x 845.93475pt.
 [74 <./sbgn_PD-level1.pdf>]
<sbgn_PD-level1.pdf, id=899, page=74, 597.50829pt x 845.0471pt>
File: sbgn_PD-level1.pdf Graphic file (type pdf)

<use sbgn_PD-level1.pdf, page 74>
Package pdftex.def Info: sbgn_PD-level1.pdf, page74 used on input line 72.
(pdftex.def)             Requested size: 598.1359pt x 845.93475pt.
File: sbgn_PD-level1.pdf Graphic file (type pdf)
 <use sbgn_PD-level1.pdf, page 74>
Package pdftex.def Info: sbgn_PD-level1.pdf, page74 used on input line 72.
(pdftex.def)             Requested size: 598.1359pt x 845.93475pt.
File: sbgn_PD-level1.pdf Graphic file (type pdf)

<use sbgn_PD-level1.pdf, page 74>
Package pdftex.def Info: sbgn_PD-level1.pdf, page74 used on input line 72.
(pdftex.def)             Requested size: 598.1359pt x 845.93475pt.
 [75 <./sbgn_PD-level1.pdf>]
<sbgn_PD-level1.pdf, id=903, page=75, 597.50829pt x 845.0471pt>
File: sbgn_PD-level1.pdf Graphic file (type pdf)

<use sbgn_PD-level1.pdf, page 75>
Package pdftex.def Info: sbgn_PD-level1.pdf, page75 used on input line 72.
(pdftex.def)             Requested size: 598.1359pt x 845.93475pt.
File: sbgn_PD-level1.pdf Graphic file (type pdf)
 <use sbgn_PD-level1.pdf, page 75>
Package pdftex.def Info: sbgn_PD-level1.pdf, page75 used on input line 72.
(pdftex.def)             Requested size: 598.1359pt x 845.93475pt.
File: sbgn_PD-level1.pdf Graphic file (type pdf)

<use sbgn_PD-level1.pdf, page 75>
Package pdftex.def Info: sbgn_PD-level1.pdf, page75 used on input line 72.
(pdftex.def)             Requested size: 598.1359pt x 845.93475pt.
 [76 <./sbgn_PD-level1.pdf>]
Package atveryend Info: Empty hook `BeforeClearDocument' on input line 74.
Package atveryend Info: Empty hook `AfterLastShipout' on input line 74.

(./jib_example.aux)
Package atveryend Info: Executing hook `AtVeryEndDocument' on input line 74.
Package atveryend Info: Executing hook `AtEndAfterFileList' on input line 74.
Package rerunfilecheck Info: File `jib_example.out' has not changed.
(rerunfilecheck)             Checksum: D41D8CD98F00B204E9800998ECF8427E;0.
Package atveryend Info: Empty hook `AtVeryVeryEnd' on input line 74.
 ) 
Here is how much of TeX's memory you used:
 9131 strings out of 493488
 141104 string characters out of 3141326
 216708 words of memory out of 3000000
 12335 multiletter control sequences out of 15000+200000
 24493 words of font info for 48 fonts, out of 3000000 for 9000
 957 hyphenation exceptions out of 8191
 42i,18n,46p,321b,431s stack positions out of 5000i,500n,10000p,200000b,50000s
{/usr/local/texlive/2012/texmf-dist/fonts/enc/dvips/base/8r.enc}</usr/local/t
exlive/2012/texmf-dist/fonts/type1/public/amsfonts/cm/cmbx10.pfb></usr/local/te
xlive/2012/texmf-dist/fonts/type1/public/amsfonts/cm/cmbx12.pfb></usr/local/tex
live/2012/texmf-dist/fonts/type1/public/amsfonts/cm/cmbxti10.pfb></usr/local/te
xlive/2012/texmf-dist/fonts/type1/public/amsfonts/cm/cmmi10.pfb></usr/local/tex
live/2012/texmf-dist/fonts/type1/public/amsfonts/cm/cmr10.pfb></usr/local/texli
ve/2012/texmf-dist/fonts/type1/public/amsfonts/cm/cmr12.pfb></usr/local/texlive
/2012/texmf-dist/fonts/type1/public/amsfonts/cm/cmr8.pfb></usr/local/texlive/20
12/texmf-dist/fonts/type1/public/amsfonts/cm/cmr9.pfb></usr/local/texlive/2012/
texmf-dist/fonts/type1/public/amsfonts/cm/cmsl10.pfb></usr/local/texlive/2012/t
exmf-dist/fonts/type1/public/amsfonts/cm/cmsy10.pfb></usr/local/texlive/2012/te
xmf-dist/fonts/type1/public/amsfonts/cm/cmsy8.pfb></usr/local/texlive/2012/texm
f-dist/fonts/type1/public/amsfonts/cm/cmti10.pfb></usr/local/texlive/2012/texmf
-dist/fonts/type1/public/amsfonts/cm/cmti12.pfb></usr/local/texlive/2012/texmf-
dist/fonts/type1/public/amsfonts/cm/cmti8.pfb></usr/local/texlive/2012/texmf-di
st/fonts/type1/public/amsfonts/cm/cmti9.pfb></usr/local/texlive/2012/texmf-dist
/fonts/type1/public/txfonts/txtt.pfb></usr/local/texlive/2012/texmf-dist/fonts/
type1/public/txfonts/txtt.pfb></usr/local/texlive/2012/texmf-dist/fonts/type1/u
rw/helvetic/uhvb8a.pfb></usr/local/texlive/2012/texmf-dist/fonts/type1/urw/helv
etic/uhvbo8a.pfb></usr/local/texlive/2012/texmf-dist/fonts/type1/urw/helvetic/u
hvr8a.pfb></usr/local/texlive/2012/texmf-dist/fonts/type1/urw/helvetic/uhvro8a.
pfb></usr/local/texlive/2012/texmf-dist/fonts/type1/urw/times/utmb8a.pfb></usr/
local/texlive/2012/texmf-dist/fonts/type1/urw/times/utmr8a.pfb>
Output written on jib_example.pdf (76 pages, 3908014 bytes).
PDF statistics:
 948 PDF objects out of 1000 (max. 8388607)
 625 compressed objects within 7 object streams
 10 named destinations out of 1000 (max. 500000)
 386 words of extra memory for PDF output out of 10000 (max. 10000000)

