This is pdfTeX, Version 3.14159-14h-released-20010417 (Web2C 7.3.3.1) (format=pdflatex 2002.7.15)  20 MAR 2003 18:00
**sbml-level-1.tex
(./sbml-level-1.tex{/usr/share/texmf/pdftex/config/pdftex.cfg}
LaTeX2e <2000/06/01>
Babel <v3.7h> and hyphenation patterns for american, french, german, ngerman, i
talian, nohyphenation, loaded.
(/home/mhucka/projects/sysbio/sbw/project/docs/tex/cekarticle.cls
Document Class: cekarticle 2002/08/22 Caltech ERATO Kitano article class
(/usr/share/texmf/tex/latex/base/article.cls
Document Class: article 2000/05/19 v1.4b Standard LaTeX document class
(/usr/share/texmf/tex/latex/base/size10.clo
File: size10.clo 2000/05/19 v1.4b Standard LaTeX file (size option)
)
\c@part=\count79
\c@section=\count80
\c@subsection=\count81
\c@subsubsection=\count82
\c@paragraph=\count83
\c@subparagraph=\count84
\c@figure=\count85
\c@table=\count86
\abovecaptionskip=\skip41
\belowcaptionskip=\skip42
\bibindent=\dimen102
)
(/home/mhucka/lib/tex/old/alltt.sty)
(/usr/share/texmf/tex/latex/tools/verbatim.sty
Package: verbatim 2000/08/23 v1.5o LaTeX2e package for verbatim enhancements
\every@verbatim=\toks14
\verbatim@line=\toks15
\verbatim@in@stream=\read1
)
(/home/mhucka/lib/tex/latex/booktabs/booktabs.sty
Package: booktabs 1995/11/06 v1.00 publication quality tables
\heavyrulewidth=\dimen103
\lightrulewidth=\dimen104
\cmidrulewidth=\dimen105
\belowrulesep=\dimen106
\aboverulesep=\dimen107
\cmidrulesep=\dimen108
\cmidrulekern=\dimen109
\defaultaddspace=\dimen110
\rulesflag=\count87
\@cmidrulewidth=\dimen111
\@cmidla=\count88
\@cmidlb=\count89
)
(/usr/share/texmf/tex/latex/tools/multicol.sty
Package: multicol 2000/07/10 v1.5z multicolumn formatting (FMi)
\c@tracingmulticols=\count90
\mult@box=\box26
\multicol@leftmargin=\dimen112
\c@unbalance=\count91
\c@collectmore=\count92
\doublecol@number=\count93
\multicoltolerance=\count94
\multicolpretolerance=\count95
\full@width=\dimen113
\page@free=\dimen114
\premulticols=\dimen115
\postmulticols=\dimen116
\multicolsep=\skip43
\multicolbaselineskip=\skip44
\partial@page=\box27
\last@line=\box28
\mult@rightbox=\box29
\mult@grightbox=\box30
\mult@gfirstbox=\box31
\mult@firstbox=\box32
\@tempa=\box33
\@tempa=\box34
\@tempa=\box35
\@tempa=\box36
\@tempa=\box37
\@tempa=\box38
\@tempa=\box39
\@tempa=\box40
\@tempa=\box41
\@tempa=\box42
\@tempa=\box43
\@tempa=\box44
\@tempa=\box45
\@tempa=\box46
\@tempa=\box47
\@tempa=\box48
\@tempa=\box49
\c@columnbadness=\count96
\c@finalcolumnbadness=\count97
\last@try=\dimen117
\multicolovershoot=\dimen118
\multicolundershoot=\dimen119
\mult@nat@firstbox=\box50
\colbreak@box=\box51
)
(/usr/share/texmf/tex/latex/tools/array.sty
Package: array 1998/05/13 v2.3m Tabular extension package (FMi)
\col@sep=\dimen120
\extrarowheight=\dimen121
\NC@list=\toks16
\extratabsurround=\skip45
\backup@length=\skip46
)
(/usr/share/texmf/tex/latex/natbib/natbib.sty
Package: natbib 1999/05/28 7.0 (PWD)
\bibhang=\skip47
\bibsep=\skip48
LaTeX Info: Redefining \cite on input line 508.
\c@NAT@ctr=\count98
)
(/home/mhucka/projects/sysbio/sbw/project/docs/tex/imported/html.sty
Package: html 1999/03/12 v1.37 hypertext commands for latex2html (nd, hws, rrm)

\c@lpart=\count99
\c@lchapter=\count100
\c@chapter=\count101
\c@lsection=\count102
\c@lsubsection=\count103
\c@lsubsubsection=\count104
\c@lparagraph=\count105
\c@lsubparagraph=\count106
\c@lsubsubparagraph=\count107
\ptrfile=\write3
)
(/usr/share/texmf/tex/latex/graphics/graphicx.sty
Package: graphicx 1999/02/16 v1.0f Enhanced LaTeX Graphics (DPC,SPQR)

(/usr/share/texmf/tex/latex/graphics/keyval.sty
Package: keyval 1999/03/16 v1.13 key=value parser (DPC)
\KV@toks@=\toks17
)
(/usr/share/texmf/tex/latex/graphics/graphics.sty
Package: graphics 1999/02/16 v1.0l Standard LaTeX Graphics (DPC,SPQR)

(/usr/share/texmf/tex/latex/graphics/trig.sty
Package: trig 1999/03/16 v1.09 sin cos tan (DPC)
)
(/usr/share/texmf/tex/latex/config/graphics.cfg)
Package graphics Info: Driver file: pdftex.def on input line 80.

(/usr/share/texmf/tex/latex/graphics/pdftex.def
File: pdftex.def 2000/06/16 v0.03a graphics/color for pdftex
\Gread@gobject=\count108
))
\Gin@req@height=\dimen122
\Gin@req@width=\dimen123
)
(/usr/share/texmf/tex/latex/hyperref/hyperref.sty
Package: hyperref 2000/11/05 v6.71a Hypertext links for LaTeX
\@linkdim=\dimen124
\Hy@linkcounter=\count109
\Hy@pagecounter=\count110

(/usr/share/texmf/tex/latex/hyperref/pd1enc.def
File: pd1enc.def 2000/11/05 v6.71a Hyperref: PDFDocEncoding definition (HO)
)
Package hyperref Info: Option `breaklinks' set `true' on input line 1603.
Package hyperref Info: Option `bookmarks' set `true' on input line 1603.
Package hyperref Info: Option `bookmarksopen' set `true' on input line 1603.
Package hyperref Info: Bookmarks ON on input line 1661.
Package hyperref Info: Hyper figures OFF on input line 1680.
Package hyperref Info: Link nesting OFF on input line 1685.
Package hyperref Info: Hyper index ON on input line 1688.
Package hyperref Info: Plain pages ON on input line 1693.
Package hyperref Info: Backreferencing OFF on input line 1700.

Implicit mode ON; LaTeX internals redefined
(/usr/share/texmf/tex/latex/html/url.sty
Package: url 1999/03/02  ver 1.4  Verb mode for urls, email addresses, and file
 names
)
LaTeX Info: Redefining \url on input line 1905.
LaTeX Info: Redefining \hyperref on input line 1916.
\Fld@menulength=\count111
\Field@Width=\dimen125
\Fld@charsize=\dimen126
\Choice@toks=\toks18
\Field@toks=\toks19
Package hyperref Info: Hyper figures OFF on input line 2351.
Package hyperref Info: Link nesting OFF on input line 2356.
Package hyperref Info: Hyper index ON on input line 2359.
Package hyperref Info: backreferencing OFF on input line 2366.
Package hyperref Info: Link coloring OFF on input line 2371.
\c@Item=\count112
\c@Hfootnote=\count113
)
*hyperref using driver hpdftex*
(/usr/share/texmf/tex/latex/hyperref/hpdftex.def
File: hpdftex.def 2000/11/05 v6.71a Hyperref driver for pdfTeX

(/usr/share/texmf/tex/latex/psnfss/pifont.sty
Package: pifont 2000/01/12 PSNFSS-v8.1 Pi font support (SPQR) 
LaTeX Font Info:    Try loading font information for U+pzd on input line 62.

(/usr/share/texmf/tex/latex/psnfss/upzd.fd
File: upzd.fd 2000/01/12 PSNFSS-v8.1 font definitions for U/pzd.
)
LaTeX Font Info:    Try loading font information for U+psy on input line 63.

(/usr/share/texmf/tex/latex/psnfss/upsy.fd
File: upsy.fd 2000/01/12 PSNFSS-v8.1 font definitions for U/psy.
))
\Fld@listcount=\count114
\@outlinefile=\write4
)
\captionmargin=\skip49
\as@captionbox=\box52
\as@captionwidth=\skip50
)
(/usr/share/texmf/tex/latex/amsmath/amsmath.sty
Package: amsmath 2000/07/18 v2.13 AMS math features
\@mathmargin=\skip51

For additional information on amsmath, use the `?' option.
(/usr/share/texmf/tex/latex/amsmath/amstext.sty
Package: amstext 2000/06/29 v2.01

(/usr/share/texmf/tex/latex/amsmath/amsgen.sty
File: amsgen.sty 1999/11/30 v2.0
\@emptytoks=\toks20
\ex@=\dimen127
))
(/usr/share/texmf/tex/latex/amsmath/amsbsy.sty
Package: amsbsy 1999/11/29 v1.2d
\pmbraise@=\dimen128
)
(/usr/share/texmf/tex/latex/amsmath/amsopn.sty
Package: amsopn 1999/12/14 v2.01 operator names
)
\inf@bad=\count115
LaTeX Info: Redefining \frac on input line 211.
\uproot@=\count116
\leftroot@=\count117
LaTeX Info: Redefining \overline on input line 307.
\classnum@=\count118
\DOTSCASE@=\count119
LaTeX Info: Redefining \ldots on input line 379.
LaTeX Info: Redefining \dots on input line 382.
LaTeX Info: Redefining \cdots on input line 467.
\Mathstrutbox@=\box53
\strutbox@=\box54
\big@size=\dimen129
LaTeX Font Info:    Redeclaring font encoding OML on input line 567.
LaTeX Font Info:    Redeclaring font encoding OMS on input line 568.
\macc@depth=\count120
\c@MaxMatrixCols=\count121
\dotsspace@=\muskip10
\c@parentequation=\count122
\dspbrk@lvl=\count123
\tag@help=\toks21
\row@=\count124
\column@=\count125
\maxfields@=\count126
\andhelp@=\toks22
\eqnshift@=\dimen130
\alignsep@=\dimen131
\tagshift@=\dimen132
\tagwidth@=\dimen133
\totwidth@=\dimen134
\lineht@=\dimen135
\@envbody=\toks23
\multlinegap=\skip52
\multlinetaggap=\skip53
\mathdisplay@stack=\toks24
LaTeX Info: Redefining \[ on input line 2666.
LaTeX Info: Redefining \] on input line 2667.
)
(/usr/share/texmf/tex/latex/amsfonts/amssymb.sty
Package: amssymb 1996/11/03 v2.2b

(/usr/share/texmf/tex/latex/amsfonts/amsfonts.sty
Package: amsfonts 1997/09/17 v2.2e
\symAMSa=\mathgroup4
\symAMSb=\mathgroup5
LaTeX Font Info:    Overwriting math alphabet `\mathfrak' in version `bold'
(Font)                  U/euf/m/n --> U/euf/b/n on input line 133.
))
(/home/mhucka/lib/tex/old/wrapfig.sty
\WF@wrappedlines=\count127
)
(/home/mhucka/projects/sysbio/sbw/project/docs/tex/imported/varioref.sty
Package: varioref 1999/02/24 v1.2a package for extended references (FMi)
\c@vrcnt=\count128
)
(/usr/share/texmf/tex/latex/graphics/color.sty
Package: color 1999/02/16 v1.0i Standard LaTeX Color (DPC)

(/usr/share/texmf/tex/latex/config/color.cfg)
Package color Info: Driver file: pdftex.def on input line 125.
)
(/usr/share/texmf/tex/latex/carlisle/colortbl.sty
Package: colortbl 1999/03/24 v0.1i Color table columns (DPC)
\everycr=\toks25
\minrowclearance=\skip54
) (./sbml-level-1.aux)
\openout1 = `sbml-level-1.aux'.

LaTeX Font Info:    Checking defaults for OML/cmm/m/it on input line 46.
LaTeX Font Info:    ... okay on input line 46.
LaTeX Font Info:    Checking defaults for T1/cmr/m/n on input line 46.
LaTeX Font Info:    ... okay on input line 46.
LaTeX Font Info:    Checking defaults for OT1/cmr/m/n on input line 46.
LaTeX Font Info:    ... okay on input line 46.
LaTeX Font Info:    Checking defaults for OMS/cmsy/m/n on input line 46.
LaTeX Font Info:    ... okay on input line 46.
LaTeX Font Info:    Checking defaults for OMX/cmex/m/n on input line 46.
LaTeX Font Info:    ... okay on input line 46.
LaTeX Font Info:    Checking defaults for U/cmr/m/n on input line 46.
LaTeX Font Info:    ... okay on input line 46.
LaTeX Font Info:    Checking defaults for PD1/pdf/m/n on input line 46.
LaTeX Font Info:    ... okay on input line 46.

(/usr/share/texmf/tex/context/base/supp-pdf.tex
(/home/mhucka/projects/sysbio/sbw/project/docs/tex/imported/ppchtex/context/bas
e/supp-mis.tex
loading : Context Support Macros / Missing
\protectiondepth=\count129
\scratchcounter=\count130
\scratchtoks=\toks26
\scratchdimen=\dimen136
\scratchskip=\skip55
\scratchmuskip=\muskip11
\scratchbox=\box55
\scratchread=\read2
\scratchwrite=\write5
\nextbox=\box56
\nextdepth=\dimen137
\everyline=\toks27
\!!counta=\count131
\!!countb=\count132
\recursecounter=\count133
)
loading : Context Support Macros / PDF
\nofMPsegments=\count134
\nofMParguments=\count135
\everyMPtoPDFconversion=\toks28
)
Package hyperref Info: Link coloring OFF on input line 46.
 (/usr/share/texmf/tex/latex/hyperref/nameref.sty
Package: nameref 2000/05/08 v2.18 Cross-referencing by name of section
\c@section@level=\count136
) (./sbml-level-1.out)
(./sbml-level-1.out)
\openout4 = `sbml-level-1.out'.

LaTeX Info: Redefining \ref on input line 46.
LaTeX Info: Redefining \pageref on input line 46.
LaTeX Font Info:    Try loading font information for U+msa on input line 75.
 (/usr/share/texmf/tex/latex/amsfonts/umsa.fd
File: umsa.fd 1995/01/05 v2.2e AMS font definitions
)
LaTeX Font Info:    Try loading font information for U+msb on input line 75.

(/usr/share/texmf/tex/latex/amsfonts/umsb.fd
File: umsb.fd 1995/01/05 v2.2e AMS font definitions
)
LaTeX Font Info:    Try loading font information for OMS+cmtt on input line 75.

LaTeX Font Info:    No file OMScmtt.fd. on input line 75.


LaTeX Font Warning: Font shape `OMS/cmtt/m/n' undefined
(Font)              using `OMS/cmsy/m/n' instead
(Font)              for symbol `textbraceleft' on input line 75.


Package hyperref Warning: Token not allowed in a PDFDocEncoded string,
(hyperref)                removing `\hbox' on input line 75.


Package hyperref Warning: Token not allowed in a PDFDocEncoded string,
(hyperref)                removing `\\' on input line 75.

(./sbml-level-1.toc)
\tf@toc=\write6
\openout6 = `sbml-level-1.toc'.

 [1

{/usr/share/texmf/dvips/config/pdftex.map}]

LaTeX Font Warning: Font shape `OT1/cmss/bx/sl' undefined
(Font)              using `OT1/cmss/bx/n' instead on input line 114.


Package hyperref Warning: Token not allowed in a PDFDocEncoded string,
(hyperref)                removing `\@ifnextchar' on input line 114.

LaTeX Font Info:    Try loading font information for OMS+cmr on input line 126.

(/usr/share/texmf/tex/latex/base/omscmr.fd
File: omscmr.fd 1999/05/25 v2.5h Standard LaTeX font definitions
)
LaTeX Font Info:    Font shape `OMS/cmr/m/n' in size <10> not available
(Font)              Font shape `OMS/cmsy/m/n' tried instead on input line 126.
 [2]
<example-network.pdf 178.6675pt, 52.195pt, image 288>
File: example-network.pdf Graphic file (type pdf)

<use example-network.pdf> [3 <./example-network.pdf>]

LaTeX Font Warning: Font shape `OT1/cmtt/bx/sl' undefined
(Font)              using `OT1/cmtt/bx/n' instead on input line 330.

LaTeX Font Info:    Font shape `OT1/cmtt/bx/n' in size <12> not available
(Font)              Font shape `OT1/cmtt/m/n' tried instead on input line 330.
<top-level.pdf 546.04pt, 254.9525pt, image 325>
File: top-level.pdf Graphic file (type pdf)
 <use top-level.pdf>
<identified.pdf 213.79875pt, 56.21pt, image 326>
File: identified.pdf Graphic file (type pdf)
 <use identified.pdf>

LaTeX Font Warning: Font shape `OMS/cmtt/m/sl' undefined
(Font)              using `OMS/cmtt/m/n' instead
(Font)              for symbol `textbraceleft' on input line 371.

[4]
LaTeX Font Info:    Font shape `OT1/cmtt/bx/sl' in size <12> not available
(Font)              Font shape `OT1/cmtt/m/n' tried instead on input line 390.


Package hyperref Warning: Token not allowed in a PDFDocEncoded string,
(hyperref)                removing `\@ifnextchar' on input line 390.

[5 <./top-level.pdf> <./identified.pdf>] [6] [7] [8]
<model.pdf 201.75375pt, 131.49126pt, image 441>
File: model.pdf Graphic file (type pdf)
 <use model.pdf> [9 <./model.pdf>] <unitdefinition.pdf 440.64626pt, 74.2775pt, 
image 455>
File: unitdefinition.pdf Graphic file (type pdf)

<use unitdefinition.pdf> [10 <./unitdefinition.pdf>]
<compartment.pdf 259.97125pt, 88.33pt, image 478>
File: compartment.pdf Graphic file (type pdf)
 <use compartment.pdf>
[11 <./compartment.pdf>] <species.pdf 371.3875pt, 117.43875pt, image 500>
File: species.pdf Graphic file (type pdf)

<use species.pdf> [12 <./species.pdf>] <parameter.pdf 195.73125pt, 72.27pt,
image 516>
File: parameter.pdf Graphic file (type pdf)
 <use parameter.pdf> [13 <./parameter.pdf>]
<rule.pdf 578.16pt, 206.7725pt, image 535>
File: rule.pdf Graphic file (type pdf)
 <use rule.pdf> [14]
LaTeX Font Info:    Font shape `OT1/cmtt/bx/sl' in size <10> not available
(Font)              Font shape `OT1/cmtt/m/n' tried instead on input line 1285.

 [15 <./rule.pdf>] <reaction.pdf 572.1375pt, 224.84pt, image 561>
File: reaction.pdf Graphic file (type pdf)
 <use reaction.pdf> [16]
[17 <./reaction.pdf>] [18] [19] [20] [21] [22] [23] [24] [25] [26] [27]
[28] [29] [30]
Overfull \hbox (0.99153pt too wide) in paragraph at lines 2461--2461
[]|/cmbx10/Name| 
 []


Overfull \hbox (4.14868pt too wide) in paragraph at lines 2461--2461
[]|/cmbx10/Args.| 
 []


Overfull \hbox (4.47061pt too wide) in paragraph at lines 2598--2709
[][] 
 []


Overfull \hbox (5.1929pt too wide) in paragraph at lines 2716--2818
[][] 
 []

[31] [32] [33
! pdfTeX warning (ext4): destination with the same identifier (name{table.0.7})
 has been already used, duplicate ignored
<to be read again> 
                   \endgroup 
l.2881 \clearpage
                 ] [34
! pdfTeX warning (ext4): destination with the same identifier (name{table.0.7})
 has been already used, duplicate ignored
<to be read again> 
                   \endgroup 
l.2881 \clearpage
                 ] [35] (./sbml-level-1.bbl [36

]) [37] (./sbml-level-1.aux)

LaTeX Font Warning: Some font shapes were not available, defaults substituted.

 ) 
Here is how much of TeX's memory you used:
 4622 strings out of 50460
 58621 string characters out of 690585
 163038 words of memory out of 1500001
 7371 multiletter control sequences out of 10000+25000
 19042 words of font info for 71 fonts, out of 400000 for 1000
 14 hyphenation exceptions out of 10000
 34i,31n,40p,1111b,495s stack positions out of 3000i,500n,3000p,50000b,5000s
</usr/share/texmf/fonts/type1/bluesky/cm/cmmi6.pfb></usr/share/texmf/fonts/ty
pe1/bluesky/cm/cmmi5.pfb></usr/share/texmf/fonts/type1/bluesky/cm/cmex10.pfb></
usr/share/texmf/fonts/type1/bluesky/cm/cmmi7.pfb></usr/share/texmf/fonts/type1/
bluesky/cm/cmr5.pfb></usr/share/texmf/fonts/type1/bluesky/cm/cmti9.pfb></usr/sh
are/texmf/fonts/type1/bluesky/cm/cmbx9.pfb></usr/share/texmf/fonts/type1/bluesk
y/cm/cmsy7.pfb></usr/share/texmf/fonts/type1/bluesky/cm/cmmi9.pfb></usr/share/t
exmf/fonts/type1/bluesky/cm/cmbxsl10.pfb></usr/share/texmf/fonts/type1/bluesky/
cm/cmmi10.pfb></usr/share/texmf/fonts/type1/bluesky/cm/cmsy9.pfb></usr/share/te
xmf/fonts/type1/bluesky/cm/cmsltt10.pfb></usr/share/texmf/fonts/type1/bluesky/c
m/cmssi9.pfb></usr/share/texmf/fonts/type1/bluesky/cm/cmtt12.pfb></usr/share/te
xmf/fonts/type1/bluesky/cm/cmr7.pfb></usr/share/texmf/fonts/type1/bluesky/cm/cm
sl10.pfb></usr/share/texmf/fonts/type1/bluesky/cm/cmti10.pfb></usr/share/texmf/
fonts/type1/bluesky/cm/cmbx10.pfb></usr/share/texmf/fonts/type1/bluesky/cm/cmtt
9.pfb></usr/share/texmf/fonts/type1/bluesky/cm/cmr9.pfb></usr/share/texmf/fonts
/type1/bluesky/cm/cmss9.pfb></usr/share/texmf/fonts/type1/bluesky/cm/cmr10.pfb>
</usr/share/texmf/fonts/type1/bluesky/cm/cmtt10.pfb></usr/share/texmf/fonts/typ
e1/bluesky/cm/cmsy10.pfb></usr/share/texmf/fonts/type1/bluesky/cm/cmr12.pfb></u
sr/share/texmf/fonts/type1/bluesky/cm/cmssbx10.pfb>
Output written on sbml-level-1.pdf (37 pages, 1888471 bytes).
