\BOOKMARK [1][]{section.0.1}{Introduction}{}
\BOOKMARK [2][-]{subsection.0.1.1}{BrickRedSummary of Changes in Version 2 of SBML Level 1}{section.0.1}
\BOOKMARK [2][-]{subsection.0.1.2}{Scope and Limitations}{section.0.1}
\BOOKMARK [2][-]{subsection.0.1.3}{Notational Conventions}{section.0.1}
\BOOKMARK [1][]{section.0.2}{Overview of SBML}{}
\BOOKMARK [1][]{section.0.3}{Preliminary Definitions}{}
\BOOKMARK [2][-]{subsection.0.3.1}{Type SBase}{section.0.3}
\BOOKMARK [2][-]{subsection.0.3.2}{Guidelines for the Use of the BrickRedannotation Field in SBase}{section.0.3}
\BOOKMARK [2][-]{subsection.0.3.3}{Type SName}{section.0.3}
\BOOKMARK [2][-]{subsection.0.3.4}{Component Names and Namespaces in SBML}{section.0.3}
\BOOKMARK [2][-]{subsection.0.3.5}{Formulas}{section.0.3}
\BOOKMARK [1][]{section.0.4}{SBML Components}{}
\BOOKMARK [2][-]{subsection.0.4.1}{Models}{section.0.4}
\BOOKMARK [2][-]{subsection.0.4.2}{Unit Definitions}{section.0.4}
\BOOKMARK [2][-]{subsection.0.4.3}{Compartments}{section.0.4}
\BOOKMARK [2][-]{subsection.0.4.4}{Species}{section.0.4}
\BOOKMARK [2][-]{subsection.0.4.5}{Parameters}{section.0.4}
\BOOKMARK [2][-]{subsection.0.4.6}{Rules}{section.0.4}
\BOOKMARK [2][-]{subsection.0.4.7}{Reactions}{section.0.4}
\BOOKMARK [1][]{section.0.5}{Examples of Full Models Encoded in XML Using SBML}{}
\BOOKMARK [2][-]{subsection.0.5.1}{A Simple Example Application of SBML}{section.0.5}
\BOOKMARK [2][-]{subsection.0.5.2}{Simple Use of Units Feature in a Model}{section.0.5}
\BOOKMARK [2][-]{subsection.0.5.3}{A Simple Example Application Using Rules}{section.0.5}
\BOOKMARK [1][]{section.0.6}{Discussion}{}
\BOOKMARK [2][-]{subsection.0.6.1}{Future Enhancements to SBML: Level 2 and Beyond}{section.0.6}
\BOOKMARK [2][-]{subsection.0.6.2}{Relationships to Other Efforts}{section.0.6}
\BOOKMARK [2][-]{subsection.0.6.3}{Availability}{section.0.6}
\BOOKMARK [1][]{section*.2}{Acknowledgments}{}
\BOOKMARK [1][]{section*.3}{Appendix}{}
\BOOKMARK [1][]{section.A}{Summary of Notation}{}
\BOOKMARK [1][]{section.B}{XML Schema for SBML}{}
\BOOKMARK [1][]{section.C}{Predefined Functions in SBML}{}
\BOOKMARK [1][]{table.0.8}{References}{}
